-- Found ament_cmake: 1.3.5 (/opt/ros/humble/share/ament_cmake/cmake)
-- Found cv_bridge: 3.2.1 (/opt/ros/humble/share/cv_bridge/cmake)
-- Found rosidl_generator_c: 3.1.5 (/opt/ros/humble/share/rosidl_generator_c/cmake)
-- Found rosidl_adapter: 3.1.5 (/opt/ros/humble/share/rosidl_adapter/cmake)
-- Found rosidl_generator_cpp: 3.1.5 (/opt/ros/humble/share/rosidl_generator_cpp/cmake)
-- Using all available rosidl_typesupport_c: rosidl_typesupport_fastrtps_c;rosidl_typesupport_introspection_c
-- Using all available rosidl_typesupport_cpp: rosidl_typesupport_fastrtps_cpp;rosidl_typesupport_introspection_cpp
-- Found image_transport: 3.1.9 (/opt/ros/humble/share/image_transport/cmake)
-- Found rmw_implementation_cmake: 6.1.1 (/opt/ros/humble/share/rmw_implementation_cmake/cmake)
-- Found rmw_fastrtps_cpp: 6.2.4 (/opt/ros/humble/share/rmw_fastrtps_cpp/cmake)
-- Using RMW implementation 'rmw_fastrtps_cpp' as default
-- Found control_msgs: 4.5.0 (/opt/ros/humble/share/control_msgs/cmake)
-- Found qcar2_interfaces: 0.0.0 (/workspaces/isaac_ros-dev/install/qcar2_interfaces/share/qcar2_interfaces/cmake)
-- Found tf2_ros: 0.25.4 (/opt/ros/humble/share/tf2_ros/cmake)
-- Found ament_lint_auto: 0.12.8 (/opt/ros/humble/share/ament_lint_auto/cmake)
-- Added test 'cppcheck' to perform static code analysis on C / C++ code
-- Configured cppcheck include dirs: 
-- Configured cppcheck exclude dirs and/or files: 
-- Added test 'flake8' to check Python code syntax and style conventions
-- Added test 'lint_cmake' to check CMake code style
-- Added test 'pep257' to check Python code against some of the docstring style conventions in PEP 257
-- Added test 'uncrustify' to check C / C++ code style
-- Configured uncrustify additional arguments: 
-- Added test 'xmllint' to check XML markup files
-- Configuring done
-- Generating done
-- Build files have been written to: /workspaces/isaac_ros-dev/build/qcar2_nodes_copy
[ 12%] [32mBuilding CXX object CMakeFiles/rgbd.dir/src/rgbd.cpp.o[0m
[ 12%] [32mBuilding CXX object CMakeFiles/command.dir/src/command.cpp.o[0m
[ 18%] [32mBuilding CXX object CMakeFiles/qcar2_hardware.dir/src/qcar2_hardware.cpp.o[0m
[ 31%] [32mBuilding CXX object CMakeFiles/lidar.dir/src/lidar.cpp.o[0m
[ 31%] [32mBuilding CXX object CMakeFiles/fixed_lidar_frame.dir/src/fixed_lidar_frame.cpp.o[0m
[ 37%] [32mBuilding CXX object CMakeFiles/csi.dir/src/csi.cpp.o[0m
[ 43%] [32mBuilding CXX object CMakeFiles/nav2_qcar2_converter.dir/src/nav2_qcar_command_convert.cpp.o[0m
[ 50%] [32mBuilding CXX object CMakeFiles/fixed_lidar_frame_virtual.dir/src/fixed_lidar_frame_virtual.cpp.o[0m
[ 56%] [32m[1mLinking CXX executable csi[0m
[ 56%] Built target csi
[ 62%] [32m[1mLinking CXX executable fixed_lidar_frame_virtual[0m
[ 68%] [32m[1mLinking CXX executable lidar[0m
[ 68%] Built target fixed_lidar_frame_virtual
[ 68%] Built target lidar
[ 75%] [32m[1mLinking CXX executable rgbd[0m
[ 81%] [32m[1mLinking CXX executable fixed_lidar_frame[0m
[ 87%] [32m[1mLinking CXX executable command[0m
[ 87%] Built target command
[ 87%] Built target fixed_lidar_frame
[ 87%] Built target rgbd
[ 93%] [32m[1mLinking CXX executable nav2_qcar2_converter[0m
[ 93%] Built target nav2_qcar2_converter
[100%] [32m[1mLinking CXX executable qcar2_hardware[0m
[100%] Built target qcar2_hardware
-- Install configuration: ""
-- Installing: /workspaces/isaac_ros-dev/install/qcar2_nodes_copy/lib/qcar2_nodes_copy/qcar2_hardware
-- Set runtime path of "/workspaces/isaac_ros-dev/install/qcar2_nodes_copy/lib/qcar2_nodes_copy/qcar2_hardware" to ""
-- Installing: /workspaces/isaac_ros-dev/install/qcar2_nodes_copy/lib/qcar2_nodes_copy/rgbd
-- Set runtime path of "/workspaces/isaac_ros-dev/install/qcar2_nodes_copy/lib/qcar2_nodes_copy/rgbd" to ""
-- Installing: /workspaces/isaac_ros-dev/install/qcar2_nodes_copy/lib/qcar2_nodes_copy/lidar
-- Set runtime path of "/workspaces/isaac_ros-dev/install/qcar2_nodes_copy/lib/qcar2_nodes_copy/lidar" to ""
-- Installing: /workspaces/isaac_ros-dev/install/qcar2_nodes_copy/lib/qcar2_nodes_copy/csi
-- Set runtime path of "/workspaces/isaac_ros-dev/install/qcar2_nodes_copy/lib/qcar2_nodes_copy/csi" to ""
-- Installing: /workspaces/isaac_ros-dev/install/qcar2_nodes_copy/lib/qcar2_nodes_copy/command
-- Set runtime path of "/workspaces/isaac_ros-dev/install/qcar2_nodes_copy/lib/qcar2_nodes_copy/command" to ""
-- Installing: /workspaces/isaac_ros-dev/install/qcar2_nodes_copy/lib/qcar2_nodes_copy/nav2_qcar2_converter
-- Set runtime path of "/workspaces/isaac_ros-dev/install/qcar2_nodes_copy/lib/qcar2_nodes_copy/nav2_qcar2_converter" to ""
-- Installing: /workspaces/isaac_ros-dev/install/qcar2_nodes_copy/lib/qcar2_nodes_copy/fixed_lidar_frame
-- Set runtime path of "/workspaces/isaac_ros-dev/install/qcar2_nodes_copy/lib/qcar2_nodes_copy/fixed_lidar_frame" to ""
-- Installing: /workspaces/isaac_ros-dev/install/qcar2_nodes_copy/lib/qcar2_nodes_copy/fixed_lidar_frame_virtual
-- Set runtime path of "/workspaces/isaac_ros-dev/install/qcar2_nodes_copy/lib/qcar2_nodes_copy/fixed_lidar_frame_virtual" to ""
-- Installing: /workspaces/isaac_ros-dev/install/qcar2_nodes_copy/share/qcar2_nodes_copy//launch
-- Installing: /workspaces/isaac_ros-dev/install/qcar2_nodes_copy/share/qcar2_nodes_copy//launch/qcar2_manual_drive_launch.py
-- Installing: /workspaces/isaac_ros-dev/install/qcar2_nodes_copy/share/qcar2_nodes_copy//launch/qcar2_manual_cartographer_launch.py
-- Installing: /workspaces/isaac_ros-dev/install/qcar2_nodes_copy/share/qcar2_nodes_copy//launch/qcar2_cartographer_virtual_launch.py
-- Installing: /workspaces/isaac_ros-dev/install/qcar2_nodes_copy/share/qcar2_nodes_copy//launch/qcar2_slam_and_nav_bringup_virtual_launch.py
-- Installing: /workspaces/isaac_ros-dev/install/qcar2_nodes_copy/share/qcar2_nodes_copy//launch/qcar2_launch.py
-- Installing: /workspaces/isaac_ros-dev/install/qcar2_nodes_copy/share/qcar2_nodes_copy//launch/qcar2_virtual_launch.py
-- Installing: /workspaces/isaac_ros-dev/install/qcar2_nodes_copy/share/qcar2_nodes_copy//launch/qcar2_slam_and_nav_bringup_launch.py
-- Installing: /workspaces/isaac_ros-dev/install/qcar2_nodes_copy/share/qcar2_nodes_copy//launch/qcar2_cartographer_launch.py
-- Installing: /workspaces/isaac_ros-dev/install/qcar2_nodes_copy/share/qcar2_nodes_copy//rt_models
-- Installing: /workspaces/isaac_ros-dev/install/qcar2_nodes_copy/share/qcar2_nodes_copy//rt_models/dummy_model
-- Installing: /workspaces/isaac_ros-dev/install/qcar2_nodes_copy/share/qcar2_nodes_copy//config
-- Installing: /workspaces/isaac_ros-dev/install/qcar2_nodes_copy/share/qcar2_nodes_copy//config/qcar2_slam_and_nav.yaml
-- Installing: /workspaces/isaac_ros-dev/install/qcar2_nodes_copy/share/qcar2_nodes_copy//config/qcar2_2d.lua
-- Installing: /workspaces/isaac_ros-dev/install/qcar2_nodes_copy/share/qcar2_nodes_copy//config/qcar2_slam_and_nav_virtual.yaml
-- Installing: /workspaces/isaac_ros-dev/install/qcar2_nodes_copy/share/ament_index/resource_index/package_run_dependencies/qcar2_nodes_copy
-- Installing: /workspaces/isaac_ros-dev/install/qcar2_nodes_copy/share/ament_index/resource_index/parent_prefix_path/qcar2_nodes_copy
-- Installing: /workspaces/isaac_ros-dev/install/qcar2_nodes_copy/share/qcar2_nodes_copy/environment/ament_prefix_path.sh
-- Installing: /workspaces/isaac_ros-dev/install/qcar2_nodes_copy/share/qcar2_nodes_copy/environment/ament_prefix_path.dsv
-- Installing: /workspaces/isaac_ros-dev/install/qcar2_nodes_copy/share/qcar2_nodes_copy/environment/path.sh
-- Installing: /workspaces/isaac_ros-dev/install/qcar2_nodes_copy/share/qcar2_nodes_copy/environment/path.dsv
-- Installing: /workspaces/isaac_ros-dev/install/qcar2_nodes_copy/share/qcar2_nodes_copy/local_setup.bash
-- Installing: /workspaces/isaac_ros-dev/install/qcar2_nodes_copy/share/qcar2_nodes_copy/local_setup.sh
-- Installing: /workspaces/isaac_ros-dev/install/qcar2_nodes_copy/share/qcar2_nodes_copy/local_setup.zsh
-- Installing: /workspaces/isaac_ros-dev/install/qcar2_nodes_copy/share/qcar2_nodes_copy/local_setup.dsv
-- Installing: /workspaces/isaac_ros-dev/install/qcar2_nodes_copy/share/qcar2_nodes_copy/package.dsv
-- Installing: /workspaces/isaac_ros-dev/install/qcar2_nodes_copy/share/ament_index/resource_index/packages/qcar2_nodes_copy
-- Installing: /workspaces/isaac_ros-dev/install/qcar2_nodes_copy/share/qcar2_nodes_copy/cmake/qcar2_nodes_copyConfig.cmake
-- Installing: /workspaces/isaac_ros-dev/install/qcar2_nodes_copy/share/qcar2_nodes_copy/cmake/qcar2_nodes_copyConfig-version.cmake
-- Installing: /workspaces/isaac_ros-dev/install/qcar2_nodes_copy/share/qcar2_nodes_copy/package.xml
