[0.269s] Invoking command in '/workspaces/isaac_ros-dev/build/qcar2_nodes_copy': CMAKE_PREFIX_PATH=/workspaces/isaac_ros-dev/install/qcar2_interfaces:/workspaces/isaac_ros-dev/install/qcar2_nodes:/workspaces/isaac_ros-dev/install/ros2test:/opt/ros/humble PYTHONPATH=/workspaces/isaac_ros-dev/install/qcar2_interfaces/lib/python3.8/site-packages:/workspaces/isaac_ros-dev/install/ros2test/lib/python3.8/site-packages:/opt/ros/humble/lib/python3.8/site-packages:/home/Quanser/libraries/python _=/usr/bin/env /usr/bin/cmake /workspaces/isaac_ros-dev/ros2/src/qcar2_nodes_copy -DCMAKE_INSTALL_PREFIX=/workspaces/isaac_ros-dev/install/qcar2_nodes_copy
[0.291s] -- Found ament_cmake: 1.3.5 (/opt/ros/humble/share/ament_cmake/cmake)
[0.612s] -- Found cv_bridge: 3.2.1 (/opt/ros/humble/share/cv_bridge/cmake)
[0.709s] -- Found rosidl_generator_c: 3.1.5 (/opt/ros/humble/share/rosidl_generator_c/cmake)
[0.715s] -- Found rosidl_adapter: 3.1.5 (/opt/ros/humble/share/rosidl_adapter/cmake)
[0.732s] -- Found rosidl_generator_cpp: 3.1.5 (/opt/ros/humble/share/rosidl_generator_cpp/cmake)
[0.762s] -- Using all available rosidl_typesupport_c: rosidl_typesupport_fastrtps_c;rosidl_typesupport_introspection_c
[0.803s] -- Using all available rosidl_typesupport_cpp: rosidl_typesupport_fastrtps_cpp;rosidl_typesupport_introspection_cpp
[1.369s] -- Found image_transport: 3.1.9 (/opt/ros/humble/share/image_transport/cmake)
[1.494s] -- Found rmw_implementation_cmake: 6.1.1 (/opt/ros/humble/share/rmw_implementation_cmake/cmake)
[1.498s] -- Found rmw_fastrtps_cpp: 6.2.4 (/opt/ros/humble/share/rmw_fastrtps_cpp/cmake)
[1.948s] -- Using RMW implementation 'rmw_fastrtps_cpp' as default
[2.627s] -- Found control_msgs: 4.5.0 (/opt/ros/humble/share/control_msgs/cmake)
[3.850s] -- Found qcar2_interfaces: 0.0.0 (/workspaces/isaac_ros-dev/install/qcar2_interfaces/share/qcar2_interfaces/cmake)
[3.898s] -- Found tf2_ros: 0.25.4 (/opt/ros/humble/share/tf2_ros/cmake)
[4.821s] -- Found ament_lint_auto: 0.12.8 (/opt/ros/humble/share/ament_lint_auto/cmake)
[5.086s] -- Added test 'cppcheck' to perform static code analysis on C / C++ code
[5.087s] -- Configured cppcheck include dirs: 
[5.087s] -- Configured cppcheck exclude dirs and/or files: 
[5.088s] -- Added test 'flake8' to check Python code syntax and style conventions
[5.090s] -- Added test 'lint_cmake' to check CMake code style
[5.091s] -- Added test 'pep257' to check Python code against some of the docstring style conventions in PEP 257
[5.094s] -- Added test 'uncrustify' to check C / C++ code style
[5.094s] -- Configured uncrustify additional arguments: 
[5.099s] -- Added test 'xmllint' to check XML markup files
[5.102s] -- Configuring done
[5.203s] -- Generating done
[5.208s] -- Build files have been written to: /workspaces/isaac_ros-dev/build/qcar2_nodes_copy
[5.225s] Invoked command in '/workspaces/isaac_ros-dev/build/qcar2_nodes_copy' returned '0': CMAKE_PREFIX_PATH=/workspaces/isaac_ros-dev/install/qcar2_interfaces:/workspaces/isaac_ros-dev/install/qcar2_nodes:/workspaces/isaac_ros-dev/install/ros2test:/opt/ros/humble PYTHONPATH=/workspaces/isaac_ros-dev/install/qcar2_interfaces/lib/python3.8/site-packages:/workspaces/isaac_ros-dev/install/ros2test/lib/python3.8/site-packages:/opt/ros/humble/lib/python3.8/site-packages:/home/Quanser/libraries/python _=/usr/bin/env /usr/bin/cmake /workspaces/isaac_ros-dev/ros2/src/qcar2_nodes_copy -DCMAKE_INSTALL_PREFIX=/workspaces/isaac_ros-dev/install/qcar2_nodes_copy
[5.235s] Invoking command in '/workspaces/isaac_ros-dev/build/qcar2_nodes_copy': CMAKE_PREFIX_PATH=/workspaces/isaac_ros-dev/install/qcar2_interfaces:/workspaces/isaac_ros-dev/install/qcar2_nodes:/workspaces/isaac_ros-dev/install/ros2test:/opt/ros/humble PYTHONPATH=/workspaces/isaac_ros-dev/install/qcar2_interfaces/lib/python3.8/site-packages:/workspaces/isaac_ros-dev/install/ros2test/lib/python3.8/site-packages:/opt/ros/humble/lib/python3.8/site-packages:/home/Quanser/libraries/python _=/usr/bin/env /usr/bin/cmake --build /workspaces/isaac_ros-dev/build/qcar2_nodes_copy -- -j32 -l32
[5.365s] [ 12%] [32mBuilding CXX object CMakeFiles/rgbd.dir/src/rgbd.cpp.o[0m
[5.365s] [ 12%] [32mBuilding CXX object CMakeFiles/command.dir/src/command.cpp.o[0m
[5.369s] [ 18%] [32mBuilding CXX object CMakeFiles/qcar2_hardware.dir/src/qcar2_hardware.cpp.o[0m
[5.369s] [ 31%] [32mBuilding CXX object CMakeFiles/lidar.dir/src/lidar.cpp.o[0m
[5.369s] [ 31%] [32mBuilding CXX object CMakeFiles/fixed_lidar_frame.dir/src/fixed_lidar_frame.cpp.o[0m
[5.370s] [ 37%] [32mBuilding CXX object CMakeFiles/csi.dir/src/csi.cpp.o[0m
[5.375s] [ 43%] [32mBuilding CXX object CMakeFiles/nav2_qcar2_converter.dir/src/nav2_qcar_command_convert.cpp.o[0m
[5.378s] [ 50%] [32mBuilding CXX object CMakeFiles/fixed_lidar_frame_virtual.dir/src/fixed_lidar_frame_virtual.cpp.o[0m
[14.801s] [ 56%] [32m[1mLinking CXX executable csi[0m
[16.108s] [ 56%] Built target csi
[16.263s] [ 62%] [32m[1mLinking CXX executable fixed_lidar_frame_virtual[0m
[16.351s] [ 68%] [32m[1mLinking CXX executable lidar[0m
[16.816s] [ 68%] Built target fixed_lidar_frame_virtual
[16.967s] [ 68%] Built target lidar
[17.757s] [ 75%] [32m[1mLinking CXX executable rgbd[0m
[18.240s] [ 81%] [32m[1mLinking CXX executable fixed_lidar_frame[0m
[18.250s] [ 87%] [32m[1mLinking CXX executable command[0m
[18.793s] [ 87%] Built target command
[18.836s] [ 87%] Built target fixed_lidar_frame
[19.158s] [ 87%] Built target rgbd
[27.858s] [ 93%] [32m[1mLinking CXX executable nav2_qcar2_converter[0m
[28.753s] [ 93%] Built target nav2_qcar2_converter
[37.727s] [100%] [32m[1mLinking CXX executable qcar2_hardware[0m
[39.104s] [100%] Built target qcar2_hardware
[39.120s] Invoked command in '/workspaces/isaac_ros-dev/build/qcar2_nodes_copy' returned '0': CMAKE_PREFIX_PATH=/workspaces/isaac_ros-dev/install/qcar2_interfaces:/workspaces/isaac_ros-dev/install/qcar2_nodes:/workspaces/isaac_ros-dev/install/ros2test:/opt/ros/humble PYTHONPATH=/workspaces/isaac_ros-dev/install/qcar2_interfaces/lib/python3.8/site-packages:/workspaces/isaac_ros-dev/install/ros2test/lib/python3.8/site-packages:/opt/ros/humble/lib/python3.8/site-packages:/home/Quanser/libraries/python _=/usr/bin/env /usr/bin/cmake --build /workspaces/isaac_ros-dev/build/qcar2_nodes_copy -- -j32 -l32
[40.124s] Invoking command in '/workspaces/isaac_ros-dev/build/qcar2_nodes_copy': CMAKE_PREFIX_PATH=/workspaces/isaac_ros-dev/install/qcar2_interfaces:/workspaces/isaac_ros-dev/install/qcar2_nodes:/workspaces/isaac_ros-dev/install/ros2test:/opt/ros/humble PYTHONPATH=/workspaces/isaac_ros-dev/install/qcar2_interfaces/lib/python3.8/site-packages:/workspaces/isaac_ros-dev/install/ros2test/lib/python3.8/site-packages:/opt/ros/humble/lib/python3.8/site-packages:/home/Quanser/libraries/python _=/usr/bin/env /usr/bin/cmake --install /workspaces/isaac_ros-dev/build/qcar2_nodes_copy
[40.134s] -- Install configuration: ""
[40.134s] -- Installing: /workspaces/isaac_ros-dev/install/qcar2_nodes_copy/lib/qcar2_nodes_copy/qcar2_hardware
[40.143s] -- Set runtime path of "/workspaces/isaac_ros-dev/install/qcar2_nodes_copy/lib/qcar2_nodes_copy/qcar2_hardware" to ""
[40.143s] -- Installing: /workspaces/isaac_ros-dev/install/qcar2_nodes_copy/lib/qcar2_nodes_copy/rgbd
[40.144s] -- Set runtime path of "/workspaces/isaac_ros-dev/install/qcar2_nodes_copy/lib/qcar2_nodes_copy/rgbd" to ""
[40.144s] -- Installing: /workspaces/isaac_ros-dev/install/qcar2_nodes_copy/lib/qcar2_nodes_copy/lidar
[40.146s] -- Set runtime path of "/workspaces/isaac_ros-dev/install/qcar2_nodes_copy/lib/qcar2_nodes_copy/lidar" to ""
[40.146s] -- Installing: /workspaces/isaac_ros-dev/install/qcar2_nodes_copy/lib/qcar2_nodes_copy/csi
[40.146s] -- Set runtime path of "/workspaces/isaac_ros-dev/install/qcar2_nodes_copy/lib/qcar2_nodes_copy/csi" to ""
[40.146s] -- Installing: /workspaces/isaac_ros-dev/install/qcar2_nodes_copy/lib/qcar2_nodes_copy/command
[40.148s] -- Set runtime path of "/workspaces/isaac_ros-dev/install/qcar2_nodes_copy/lib/qcar2_nodes_copy/command" to ""
[40.148s] -- Installing: /workspaces/isaac_ros-dev/install/qcar2_nodes_copy/lib/qcar2_nodes_copy/nav2_qcar2_converter
[40.154s] -- Set runtime path of "/workspaces/isaac_ros-dev/install/qcar2_nodes_copy/lib/qcar2_nodes_copy/nav2_qcar2_converter" to ""
[40.154s] -- Installing: /workspaces/isaac_ros-dev/install/qcar2_nodes_copy/lib/qcar2_nodes_copy/fixed_lidar_frame
[40.155s] -- Set runtime path of "/workspaces/isaac_ros-dev/install/qcar2_nodes_copy/lib/qcar2_nodes_copy/fixed_lidar_frame" to ""
[40.156s] -- Installing: /workspaces/isaac_ros-dev/install/qcar2_nodes_copy/lib/qcar2_nodes_copy/fixed_lidar_frame_virtual
[40.158s] -- Set runtime path of "/workspaces/isaac_ros-dev/install/qcar2_nodes_copy/lib/qcar2_nodes_copy/fixed_lidar_frame_virtual" to ""
[40.158s] -- Installing: /workspaces/isaac_ros-dev/install/qcar2_nodes_copy/share/qcar2_nodes_copy//launch
[40.158s] -- Installing: /workspaces/isaac_ros-dev/install/qcar2_nodes_copy/share/qcar2_nodes_copy//launch/qcar2_manual_drive_launch.py
[40.158s] -- Installing: /workspaces/isaac_ros-dev/install/qcar2_nodes_copy/share/qcar2_nodes_copy//launch/qcar2_manual_cartographer_launch.py
[40.158s] -- Installing: /workspaces/isaac_ros-dev/install/qcar2_nodes_copy/share/qcar2_nodes_copy//launch/qcar2_cartographer_virtual_launch.py
[40.158s] -- Installing: /workspaces/isaac_ros-dev/install/qcar2_nodes_copy/share/qcar2_nodes_copy//launch/qcar2_slam_and_nav_bringup_virtual_launch.py
[40.159s] -- Installing: /workspaces/isaac_ros-dev/install/qcar2_nodes_copy/share/qcar2_nodes_copy//launch/qcar2_launch.py
[40.159s] -- Installing: /workspaces/isaac_ros-dev/install/qcar2_nodes_copy/share/qcar2_nodes_copy//launch/qcar2_virtual_launch.py
[40.159s] -- Installing: /workspaces/isaac_ros-dev/install/qcar2_nodes_copy/share/qcar2_nodes_copy//launch/qcar2_slam_and_nav_bringup_launch.py
[40.159s] -- Installing: /workspaces/isaac_ros-dev/install/qcar2_nodes_copy/share/qcar2_nodes_copy//launch/qcar2_cartographer_launch.py
[40.159s] -- Installing: /workspaces/isaac_ros-dev/install/qcar2_nodes_copy/share/qcar2_nodes_copy//rt_models
[40.159s] -- Installing: /workspaces/isaac_ros-dev/install/qcar2_nodes_copy/share/qcar2_nodes_copy//rt_models/dummy_model
[40.159s] -- Installing: /workspaces/isaac_ros-dev/install/qcar2_nodes_copy/share/qcar2_nodes_copy//config
[40.164s] -- Installing: /workspaces/isaac_ros-dev/install/qcar2_nodes_copy/share/qcar2_nodes_copy//config/qcar2_slam_and_nav.yaml
[40.165s] -- Installing: /workspaces/isaac_ros-dev/install/qcar2_nodes_copy/share/qcar2_nodes_copy//config/qcar2_2d.lua
[40.165s] -- Installing: /workspaces/isaac_ros-dev/install/qcar2_nodes_copy/share/qcar2_nodes_copy//config/qcar2_slam_and_nav_virtual.yaml
[40.165s] -- Installing: /workspaces/isaac_ros-dev/install/qcar2_nodes_copy/share/ament_index/resource_index/package_run_dependencies/qcar2_nodes_copy
[40.166s] -- Installing: /workspaces/isaac_ros-dev/install/qcar2_nodes_copy/share/ament_index/resource_index/parent_prefix_path/qcar2_nodes_copy
[40.166s] -- Installing: /workspaces/isaac_ros-dev/install/qcar2_nodes_copy/share/qcar2_nodes_copy/environment/ament_prefix_path.sh
[40.166s] -- Installing: /workspaces/isaac_ros-dev/install/qcar2_nodes_copy/share/qcar2_nodes_copy/environment/ament_prefix_path.dsv
[40.167s] -- Installing: /workspaces/isaac_ros-dev/install/qcar2_nodes_copy/share/qcar2_nodes_copy/environment/path.sh
[40.167s] -- Installing: /workspaces/isaac_ros-dev/install/qcar2_nodes_copy/share/qcar2_nodes_copy/environment/path.dsv
[40.167s] -- Installing: /workspaces/isaac_ros-dev/install/qcar2_nodes_copy/share/qcar2_nodes_copy/local_setup.bash
[40.167s] -- Installing: /workspaces/isaac_ros-dev/install/qcar2_nodes_copy/share/qcar2_nodes_copy/local_setup.sh
[40.167s] -- Installing: /workspaces/isaac_ros-dev/install/qcar2_nodes_copy/share/qcar2_nodes_copy/local_setup.zsh
[40.167s] -- Installing: /workspaces/isaac_ros-dev/install/qcar2_nodes_copy/share/qcar2_nodes_copy/local_setup.dsv
[40.167s] -- Installing: /workspaces/isaac_ros-dev/install/qcar2_nodes_copy/share/qcar2_nodes_copy/package.dsv
[40.168s] -- Installing: /workspaces/isaac_ros-dev/install/qcar2_nodes_copy/share/ament_index/resource_index/packages/qcar2_nodes_copy
[40.168s] -- Installing: /workspaces/isaac_ros-dev/install/qcar2_nodes_copy/share/qcar2_nodes_copy/cmake/qcar2_nodes_copyConfig.cmake
[40.169s] -- Installing: /workspaces/isaac_ros-dev/install/qcar2_nodes_copy/share/qcar2_nodes_copy/cmake/qcar2_nodes_copyConfig-version.cmake
[40.169s] -- Installing: /workspaces/isaac_ros-dev/install/qcar2_nodes_copy/share/qcar2_nodes_copy/package.xml
[40.171s] Invoked command in '/workspaces/isaac_ros-dev/build/qcar2_nodes_copy' returned '0': CMAKE_PREFIX_PATH=/workspaces/isaac_ros-dev/install/qcar2_interfaces:/workspaces/isaac_ros-dev/install/qcar2_nodes:/workspaces/isaac_ros-dev/install/ros2test:/opt/ros/humble PYTHONPATH=/workspaces/isaac_ros-dev/install/qcar2_interfaces/lib/python3.8/site-packages:/workspaces/isaac_ros-dev/install/ros2test/lib/python3.8/site-packages:/opt/ros/humble/lib/python3.8/site-packages:/home/Quanser/libraries/python _=/usr/bin/env /usr/bin/cmake --install /workspaces/isaac_ros-dev/build/qcar2_nodes_copy
