[35m[1mConsolidate compiler generated dependencies of target command[0m
[35m[1mConsolidate compiler generated dependencies of target rgbd[0m
[35m[1mConsolidate compiler generated dependencies of target fixed_lidar_frame[0m
[35m[1mConsolidate compiler generated dependencies of target csi[0m
[35m[1mConsolidate compiler generated dependencies of target fixed_lidar_frame_virtual[0m
[35m[1mConsolidate compiler generated dependencies of target qcar2_hardware[0m
[35m[1mConsolidate compiler generated dependencies of target lidar[0m
[35m[1mConsolidate compiler generated dependencies of target nav2_qcar2_converter[0m
[  6%] [32mBuilding CXX object CMakeFiles/lidar.dir/src/lidar.cpp.o[0m
[ 12%] [32mBuilding CXX object CMakeFiles/csi.dir/src/csi.cpp.o[0m
[ 25%] Built target command
[ 31%] [32mBuilding CXX object CMakeFiles/rgbd.dir/src/rgbd.cpp.o[0m
[ 43%] Built target fixed_lidar_frame
[ 56%] Built target fixed_lidar_frame_virtual
[ 62%] [32mBuilding CXX object CMakeFiles/qcar2_hardware.dir/src/qcar2_hardware.cpp.o[0m
[ 75%] Built target nav2_qcar2_converter
[ 81%] [32m[1mLinking CXX executable csi[0m
[ 87%] [32m[1mLinking CXX executable rgbd[0m
[ 87%] Built target csi
[ 93%] [32m[1mLinking CXX executable lidar[0m
[ 93%] Built target lidar
[ 93%] Built target rgbd
[100%] [32m[1mLinking CXX executable qcar2_hardware[0m
[100%] Built target qcar2_hardware
-- Install configuration: ""
-- Installing: /workspaces/isaac_ros-dev/install/qcar2_nodes_copy/lib/qcar2_nodes_copy/qcar2_hardware
-- Set runtime path of "/workspaces/isaac_ros-dev/install/qcar2_nodes_copy/lib/qcar2_nodes_copy/qcar2_hardware" to ""
-- Installing: /workspaces/isaac_ros-dev/install/qcar2_nodes_copy/lib/qcar2_nodes_copy/rgbd
-- Set runtime path of "/workspaces/isaac_ros-dev/install/qcar2_nodes_copy/lib/qcar2_nodes_copy/rgbd" to ""
-- Installing: /workspaces/isaac_ros-dev/install/qcar2_nodes_copy/lib/qcar2_nodes_copy/lidar
-- Set runtime path of "/workspaces/isaac_ros-dev/install/qcar2_nodes_copy/lib/qcar2_nodes_copy/lidar" to ""
-- Installing: /workspaces/isaac_ros-dev/install/qcar2_nodes_copy/lib/qcar2_nodes_copy/csi
-- Set runtime path of "/workspaces/isaac_ros-dev/install/qcar2_nodes_copy/lib/qcar2_nodes_copy/csi" to ""
-- Up-to-date: /workspaces/isaac_ros-dev/install/qcar2_nodes_copy/lib/qcar2_nodes_copy/command
-- Up-to-date: /workspaces/isaac_ros-dev/install/qcar2_nodes_copy/lib/qcar2_nodes_copy/nav2_qcar2_converter
-- Up-to-date: /workspaces/isaac_ros-dev/install/qcar2_nodes_copy/lib/qcar2_nodes_copy/fixed_lidar_frame
-- Up-to-date: /workspaces/isaac_ros-dev/install/qcar2_nodes_copy/lib/qcar2_nodes_copy/fixed_lidar_frame_virtual
-- Up-to-date: /workspaces/isaac_ros-dev/install/qcar2_nodes_copy/share/qcar2_nodes_copy//launch
-- Up-to-date: /workspaces/isaac_ros-dev/install/qcar2_nodes_copy/share/qcar2_nodes_copy//launch/qcar2_manual_drive_launch.py
-- Up-to-date: /workspaces/isaac_ros-dev/install/qcar2_nodes_copy/share/qcar2_nodes_copy//launch/qcar2_manual_cartographer_launch.py
-- Up-to-date: /workspaces/isaac_ros-dev/install/qcar2_nodes_copy/share/qcar2_nodes_copy//launch/qcar2_cartographer_virtual_launch.py
-- Up-to-date: /workspaces/isaac_ros-dev/install/qcar2_nodes_copy/share/qcar2_nodes_copy//launch/qcar2_slam_and_nav_bringup_virtual_launch.py
-- Up-to-date: /workspaces/isaac_ros-dev/install/qcar2_nodes_copy/share/qcar2_nodes_copy//launch/qcar2_launch.py
-- Up-to-date: /workspaces/isaac_ros-dev/install/qcar2_nodes_copy/share/qcar2_nodes_copy//launch/qcar2_virtual_launch.py
-- Up-to-date: /workspaces/isaac_ros-dev/install/qcar2_nodes_copy/share/qcar2_nodes_copy//launch/qcar2_slam_and_nav_bringup_launch.py
-- Up-to-date: /workspaces/isaac_ros-dev/install/qcar2_nodes_copy/share/qcar2_nodes_copy//launch/qcar2_cartographer_launch.py
-- Up-to-date: /workspaces/isaac_ros-dev/install/qcar2_nodes_copy/share/qcar2_nodes_copy//rt_models
-- Up-to-date: /workspaces/isaac_ros-dev/install/qcar2_nodes_copy/share/qcar2_nodes_copy//rt_models/dummy_model
-- Up-to-date: /workspaces/isaac_ros-dev/install/qcar2_nodes_copy/share/qcar2_nodes_copy//config
-- Up-to-date: /workspaces/isaac_ros-dev/install/qcar2_nodes_copy/share/qcar2_nodes_copy//config/qcar2_slam_and_nav.yaml
-- Up-to-date: /workspaces/isaac_ros-dev/install/qcar2_nodes_copy/share/qcar2_nodes_copy//config/qcar2_2d.lua
-- Up-to-date: /workspaces/isaac_ros-dev/install/qcar2_nodes_copy/share/qcar2_nodes_copy//config/qcar2_slam_and_nav_virtual.yaml
-- Up-to-date: /workspaces/isaac_ros-dev/install/qcar2_nodes_copy/share/ament_index/resource_index/package_run_dependencies/qcar2_nodes_copy
-- Up-to-date: /workspaces/isaac_ros-dev/install/qcar2_nodes_copy/share/ament_index/resource_index/parent_prefix_path/qcar2_nodes_copy
-- Up-to-date: /workspaces/isaac_ros-dev/install/qcar2_nodes_copy/share/qcar2_nodes_copy/environment/ament_prefix_path.sh
-- Up-to-date: /workspaces/isaac_ros-dev/install/qcar2_nodes_copy/share/qcar2_nodes_copy/environment/ament_prefix_path.dsv
-- Up-to-date: /workspaces/isaac_ros-dev/install/qcar2_nodes_copy/share/qcar2_nodes_copy/environment/path.sh
-- Up-to-date: /workspaces/isaac_ros-dev/install/qcar2_nodes_copy/share/qcar2_nodes_copy/environment/path.dsv
-- Up-to-date: /workspaces/isaac_ros-dev/install/qcar2_nodes_copy/share/qcar2_nodes_copy/local_setup.bash
-- Up-to-date: /workspaces/isaac_ros-dev/install/qcar2_nodes_copy/share/qcar2_nodes_copy/local_setup.sh
-- Up-to-date: /workspaces/isaac_ros-dev/install/qcar2_nodes_copy/share/qcar2_nodes_copy/local_setup.zsh
-- Up-to-date: /workspaces/isaac_ros-dev/install/qcar2_nodes_copy/share/qcar2_nodes_copy/local_setup.dsv
-- Installing: /workspaces/isaac_ros-dev/install/qcar2_nodes_copy/share/qcar2_nodes_copy/package.dsv
-- Up-to-date: /workspaces/isaac_ros-dev/install/qcar2_nodes_copy/share/ament_index/resource_index/packages/qcar2_nodes_copy
-- Up-to-date: /workspaces/isaac_ros-dev/install/qcar2_nodes_copy/share/qcar2_nodes_copy/cmake/qcar2_nodes_copyConfig.cmake
-- Up-to-date: /workspaces/isaac_ros-dev/install/qcar2_nodes_copy/share/qcar2_nodes_copy/cmake/qcar2_nodes_copyConfig-version.cmake
-- Up-to-date: /workspaces/isaac_ros-dev/install/qcar2_nodes_copy/share/qcar2_nodes_copy/package.xml
