[0.000000] (-) TimerEvent: {}
[0.000437] (qcar2_interfaces) JobQueued: {'identifier': 'qcar2_interfaces', 'dependencies': OrderedDict()}
[0.000642] (qcar2_nodes) JobQueued: {'identifier': 'qcar2_nodes', 'dependencies': OrderedDict([('qcar2_interfaces', '/workspaces/isaac_ros-dev/install/qcar2_interfaces')])}
[0.001040] (qcar2_nodes_copy) JobQueued: {'identifier': 'qcar2_nodes_copy', 'dependencies': OrderedDict([('qcar2_interfaces', '/workspaces/isaac_ros-dev/install/qcar2_interfaces')])}
[0.001090] (ros2test) JobQueued: {'identifier': 'ros2test', 'dependencies': OrderedDict([('qcar2_interfaces', '/workspaces/isaac_ros-dev/install/qcar2_interfaces')])}
[0.001683] (qcar2_interfaces) JobStarted: {'identifier': 'qcar2_interfaces'}
[0.099512] (-) TimerEvent: {}
[0.126120] (qcar2_interfaces) JobProgress: {'identifier': 'qcar2_interfaces', 'progress': 'cmake'}
[0.127491] (qcar2_interfaces) Command: {'cmd': ['/usr/bin/cmake', '/workspaces/isaac_ros-dev/ros2/src/qcar2_interfaces', '-DCMAKE_INSTALL_PREFIX=/workspaces/isaac_ros-dev/install/qcar2_interfaces'], 'cwd': '/workspaces/isaac_ros-dev/build/qcar2_interfaces', 'env': OrderedDict([('NPP_VERSION', '11.8.0.86'), ('SHELL', '/bin/bash'), ('ROS_VERSION', '2'), ('NVIDIA_VISIBLE_DEVICES', 'all'), ('DALI_BUILD', '5838886'), ('CUSOLVER_VERSION', '11.4.1.48'), ('USER_UID', '1000'), ('CUBLAS_VERSION', '11.11.3.6'), ('ROS_PYTHON_VERSION', '3'), ('HOSTNAME', 'viet-Precision-7680'), ('FASTRTPS_DEFAULT_PROFILES_FILE', '/usr/local/share/middleware_profiles/rtps_udp_profile.xml'), ('DCGM_VERSION', '2.2.9'), ('NVIDIA_REQUIRE_CUDA', 'cuda>=9.0'), ('CUFFT_VERSION', '10.9.0.58'), ('CUDA_CACHE_DISABLE', '1'), ('NCCL_VERSION', '2.15.1'), ('CUSPARSE_VERSION', '11.7.5.86'), ('ENV', '/etc/shinit_v2'), ('PWD', '/workspaces/isaac_ros-dev/build/qcar2_interfaces'), ('OPENUCX_VERSION', '1.14.0'), ('NSIGHT_SYSTEMS_VERSION', '2022.3.1.43'), ('NVIDIA_DRIVER_CAPABILITIES', 'all'), ('POLYGRAPHY_VERSION', '0.38.0'), ('TF_ENABLE_WINOGRAD_NONFUSED', '1'), ('TRT_VERSION', '8.5.0.12'), ('USER_GID', '1000'), ('NVIDIA_PRODUCT_NAME', 'Triton Server'), ('RDMACORE_VERSION', '36.0'), ('HOME', '/home/admin'), ('USERNAME', 'admin'), ('LANG', 'en_US.UTF-8'), ('CUDA_VERSION', '11.8.0.062'), ('CURAND_VERSION', '10.3.0.86'), ('AMENT_PREFIX_PATH', '/workspaces/isaac_ros-dev/install/ros2test:/workspaces/isaac_ros-dev/install/qcar2_nodes:/workspaces/isaac_ros-dev/install/qcar2_interfaces:/opt/ros/humble'), ('CMAKE_PREFIX_PATH', '/workspaces/isaac_ros-dev/install/qcar2_nodes:/workspaces/isaac_ros-dev/install/qcar2_interfaces:/workspaces/isaac_ros-dev/install/ros2test:/opt/ros/humble'), ('COLCON_PREFIX_PATH', '/workspaces/isaac_ros-dev/install'), ('CUTENSOR_VERSION', '1.6.1.5'), ('TRITON_SERVER_GPU_ENABLED', '1'), ('HPCX_VERSION', '2.12.1a0'), ('PYTHONPATH', '/workspaces/isaac_ros-dev/install/ros2test/lib/python3.8/site-packages:/workspaces/isaac_ros-dev/install/qcar2_interfaces/lib/python3.8/site-packages:/opt/ros/humble/lib/python3.8/site-packages:/home/Quanser/libraries/python'), ('COLCON', '1'), ('TERM', 'xterm'), ('TRITON_SERVER_VERSION', '2.26.0'), ('GDRCOPY_VERSION', '2.3'), ('USER', 'viet'), ('OPENMPI_VERSION', '4.1.4'), ('NVJPEG_VERSION', '11.9.0.86'), ('LIBRARY_PATH', '/usr/local/cuda/lib64/stubs:'), ('DISPLAY', ':1'), ('SHLVL', '1'), ('BASH_ENV', '/etc/bash.bashrc'), ('TF_AUTOTUNE_THRESHOLD', '2'), ('CUDNN_VERSION', '8.6.0.163'), ('NSIGHT_COMPUTE_VERSION', '2022.3.0.22'), ('DALI_VERSION', '1.17.0'), ('NVIDIA_TRITON_SERVER_VERSION', '22.09'), ('LD_LIBRARY_PATH', '/workspaces/isaac_ros-dev/install/qcar2_interfaces/lib:/opt/ros/humble/opt/rviz_ogre_vendor/lib:/opt/ros/humble/lib/x86_64-linux-gnu:/opt/ros/humble/lib:/opt/tritonserver/backends/onnxruntime:/usr/local/cuda/compat/lib:/usr/local/nvidia/lib:/usr/local/nvidia/lib64:/opt/tritonserver/lib'), ('NVIDIA_BUILD_ID', '44909143'), ('ROS_LOCALHOST_ONLY', '0'), ('OMPI_MCA_coll_hcoll_enable', '0'), ('OPAL_PREFIX', '/opt/hpcx/ompi'), ('CUDA_DRIVER_VERSION', '520.61.03'), ('_CUDA_COMPAT_PATH', '/usr/local/cuda/compat'), ('PATH', '/opt/ros/humble/bin:/opt/tritonserver/bin:/usr/local/mpi/bin:/usr/local/nvidia/bin:/usr/local/cuda/bin:/usr/local/sbin:/usr/local/bin:/usr/sbin:/usr/bin:/sbin:/bin:/usr/local/ucx/bin:/opt/nvidia/tao'), ('TRITON_SERVER_USER', 'triton-server'), ('PYTHONWARNINGS', 'ignore:::setuptools.command.install,ignore:::setuptools.command.easy_install,ignore:::pkg_resources'), ('MOFED_VERSION', '5.4-rdmacore36.0'), ('TRTOSS_VERSION', ''), ('DEBIAN_FRONTEND', 'noninteractive'), ('ROS_ROOT', '/opt/ros/humble'), ('ROS_DISTRO', 'humble'), ('TF_ADJUST_HUE_FUSED', '1'), ('TF_ADJUST_SATURATION_FUSED', '1'), ('SHARP_COLL_ENABLE_CUDA', '0'), ('RMW_IMPLEMENTATION', 'rmw_fastrtps_cpp'), ('_', '/usr/bin/env')]), 'shell': False}
[0.199773] (-) TimerEvent: {}
[0.300569] (-) TimerEvent: {}
[0.312630] (qcar2_interfaces) StdoutLine: {'line': b'-- The C compiler identification is GNU 9.4.0\n'}
[0.400708] (-) TimerEvent: {}
[0.455911] (qcar2_interfaces) StdoutLine: {'line': b'-- The CXX compiler identification is GNU 9.4.0\n'}
[0.473152] (qcar2_interfaces) StdoutLine: {'line': b'-- Detecting C compiler ABI info\n'}
[0.500847] (-) TimerEvent: {}
[0.601293] (-) TimerEvent: {}
[0.647171] (qcar2_interfaces) StdoutLine: {'line': b'-- Detecting C compiler ABI info - done\n'}
[0.662684] (qcar2_interfaces) StdoutLine: {'line': b'-- Check for working C compiler: /usr/bin/cc - skipped\n'}
[0.663258] (qcar2_interfaces) StdoutLine: {'line': b'-- Detecting C compile features\n'}
[0.664054] (qcar2_interfaces) StdoutLine: {'line': b'-- Detecting C compile features - done\n'}
[0.671797] (qcar2_interfaces) StdoutLine: {'line': b'-- Detecting CXX compiler ABI info\n'}
[0.701431] (-) TimerEvent: {}
[0.802186] (-) TimerEvent: {}
[0.872708] (qcar2_interfaces) StdoutLine: {'line': b'-- Detecting CXX compiler ABI info - done\n'}
[0.891903] (qcar2_interfaces) StdoutLine: {'line': b'-- Check for working CXX compiler: /usr/bin/c++ - skipped\n'}
[0.892948] (qcar2_interfaces) StdoutLine: {'line': b'-- Detecting CXX compile features\n'}
[0.894044] (qcar2_interfaces) StdoutLine: {'line': b'-- Detecting CXX compile features - done\n'}
[0.901950] (qcar2_interfaces) StdoutLine: {'line': b'-- Found ament_cmake: 1.3.5 (/opt/ros/humble/share/ament_cmake/cmake)\n'}
[0.902331] (-) TimerEvent: {}
[1.007101] (-) TimerEvent: {}
[1.107535] (-) TimerEvent: {}
[1.207942] (-) TimerEvent: {}
[1.308514] (-) TimerEvent: {}
[1.409048] (-) TimerEvent: {}
[1.509462] (-) TimerEvent: {}
[1.609919] (-) TimerEvent: {}
[1.710393] (-) TimerEvent: {}
[1.810983] (-) TimerEvent: {}
[1.911578] (-) TimerEvent: {}
[2.012188] (-) TimerEvent: {}
[2.112663] (-) TimerEvent: {}
[2.213146] (-) TimerEvent: {}
[2.313563] (-) TimerEvent: {}
[2.414045] (-) TimerEvent: {}
[2.514511] (-) TimerEvent: {}
[2.558728] (qcar2_interfaces) StdoutLine: {'line': b'-- Found Python3: /usr/bin/python3.8 (found version "3.8.10") found components: Interpreter \n'}
[2.614770] (-) TimerEvent: {}
[2.715178] (-) TimerEvent: {}
[2.756673] (qcar2_interfaces) StdoutLine: {'line': b'-- Found rosidl_default_generators: 1.2.0 (/opt/ros/humble/share/rosidl_default_generators/cmake)\n'}
[2.766391] (qcar2_interfaces) StdoutLine: {'line': b'-- Using all available rosidl_typesupport_c: rosidl_typesupport_fastrtps_c;rosidl_typesupport_introspection_c\n'}
[2.785133] (qcar2_interfaces) StdoutLine: {'line': b'-- Found rosidl_adapter: 3.1.5 (/opt/ros/humble/share/rosidl_adapter/cmake)\n'}
[2.815517] (-) TimerEvent: {}
[2.905662] (qcar2_interfaces) StdoutLine: {'line': b'-- Using all available rosidl_typesupport_cpp: rosidl_typesupport_fastrtps_cpp;rosidl_typesupport_introspection_cpp\n'}
[2.915641] (-) TimerEvent: {}
[3.016241] (-) TimerEvent: {}
[3.116716] (-) TimerEvent: {}
[3.217525] (-) TimerEvent: {}
[3.317986] (-) TimerEvent: {}
[3.418524] (-) TimerEvent: {}
[3.436362] (qcar2_interfaces) StdoutLine: {'line': b'-- Found ament_cmake_ros: 0.10.0 (/opt/ros/humble/share/ament_cmake_ros/cmake)\n'}
[3.518661] (-) TimerEvent: {}
[3.619171] (-) TimerEvent: {}
[3.702107] (qcar2_interfaces) StdoutLine: {'line': b'-- Using all available rosidl_typesupport_c: rosidl_typesupport_fastrtps_c;rosidl_typesupport_introspection_c\n'}
[3.719352] (-) TimerEvent: {}
[3.819785] (-) TimerEvent: {}
[3.920233] (-) TimerEvent: {}
[4.020727] (-) TimerEvent: {}
[4.025002] (qcar2_interfaces) StdoutLine: {'line': b'-- Using all available rosidl_typesupport_cpp: rosidl_typesupport_fastrtps_cpp;rosidl_typesupport_introspection_cpp\n'}
[4.093342] (qcar2_interfaces) StdoutLine: {'line': b'-- Found PythonInterp: /usr/bin/python3 (found suitable version "3.8.10", minimum required is "3.6") \n'}
[4.097354] (qcar2_interfaces) StdoutLine: {'line': b'-- Found python_cmake_module: 0.10.0 (/opt/ros/humble/share/python_cmake_module/cmake)\n'}
[4.120855] (-) TimerEvent: {}
[4.179226] (qcar2_interfaces) StdoutLine: {'line': b'-- Found PythonLibs: /usr/lib/x86_64-linux-gnu/libpython3.8.so (found suitable version "3.8.10", minimum required is "3.5") \n'}
[4.179690] (qcar2_interfaces) StdoutLine: {'line': b'-- Using PYTHON_EXECUTABLE: /usr/bin/python3\n'}
[4.179854] (qcar2_interfaces) StdoutLine: {'line': b'-- Using PYTHON_INCLUDE_DIRS: /usr/include/python3.8\n'}
[4.179985] (qcar2_interfaces) StdoutLine: {'line': b'-- Using PYTHON_LIBRARIES: /usr/lib/x86_64-linux-gnu/libpython3.8.so\n'}
[4.220991] (-) TimerEvent: {}
[4.241404] (qcar2_interfaces) StdoutLine: {'line': b'-- Found PythonExtra: .so  \n'}
[4.321142] (-) TimerEvent: {}
[4.333759] (qcar2_interfaces) StdoutLine: {'line': b'-- Found ament_lint_auto: 0.12.8 (/opt/ros/humble/share/ament_lint_auto/cmake)\n'}
[4.396422] (qcar2_interfaces) StdoutLine: {'line': b"-- Added test 'lint_cmake' to check CMake code style\n"}
[4.399487] (qcar2_interfaces) StdoutLine: {'line': b"-- Added test 'xmllint' to check XML markup files\n"}
[4.408226] (qcar2_interfaces) StdoutLine: {'line': b'-- Configuring done\n'}
[4.421270] (-) TimerEvent: {}
[4.464057] (qcar2_interfaces) StdoutLine: {'line': b'-- Generating done\n'}
[4.469127] (qcar2_interfaces) StdoutLine: {'line': b'-- Build files have been written to: /workspaces/isaac_ros-dev/build/qcar2_interfaces\n'}
[4.478110] (qcar2_interfaces) CommandEnded: {'returncode': 0}
[4.486249] (qcar2_interfaces) JobProgress: {'identifier': 'qcar2_interfaces', 'progress': 'build'}
[4.486578] (qcar2_interfaces) Command: {'cmd': ['/usr/bin/cmake', '--build', '/workspaces/isaac_ros-dev/build/qcar2_interfaces', '--', '-j32', '-l32'], 'cwd': '/workspaces/isaac_ros-dev/build/qcar2_interfaces', 'env': OrderedDict([('NPP_VERSION', '11.8.0.86'), ('SHELL', '/bin/bash'), ('ROS_VERSION', '2'), ('NVIDIA_VISIBLE_DEVICES', 'all'), ('DALI_BUILD', '5838886'), ('CUSOLVER_VERSION', '11.4.1.48'), ('USER_UID', '1000'), ('CUBLAS_VERSION', '11.11.3.6'), ('ROS_PYTHON_VERSION', '3'), ('HOSTNAME', 'viet-Precision-7680'), ('FASTRTPS_DEFAULT_PROFILES_FILE', '/usr/local/share/middleware_profiles/rtps_udp_profile.xml'), ('DCGM_VERSION', '2.2.9'), ('NVIDIA_REQUIRE_CUDA', 'cuda>=9.0'), ('CUFFT_VERSION', '10.9.0.58'), ('CUDA_CACHE_DISABLE', '1'), ('NCCL_VERSION', '2.15.1'), ('CUSPARSE_VERSION', '11.7.5.86'), ('ENV', '/etc/shinit_v2'), ('PWD', '/workspaces/isaac_ros-dev/build/qcar2_interfaces'), ('OPENUCX_VERSION', '1.14.0'), ('NSIGHT_SYSTEMS_VERSION', '2022.3.1.43'), ('NVIDIA_DRIVER_CAPABILITIES', 'all'), ('POLYGRAPHY_VERSION', '0.38.0'), ('TF_ENABLE_WINOGRAD_NONFUSED', '1'), ('TRT_VERSION', '8.5.0.12'), ('USER_GID', '1000'), ('NVIDIA_PRODUCT_NAME', 'Triton Server'), ('RDMACORE_VERSION', '36.0'), ('HOME', '/home/admin'), ('USERNAME', 'admin'), ('LANG', 'en_US.UTF-8'), ('CUDA_VERSION', '11.8.0.062'), ('CURAND_VERSION', '10.3.0.86'), ('AMENT_PREFIX_PATH', '/workspaces/isaac_ros-dev/install/ros2test:/workspaces/isaac_ros-dev/install/qcar2_nodes:/workspaces/isaac_ros-dev/install/qcar2_interfaces:/opt/ros/humble'), ('CMAKE_PREFIX_PATH', '/workspaces/isaac_ros-dev/install/qcar2_nodes:/workspaces/isaac_ros-dev/install/qcar2_interfaces:/workspaces/isaac_ros-dev/install/ros2test:/opt/ros/humble'), ('COLCON_PREFIX_PATH', '/workspaces/isaac_ros-dev/install'), ('CUTENSOR_VERSION', '1.6.1.5'), ('TRITON_SERVER_GPU_ENABLED', '1'), ('HPCX_VERSION', '2.12.1a0'), ('PYTHONPATH', '/workspaces/isaac_ros-dev/install/ros2test/lib/python3.8/site-packages:/workspaces/isaac_ros-dev/install/qcar2_interfaces/lib/python3.8/site-packages:/opt/ros/humble/lib/python3.8/site-packages:/home/Quanser/libraries/python'), ('COLCON', '1'), ('TERM', 'xterm'), ('TRITON_SERVER_VERSION', '2.26.0'), ('GDRCOPY_VERSION', '2.3'), ('USER', 'viet'), ('OPENMPI_VERSION', '4.1.4'), ('NVJPEG_VERSION', '11.9.0.86'), ('LIBRARY_PATH', '/usr/local/cuda/lib64/stubs:'), ('DISPLAY', ':1'), ('SHLVL', '1'), ('BASH_ENV', '/etc/bash.bashrc'), ('TF_AUTOTUNE_THRESHOLD', '2'), ('CUDNN_VERSION', '8.6.0.163'), ('NSIGHT_COMPUTE_VERSION', '2022.3.0.22'), ('DALI_VERSION', '1.17.0'), ('NVIDIA_TRITON_SERVER_VERSION', '22.09'), ('LD_LIBRARY_PATH', '/workspaces/isaac_ros-dev/install/qcar2_interfaces/lib:/opt/ros/humble/opt/rviz_ogre_vendor/lib:/opt/ros/humble/lib/x86_64-linux-gnu:/opt/ros/humble/lib:/opt/tritonserver/backends/onnxruntime:/usr/local/cuda/compat/lib:/usr/local/nvidia/lib:/usr/local/nvidia/lib64:/opt/tritonserver/lib'), ('NVIDIA_BUILD_ID', '44909143'), ('ROS_LOCALHOST_ONLY', '0'), ('OMPI_MCA_coll_hcoll_enable', '0'), ('OPAL_PREFIX', '/opt/hpcx/ompi'), ('CUDA_DRIVER_VERSION', '520.61.03'), ('_CUDA_COMPAT_PATH', '/usr/local/cuda/compat'), ('PATH', '/opt/ros/humble/bin:/opt/tritonserver/bin:/usr/local/mpi/bin:/usr/local/nvidia/bin:/usr/local/cuda/bin:/usr/local/sbin:/usr/local/bin:/usr/sbin:/usr/bin:/sbin:/bin:/usr/local/ucx/bin:/opt/nvidia/tao'), ('TRITON_SERVER_USER', 'triton-server'), ('PYTHONWARNINGS', 'ignore:::setuptools.command.install,ignore:::setuptools.command.easy_install,ignore:::pkg_resources'), ('MOFED_VERSION', '5.4-rdmacore36.0'), ('TRTOSS_VERSION', ''), ('DEBIAN_FRONTEND', 'noninteractive'), ('ROS_ROOT', '/opt/ros/humble'), ('ROS_DISTRO', 'humble'), ('TF_ADJUST_HUE_FUSED', '1'), ('TF_ADJUST_SATURATION_FUSED', '1'), ('SHARP_COLL_ENABLE_CUDA', '0'), ('RMW_IMPLEMENTATION', 'rmw_fastrtps_cpp'), ('_', '/usr/bin/env')]), 'shell': False}
[4.521588] (-) TimerEvent: {}
[4.560021] (qcar2_interfaces) StdoutLine: {'line': b'[  2%] \x1b[34m\x1b[1mGenerating C code for ROS interfaces\x1b[0m\n'}
[4.594369] (qcar2_interfaces) StdoutLine: {'line': b'[  5%] \x1b[34m\x1b[1mGenerating C++ code for ROS interfaces\x1b[0m\n'}
[4.605290] (qcar2_interfaces) StdoutLine: {'line': b'[  5%] Built target ament_cmake_python_copy_qcar2_interfaces\n'}
[4.621812] (-) TimerEvent: {}
[4.722264] (-) TimerEvent: {}
[4.823144] (-) TimerEvent: {}
[4.923763] (-) TimerEvent: {}
[5.024374] (-) TimerEvent: {}
[5.124962] (-) TimerEvent: {}
[5.225506] (-) TimerEvent: {}
[5.325984] (-) TimerEvent: {}
[5.360809] (qcar2_interfaces) StdoutLine: {'line': b'[ 10%] \x1b[32mBuilding C object CMakeFiles/qcar2_interfaces__rosidl_generator_c.dir/rosidl_generator_c/qcar2_interfaces/msg/detail/boolean_leds__functions.c.o\x1b[0m\n'}
[5.361178] (qcar2_interfaces) StdoutLine: {'line': b'[ 10%] \x1b[32mBuilding C object CMakeFiles/qcar2_interfaces__rosidl_generator_c.dir/rosidl_generator_c/qcar2_interfaces/msg/detail/motor_commands__functions.c.o\x1b[0m\n'}
[5.373900] (qcar2_interfaces) StdoutLine: {'line': b'[ 10%] Built target qcar2_interfaces__cpp\n'}
[5.396436] (qcar2_interfaces) StdoutLine: {'line': b'running egg_info\n'}
[5.399131] (qcar2_interfaces) StdoutLine: {'line': b'creating qcar2_interfaces.egg-info\n'}
[5.405873] (qcar2_interfaces) StdoutLine: {'line': b'[ 12%] \x1b[34m\x1b[1mGenerating C++ type support dispatch for ROS interfaces\x1b[0m\n'}
[5.406755] (qcar2_interfaces) StdoutLine: {'line': b'[ 15%] \x1b[34m\x1b[1mGenerating C++ type support for eProsima Fast-RTPS\x1b[0m\n'}
[5.408046] (qcar2_interfaces) StdoutLine: {'line': b'[ 17%] \x1b[34m\x1b[1mGenerating C++ introspection for ROS interfaces\x1b[0m\n'}
[5.422575] (qcar2_interfaces) StdoutLine: {'line': b'writing qcar2_interfaces.egg-info/PKG-INFO\n'}
[5.423084] (qcar2_interfaces) StdoutLine: {'line': b'writing dependency_links to qcar2_interfaces.egg-info/dependency_links.txt\n'}
[5.423339] (qcar2_interfaces) StdoutLine: {'line': b'writing top-level names to qcar2_interfaces.egg-info/top_level.txt\n'}
[5.423729] (qcar2_interfaces) StdoutLine: {'line': b"writing manifest file 'qcar2_interfaces.egg-info/SOURCES.txt'\n"}
[5.426195] (-) TimerEvent: {}
[5.499820] (qcar2_interfaces) StdoutLine: {'line': b"reading manifest file 'qcar2_interfaces.egg-info/SOURCES.txt'\n"}
[5.501072] (qcar2_interfaces) StdoutLine: {'line': b"writing manifest file 'qcar2_interfaces.egg-info/SOURCES.txt'\n"}
[5.518988] (qcar2_interfaces) StdoutLine: {'line': b'[ 20%] \x1b[32m\x1b[1mLinking C shared library libqcar2_interfaces__rosidl_generator_c.so\x1b[0m\n'}
[5.526326] (-) TimerEvent: {}
[5.597187] (qcar2_interfaces) StdoutLine: {'line': b'[ 20%] Built target ament_cmake_python_build_qcar2_interfaces_egg\n'}
[5.608266] (qcar2_interfaces) StdoutLine: {'line': b'[ 20%] Built target qcar2_interfaces__rosidl_generator_c\n'}
[5.626501] (-) TimerEvent: {}
[5.643683] (qcar2_interfaces) StdoutLine: {'line': b'[ 23%] \x1b[34m\x1b[1mGenerating C type support dispatch for ROS interfaces\x1b[0m\n'}
[5.644135] (qcar2_interfaces) StdoutLine: {'line': b'[ 28%] \x1b[34m\x1b[1mGenerating C type support for eProsima Fast-RTPS\x1b[0m\n'}
[5.644280] (qcar2_interfaces) StdoutLine: {'line': b'[ 28%] \x1b[34m\x1b[1mGenerating C introspection for ROS interfaces\x1b[0m\n'}
[5.726628] (-) TimerEvent: {}
[5.827065] (-) TimerEvent: {}
[5.927556] (-) TimerEvent: {}
[6.028056] (-) TimerEvent: {}
[6.085170] (qcar2_interfaces) StdoutLine: {'line': b'[ 30%] \x1b[32mBuilding CXX object CMakeFiles/qcar2_interfaces__rosidl_typesupport_cpp.dir/rosidl_typesupport_cpp/qcar2_interfaces/msg/motor_commands__type_support.cpp.o\x1b[0m\n'}
[6.085868] (qcar2_interfaces) StdoutLine: {'line': b'[ 33%] \x1b[32mBuilding CXX object CMakeFiles/qcar2_interfaces__rosidl_typesupport_cpp.dir/rosidl_typesupport_cpp/qcar2_interfaces/msg/boolean_leds__type_support.cpp.o\x1b[0m\n'}
[6.120609] (qcar2_interfaces) StdoutLine: {'line': b'[ 38%] \x1b[32mBuilding CXX object CMakeFiles/qcar2_interfaces__rosidl_typesupport_introspection_cpp.dir/rosidl_typesupport_introspection_cpp/qcar2_interfaces/msg/detail/motor_commands__type_support.cpp.o\x1b[0m\n'}
[6.120992] (qcar2_interfaces) StdoutLine: {'line': b'[ 38%] \x1b[32mBuilding CXX object CMakeFiles/qcar2_interfaces__rosidl_typesupport_introspection_cpp.dir/rosidl_typesupport_introspection_cpp/qcar2_interfaces/msg/detail/boolean_leds__type_support.cpp.o\x1b[0m\n'}
[6.128321] (-) TimerEvent: {}
[6.165844] (qcar2_interfaces) StdoutLine: {'line': b'[ 41%] \x1b[32mBuilding CXX object CMakeFiles/qcar2_interfaces__rosidl_typesupport_fastrtps_cpp.dir/rosidl_typesupport_fastrtps_cpp/qcar2_interfaces/msg/detail/dds_fastrtps/motor_commands__type_support.cpp.o\x1b[0m\n'}
[6.167063] (qcar2_interfaces) StdoutLine: {'line': b'[ 43%] \x1b[32mBuilding CXX object CMakeFiles/qcar2_interfaces__rosidl_typesupport_fastrtps_cpp.dir/rosidl_typesupport_fastrtps_cpp/qcar2_interfaces/msg/detail/dds_fastrtps/boolean_leds__type_support.cpp.o\x1b[0m\n'}
[6.228487] (-) TimerEvent: {}
[6.329030] (-) TimerEvent: {}
[6.352133] (qcar2_interfaces) StdoutLine: {'line': b'[ 46%] \x1b[32mBuilding CXX object CMakeFiles/qcar2_interfaces__rosidl_typesupport_c.dir/rosidl_typesupport_c/qcar2_interfaces/msg/boolean_leds__type_support.cpp.o\x1b[0m\n'}
[6.353814] (qcar2_interfaces) StdoutLine: {'line': b'[ 48%] \x1b[32mBuilding CXX object CMakeFiles/qcar2_interfaces__rosidl_typesupport_c.dir/rosidl_typesupport_c/qcar2_interfaces/msg/motor_commands__type_support.cpp.o\x1b[0m\n'}
[6.356559] (qcar2_interfaces) StdoutLine: {'line': b'[ 51%] \x1b[32mBuilding C object CMakeFiles/qcar2_interfaces__rosidl_typesupport_introspection_c.dir/rosidl_typesupport_introspection_c/qcar2_interfaces/msg/detail/boolean_leds__type_support.c.o\x1b[0m\n'}
[6.358494] (qcar2_interfaces) StdoutLine: {'line': b'[ 53%] \x1b[32mBuilding C object CMakeFiles/qcar2_interfaces__rosidl_typesupport_introspection_c.dir/rosidl_typesupport_introspection_c/qcar2_interfaces/msg/detail/motor_commands__type_support.c.o\x1b[0m\n'}
[6.366371] (qcar2_interfaces) StdoutLine: {'line': b'[ 56%] \x1b[32mBuilding CXX object CMakeFiles/qcar2_interfaces__rosidl_typesupport_fastrtps_c.dir/rosidl_typesupport_fastrtps_c/qcar2_interfaces/msg/detail/boolean_leds__type_support_c.cpp.o\x1b[0m\n'}
[6.367497] (qcar2_interfaces) StdoutLine: {'line': b'[ 58%] \x1b[32mBuilding CXX object CMakeFiles/qcar2_interfaces__rosidl_typesupport_fastrtps_c.dir/rosidl_typesupport_fastrtps_c/qcar2_interfaces/msg/detail/motor_commands__type_support_c.cpp.o\x1b[0m\n'}
[6.429280] (-) TimerEvent: {}
[6.443491] (qcar2_interfaces) StdoutLine: {'line': b'[ 61%] \x1b[32m\x1b[1mLinking CXX shared library libqcar2_interfaces__rosidl_typesupport_c.so\x1b[0m\n'}
[6.475882] (qcar2_interfaces) StdoutLine: {'line': b'[ 64%] \x1b[32m\x1b[1mLinking C shared library libqcar2_interfaces__rosidl_typesupport_introspection_c.so\x1b[0m\n'}
[6.529425] (-) TimerEvent: {}
[6.539893] (qcar2_interfaces) StdoutLine: {'line': b'[ 64%] Built target qcar2_interfaces__rosidl_typesupport_c\n'}
[6.549388] (qcar2_interfaces) StdoutLine: {'line': b'[ 64%] Built target qcar2_interfaces__rosidl_typesupport_introspection_c\n'}
[6.629585] (-) TimerEvent: {}
[6.730111] (-) TimerEvent: {}
[6.830641] (-) TimerEvent: {}
[6.848562] (qcar2_interfaces) StdoutLine: {'line': b'[ 66%] \x1b[32m\x1b[1mLinking CXX shared library libqcar2_interfaces__rosidl_typesupport_cpp.so\x1b[0m\n'}
[6.930791] (-) TimerEvent: {}
[6.950759] (qcar2_interfaces) StdoutLine: {'line': b'[ 66%] Built target qcar2_interfaces__rosidl_typesupport_cpp\n'}
[7.030936] (-) TimerEvent: {}
[7.131549] (-) TimerEvent: {}
[7.177702] (qcar2_interfaces) StdoutLine: {'line': b'[ 69%] \x1b[32m\x1b[1mLinking CXX shared library libqcar2_interfaces__rosidl_typesupport_fastrtps_c.so\x1b[0m\n'}
[7.231724] (-) TimerEvent: {}
[7.312486] (qcar2_interfaces) StdoutLine: {'line': b'[ 71%] \x1b[32m\x1b[1mLinking CXX shared library libqcar2_interfaces__rosidl_typesupport_introspection_cpp.so\x1b[0m\n'}
[7.331840] (-) TimerEvent: {}
[7.353152] (qcar2_interfaces) StdoutLine: {'line': b'[ 71%] Built target qcar2_interfaces__rosidl_typesupport_fastrtps_c\n'}
[7.414991] (qcar2_interfaces) StdoutLine: {'line': b'[ 74%] \x1b[32m\x1b[1mLinking CXX shared library libqcar2_interfaces__rosidl_typesupport_fastrtps_cpp.so\x1b[0m\n'}
[7.432082] (-) TimerEvent: {}
[7.482809] (qcar2_interfaces) StdoutLine: {'line': b'[ 74%] Built target qcar2_interfaces__rosidl_typesupport_introspection_cpp\n'}
[7.532208] (-) TimerEvent: {}
[7.581644] (qcar2_interfaces) StdoutLine: {'line': b'[ 74%] Built target qcar2_interfaces__rosidl_typesupport_fastrtps_cpp\n'}
[7.632361] (-) TimerEvent: {}
[7.646606] (qcar2_interfaces) StdoutLine: {'line': b'[ 74%] Built target qcar2_interfaces\n'}
[7.713534] (qcar2_interfaces) StdoutLine: {'line': b'[ 76%] \x1b[34m\x1b[1mGenerating Python code for ROS interfaces\x1b[0m\n'}
[7.732744] (-) TimerEvent: {}
[7.833263] (-) TimerEvent: {}
[7.933797] (-) TimerEvent: {}
[8.034350] (-) TimerEvent: {}
[8.135050] (-) TimerEvent: {}
[8.235575] (-) TimerEvent: {}
[8.336213] (-) TimerEvent: {}
[8.436888] (-) TimerEvent: {}
[8.537461] (-) TimerEvent: {}
[8.637931] (-) TimerEvent: {}
[8.738570] (-) TimerEvent: {}
[8.774025] (qcar2_interfaces) StdoutLine: {'line': b'[ 76%] Built target qcar2_interfaces__py\n'}
[8.838698] (-) TimerEvent: {}
[8.841254] (qcar2_interfaces) StdoutLine: {'line': b'[ 82%] \x1b[32mBuilding C object CMakeFiles/qcar2_interfaces__rosidl_generator_py.dir/rosidl_generator_py/qcar2_interfaces/msg/_motor_commands_s.c.o\x1b[0m\n'}
[8.841609] (qcar2_interfaces) StdoutLine: {'line': b'[ 82%] \x1b[32mBuilding C object CMakeFiles/qcar2_interfaces__rosidl_generator_py.dir/rosidl_generator_py/qcar2_interfaces/msg/_boolean_leds_s.c.o\x1b[0m\n'}
[8.938826] (-) TimerEvent: {}
[9.039295] (-) TimerEvent: {}
[9.094072] (qcar2_interfaces) StdoutLine: {'line': b'[ 84%] \x1b[32m\x1b[1mLinking C shared library rosidl_generator_py/qcar2_interfaces/libqcar2_interfaces__rosidl_generator_py.so\x1b[0m\n'}
[9.139465] (-) TimerEvent: {}
[9.182577] (qcar2_interfaces) StdoutLine: {'line': b'[ 84%] Built target qcar2_interfaces__rosidl_generator_py\n'}
[9.239553] (-) TimerEvent: {}
[9.245886] (qcar2_interfaces) StdoutLine: {'line': b'[ 87%] \x1b[32mBuilding C object CMakeFiles/qcar2_interfaces__rosidl_typesupport_c__pyext.dir/rosidl_generator_py/qcar2_interfaces/_qcar2_interfaces_s.ep.rosidl_typesupport_c.c.o\x1b[0m\n'}
[9.247293] (qcar2_interfaces) StdoutLine: {'line': b'[ 89%] \x1b[32mBuilding C object CMakeFiles/qcar2_interfaces__rosidl_typesupport_fastrtps_c__pyext.dir/rosidl_generator_py/qcar2_interfaces/_qcar2_interfaces_s.ep.rosidl_typesupport_fastrtps_c.c.o\x1b[0m\n'}
[9.248127] (qcar2_interfaces) StdoutLine: {'line': b'[ 92%] \x1b[32mBuilding C object CMakeFiles/qcar2_interfaces__rosidl_typesupport_introspection_c__pyext.dir/rosidl_generator_py/qcar2_interfaces/_qcar2_interfaces_s.ep.rosidl_typesupport_introspection_c.c.o\x1b[0m\n'}
[9.339704] (-) TimerEvent: {}
[9.440167] (-) TimerEvent: {}
[9.453236] (qcar2_interfaces) StdoutLine: {'line': b'[ 94%] \x1b[32m\x1b[1mLinking C shared library rosidl_generator_py/qcar2_interfaces/qcar2_interfaces_s__rosidl_typesupport_c.cpython-38-x86_64-linux-gnu.so\x1b[0m\n'}
[9.460748] (qcar2_interfaces) StdoutLine: {'line': b'[ 97%] \x1b[32m\x1b[1mLinking C shared library rosidl_generator_py/qcar2_interfaces/qcar2_interfaces_s__rosidl_typesupport_fastrtps_c.cpython-38-x86_64-linux-gnu.so\x1b[0m\n'}
[9.466850] (qcar2_interfaces) StdoutLine: {'line': b'[100%] \x1b[32m\x1b[1mLinking C shared library rosidl_generator_py/qcar2_interfaces/qcar2_interfaces_s__rosidl_typesupport_introspection_c.cpython-38-x86_64-linux-gnu.so\x1b[0m\n'}
[9.528207] (qcar2_interfaces) StdoutLine: {'line': b'[100%] Built target qcar2_interfaces__rosidl_typesupport_c__pyext\n'}
[9.539183] (qcar2_interfaces) StdoutLine: {'line': b'[100%] Built target qcar2_interfaces__rosidl_typesupport_fastrtps_c__pyext\n'}
[9.540443] (-) TimerEvent: {}
[9.542126] (qcar2_interfaces) StdoutLine: {'line': b'[100%] Built target qcar2_interfaces__rosidl_typesupport_introspection_c__pyext\n'}
[9.554342] (qcar2_interfaces) CommandEnded: {'returncode': 0}
[9.640795] (-) TimerEvent: {}
[9.741693] (-) TimerEvent: {}
[9.842156] (-) TimerEvent: {}
[9.942715] (-) TimerEvent: {}
[10.043242] (-) TimerEvent: {}
[10.143777] (-) TimerEvent: {}
[10.244386] (-) TimerEvent: {}
[10.344919] (-) TimerEvent: {}
[10.445412] (-) TimerEvent: {}
[10.545950] (-) TimerEvent: {}
[10.646634] (-) TimerEvent: {}
[10.747043] (-) TimerEvent: {}
[10.847536] (-) TimerEvent: {}
[10.947974] (-) TimerEvent: {}
[11.048987] (-) TimerEvent: {}
[11.149700] (-) TimerEvent: {}
[11.250283] (-) TimerEvent: {}
[11.350811] (-) TimerEvent: {}
[11.451736] (qcar2_interfaces) JobProgress: {'identifier': 'qcar2_interfaces', 'progress': 'install'}
[11.452153] (-) TimerEvent: {}
[11.465749] (qcar2_interfaces) Command: {'cmd': ['/usr/bin/cmake', '--install', '/workspaces/isaac_ros-dev/build/qcar2_interfaces'], 'cwd': '/workspaces/isaac_ros-dev/build/qcar2_interfaces', 'env': OrderedDict([('NPP_VERSION', '11.8.0.86'), ('SHELL', '/bin/bash'), ('ROS_VERSION', '2'), ('NVIDIA_VISIBLE_DEVICES', 'all'), ('DALI_BUILD', '5838886'), ('CUSOLVER_VERSION', '11.4.1.48'), ('USER_UID', '1000'), ('CUBLAS_VERSION', '11.11.3.6'), ('ROS_PYTHON_VERSION', '3'), ('HOSTNAME', 'viet-Precision-7680'), ('FASTRTPS_DEFAULT_PROFILES_FILE', '/usr/local/share/middleware_profiles/rtps_udp_profile.xml'), ('DCGM_VERSION', '2.2.9'), ('NVIDIA_REQUIRE_CUDA', 'cuda>=9.0'), ('CUFFT_VERSION', '10.9.0.58'), ('CUDA_CACHE_DISABLE', '1'), ('NCCL_VERSION', '2.15.1'), ('CUSPARSE_VERSION', '11.7.5.86'), ('ENV', '/etc/shinit_v2'), ('PWD', '/workspaces/isaac_ros-dev/build/qcar2_interfaces'), ('OPENUCX_VERSION', '1.14.0'), ('NSIGHT_SYSTEMS_VERSION', '2022.3.1.43'), ('NVIDIA_DRIVER_CAPABILITIES', 'all'), ('POLYGRAPHY_VERSION', '0.38.0'), ('TF_ENABLE_WINOGRAD_NONFUSED', '1'), ('TRT_VERSION', '8.5.0.12'), ('USER_GID', '1000'), ('NVIDIA_PRODUCT_NAME', 'Triton Server'), ('RDMACORE_VERSION', '36.0'), ('HOME', '/home/admin'), ('USERNAME', 'admin'), ('LANG', 'en_US.UTF-8'), ('CUDA_VERSION', '11.8.0.062'), ('CURAND_VERSION', '10.3.0.86'), ('AMENT_PREFIX_PATH', '/workspaces/isaac_ros-dev/install/ros2test:/workspaces/isaac_ros-dev/install/qcar2_nodes:/workspaces/isaac_ros-dev/install/qcar2_interfaces:/opt/ros/humble'), ('CMAKE_PREFIX_PATH', '/workspaces/isaac_ros-dev/install/qcar2_nodes:/workspaces/isaac_ros-dev/install/qcar2_interfaces:/workspaces/isaac_ros-dev/install/ros2test:/opt/ros/humble'), ('COLCON_PREFIX_PATH', '/workspaces/isaac_ros-dev/install'), ('CUTENSOR_VERSION', '1.6.1.5'), ('TRITON_SERVER_GPU_ENABLED', '1'), ('HPCX_VERSION', '2.12.1a0'), ('PYTHONPATH', '/workspaces/isaac_ros-dev/install/ros2test/lib/python3.8/site-packages:/workspaces/isaac_ros-dev/install/qcar2_interfaces/lib/python3.8/site-packages:/opt/ros/humble/lib/python3.8/site-packages:/home/Quanser/libraries/python'), ('COLCON', '1'), ('TERM', 'xterm'), ('TRITON_SERVER_VERSION', '2.26.0'), ('GDRCOPY_VERSION', '2.3'), ('USER', 'viet'), ('OPENMPI_VERSION', '4.1.4'), ('NVJPEG_VERSION', '11.9.0.86'), ('LIBRARY_PATH', '/usr/local/cuda/lib64/stubs:'), ('DISPLAY', ':1'), ('SHLVL', '1'), ('BASH_ENV', '/etc/bash.bashrc'), ('TF_AUTOTUNE_THRESHOLD', '2'), ('CUDNN_VERSION', '8.6.0.163'), ('NSIGHT_COMPUTE_VERSION', '2022.3.0.22'), ('DALI_VERSION', '1.17.0'), ('NVIDIA_TRITON_SERVER_VERSION', '22.09'), ('LD_LIBRARY_PATH', '/workspaces/isaac_ros-dev/install/qcar2_interfaces/lib:/opt/ros/humble/opt/rviz_ogre_vendor/lib:/opt/ros/humble/lib/x86_64-linux-gnu:/opt/ros/humble/lib:/opt/tritonserver/backends/onnxruntime:/usr/local/cuda/compat/lib:/usr/local/nvidia/lib:/usr/local/nvidia/lib64:/opt/tritonserver/lib'), ('NVIDIA_BUILD_ID', '44909143'), ('ROS_LOCALHOST_ONLY', '0'), ('OMPI_MCA_coll_hcoll_enable', '0'), ('OPAL_PREFIX', '/opt/hpcx/ompi'), ('CUDA_DRIVER_VERSION', '520.61.03'), ('_CUDA_COMPAT_PATH', '/usr/local/cuda/compat'), ('PATH', '/opt/ros/humble/bin:/opt/tritonserver/bin:/usr/local/mpi/bin:/usr/local/nvidia/bin:/usr/local/cuda/bin:/usr/local/sbin:/usr/local/bin:/usr/sbin:/usr/bin:/sbin:/bin:/usr/local/ucx/bin:/opt/nvidia/tao'), ('TRITON_SERVER_USER', 'triton-server'), ('PYTHONWARNINGS', 'ignore:::setuptools.command.install,ignore:::setuptools.command.easy_install,ignore:::pkg_resources'), ('MOFED_VERSION', '5.4-rdmacore36.0'), ('TRTOSS_VERSION', ''), ('DEBIAN_FRONTEND', 'noninteractive'), ('ROS_ROOT', '/opt/ros/humble'), ('ROS_DISTRO', 'humble'), ('TF_ADJUST_HUE_FUSED', '1'), ('TF_ADJUST_SATURATION_FUSED', '1'), ('SHARP_COLL_ENABLE_CUDA', '0'), ('RMW_IMPLEMENTATION', 'rmw_fastrtps_cpp'), ('_', '/usr/bin/env')]), 'shell': False}
[11.474837] (qcar2_interfaces) StdoutLine: {'line': b'-- Install configuration: ""\n'}
[11.475231] (qcar2_interfaces) StdoutLine: {'line': b'-- Installing: /workspaces/isaac_ros-dev/install/qcar2_interfaces/share/ament_index/resource_index/rosidl_interfaces/qcar2_interfaces\n'}
[11.475408] (qcar2_interfaces) StdoutLine: {'line': b'-- Installing: /workspaces/isaac_ros-dev/install/qcar2_interfaces/include/qcar2_interfaces/qcar2_interfaces\n'}
[11.475509] (qcar2_interfaces) StdoutLine: {'line': b'-- Installing: /workspaces/isaac_ros-dev/install/qcar2_interfaces/include/qcar2_interfaces/qcar2_interfaces/msg\n'}
[11.475601] (qcar2_interfaces) StdoutLine: {'line': b'-- Installing: /workspaces/isaac_ros-dev/install/qcar2_interfaces/include/qcar2_interfaces/qcar2_interfaces/msg/motor_commands.h\n'}
[11.476020] (qcar2_interfaces) StdoutLine: {'line': b'-- Installing: /workspaces/isaac_ros-dev/install/qcar2_interfaces/include/qcar2_interfaces/qcar2_interfaces/msg/detail\n'}
[11.476235] (qcar2_interfaces) StdoutLine: {'line': b'-- Installing: /workspaces/isaac_ros-dev/install/qcar2_interfaces/include/qcar2_interfaces/qcar2_interfaces/msg/detail/boolean_leds__struct.h\n'}
[11.476345] (qcar2_interfaces) StdoutLine: {'line': b'-- Installing: /workspaces/isaac_ros-dev/install/qcar2_interfaces/include/qcar2_interfaces/qcar2_interfaces/msg/detail/motor_commands__functions.c\n'}
[11.476682] (qcar2_interfaces) StdoutLine: {'line': b'-- Installing: /workspaces/isaac_ros-dev/install/qcar2_interfaces/include/qcar2_interfaces/qcar2_interfaces/msg/detail/boolean_leds__functions.c\n'}
[11.476792] (qcar2_interfaces) StdoutLine: {'line': b'-- Installing: /workspaces/isaac_ros-dev/install/qcar2_interfaces/include/qcar2_interfaces/qcar2_interfaces/msg/detail/boolean_leds__functions.h\n'}
[11.476881] (qcar2_interfaces) StdoutLine: {'line': b'-- Installing: /workspaces/isaac_ros-dev/install/qcar2_interfaces/include/qcar2_interfaces/qcar2_interfaces/msg/detail/motor_commands__type_support.h\n'}
[11.477037] (qcar2_interfaces) StdoutLine: {'line': b'-- Installing: /workspaces/isaac_ros-dev/install/qcar2_interfaces/include/qcar2_interfaces/qcar2_interfaces/msg/detail/boolean_leds__type_support.h\n'}
[11.477143] (qcar2_interfaces) StdoutLine: {'line': b'-- Installing: /workspaces/isaac_ros-dev/install/qcar2_interfaces/include/qcar2_interfaces/qcar2_interfaces/msg/detail/motor_commands__struct.h\n'}
[11.477250] (qcar2_interfaces) StdoutLine: {'line': b'-- Installing: /workspaces/isaac_ros-dev/install/qcar2_interfaces/include/qcar2_interfaces/qcar2_interfaces/msg/detail/motor_commands__functions.h\n'}
[11.477340] (qcar2_interfaces) StdoutLine: {'line': b'-- Installing: /workspaces/isaac_ros-dev/install/qcar2_interfaces/include/qcar2_interfaces/qcar2_interfaces/msg/rosidl_generator_c__visibility_control.h\n'}
[11.477574] (qcar2_interfaces) StdoutLine: {'line': b'-- Installing: /workspaces/isaac_ros-dev/install/qcar2_interfaces/include/qcar2_interfaces/qcar2_interfaces/msg/boolean_leds.h\n'}
[11.477659] (qcar2_interfaces) StdoutLine: {'line': b'-- Installing: /workspaces/isaac_ros-dev/install/qcar2_interfaces/share/qcar2_interfaces/environment/library_path.sh\n'}
[11.477755] (qcar2_interfaces) StdoutLine: {'line': b'-- Installing: /workspaces/isaac_ros-dev/install/qcar2_interfaces/share/qcar2_interfaces/environment/library_path.dsv\n'}
[11.478180] (qcar2_interfaces) StdoutLine: {'line': b'-- Installing: /workspaces/isaac_ros-dev/install/qcar2_interfaces/lib/libqcar2_interfaces__rosidl_generator_c.so\n'}
[11.478536] (qcar2_interfaces) StdoutLine: {'line': b'-- Set runtime path of "/workspaces/isaac_ros-dev/install/qcar2_interfaces/lib/libqcar2_interfaces__rosidl_generator_c.so" to ""\n'}
[11.478684] (qcar2_interfaces) StdoutLine: {'line': b'-- Up-to-date: /workspaces/isaac_ros-dev/install/qcar2_interfaces/include/qcar2_interfaces/qcar2_interfaces\n'}
[11.478776] (qcar2_interfaces) StdoutLine: {'line': b'-- Up-to-date: /workspaces/isaac_ros-dev/install/qcar2_interfaces/include/qcar2_interfaces/qcar2_interfaces/msg\n'}
[11.478862] (qcar2_interfaces) StdoutLine: {'line': b'-- Up-to-date: /workspaces/isaac_ros-dev/install/qcar2_interfaces/include/qcar2_interfaces/qcar2_interfaces/msg/detail\n'}
[11.478959] (qcar2_interfaces) StdoutLine: {'line': b'-- Installing: /workspaces/isaac_ros-dev/install/qcar2_interfaces/include/qcar2_interfaces/qcar2_interfaces/msg/detail/motor_commands__rosidl_typesupport_fastrtps_c.h\n'}
[11.479052] (qcar2_interfaces) StdoutLine: {'line': b'-- Installing: /workspaces/isaac_ros-dev/install/qcar2_interfaces/include/qcar2_interfaces/qcar2_interfaces/msg/detail/boolean_leds__rosidl_typesupport_fastrtps_c.h\n'}
[11.479150] (qcar2_interfaces) StdoutLine: {'line': b'-- Installing: /workspaces/isaac_ros-dev/install/qcar2_interfaces/include/qcar2_interfaces/qcar2_interfaces/msg/rosidl_typesupport_fastrtps_c__visibility_control.h\n'}
[11.479437] (qcar2_interfaces) StdoutLine: {'line': b'-- Installing: /workspaces/isaac_ros-dev/install/qcar2_interfaces/lib/libqcar2_interfaces__rosidl_typesupport_fastrtps_c.so\n'}
[11.479582] (qcar2_interfaces) StdoutLine: {'line': b'-- Set runtime path of "/workspaces/isaac_ros-dev/install/qcar2_interfaces/lib/libqcar2_interfaces__rosidl_typesupport_fastrtps_c.so" to ""\n'}
[11.479681] (qcar2_interfaces) StdoutLine: {'line': b'-- Up-to-date: /workspaces/isaac_ros-dev/install/qcar2_interfaces/include/qcar2_interfaces/qcar2_interfaces\n'}
[11.480107] (qcar2_interfaces) StdoutLine: {'line': b'-- Up-to-date: /workspaces/isaac_ros-dev/install/qcar2_interfaces/include/qcar2_interfaces/qcar2_interfaces/msg\n'}
[11.480231] (qcar2_interfaces) StdoutLine: {'line': b'-- Installing: /workspaces/isaac_ros-dev/install/qcar2_interfaces/include/qcar2_interfaces/qcar2_interfaces/msg/rosidl_typesupport_introspection_c__visibility_control.h\n'}
[11.480331] (qcar2_interfaces) StdoutLine: {'line': b'-- Up-to-date: /workspaces/isaac_ros-dev/install/qcar2_interfaces/include/qcar2_interfaces/qcar2_interfaces/msg/detail\n'}
[11.480465] (qcar2_interfaces) StdoutLine: {'line': b'-- Installing: /workspaces/isaac_ros-dev/install/qcar2_interfaces/include/qcar2_interfaces/qcar2_interfaces/msg/detail/motor_commands__rosidl_typesupport_introspection_c.h\n'}
[11.480575] (qcar2_interfaces) StdoutLine: {'line': b'-- Installing: /workspaces/isaac_ros-dev/install/qcar2_interfaces/include/qcar2_interfaces/qcar2_interfaces/msg/detail/boolean_leds__type_support.c\n'}
[11.480750] (qcar2_interfaces) StdoutLine: {'line': b'-- Installing: /workspaces/isaac_ros-dev/install/qcar2_interfaces/include/qcar2_interfaces/qcar2_interfaces/msg/detail/boolean_leds__rosidl_typesupport_introspection_c.h\n'}
[11.480857] (qcar2_interfaces) StdoutLine: {'line': b'-- Installing: /workspaces/isaac_ros-dev/install/qcar2_interfaces/include/qcar2_interfaces/qcar2_interfaces/msg/detail/motor_commands__type_support.c\n'}
[11.481283] (qcar2_interfaces) StdoutLine: {'line': b'-- Installing: /workspaces/isaac_ros-dev/install/qcar2_interfaces/lib/libqcar2_interfaces__rosidl_typesupport_introspection_c.so\n'}
[11.481433] (qcar2_interfaces) StdoutLine: {'line': b'-- Set runtime path of "/workspaces/isaac_ros-dev/install/qcar2_interfaces/lib/libqcar2_interfaces__rosidl_typesupport_introspection_c.so" to ""\n'}
[11.481836] (qcar2_interfaces) StdoutLine: {'line': b'-- Installing: /workspaces/isaac_ros-dev/install/qcar2_interfaces/lib/libqcar2_interfaces__rosidl_typesupport_c.so\n'}
[11.482044] (qcar2_interfaces) StdoutLine: {'line': b'-- Set runtime path of "/workspaces/isaac_ros-dev/install/qcar2_interfaces/lib/libqcar2_interfaces__rosidl_typesupport_c.so" to ""\n'}
[11.482156] (qcar2_interfaces) StdoutLine: {'line': b'-- Up-to-date: /workspaces/isaac_ros-dev/install/qcar2_interfaces/include/qcar2_interfaces/qcar2_interfaces\n'}
[11.482250] (qcar2_interfaces) StdoutLine: {'line': b'-- Up-to-date: /workspaces/isaac_ros-dev/install/qcar2_interfaces/include/qcar2_interfaces/qcar2_interfaces/msg\n'}
[11.482343] (qcar2_interfaces) StdoutLine: {'line': b'-- Installing: /workspaces/isaac_ros-dev/install/qcar2_interfaces/include/qcar2_interfaces/qcar2_interfaces/msg/motor_commands.hpp\n'}
[11.482431] (qcar2_interfaces) StdoutLine: {'line': b'-- Installing: /workspaces/isaac_ros-dev/install/qcar2_interfaces/include/qcar2_interfaces/qcar2_interfaces/msg/boolean_leds.hpp\n'}
[11.483190] (qcar2_interfaces) StdoutLine: {'line': b'-- Up-to-date: /workspaces/isaac_ros-dev/install/qcar2_interfaces/include/qcar2_interfaces/qcar2_interfaces/msg/detail\n'}
[11.483345] (qcar2_interfaces) StdoutLine: {'line': b'-- Installing: /workspaces/isaac_ros-dev/install/qcar2_interfaces/include/qcar2_interfaces/qcar2_interfaces/msg/detail/motor_commands__builder.hpp\n'}
[11.483462] (qcar2_interfaces) StdoutLine: {'line': b'-- Installing: /workspaces/isaac_ros-dev/install/qcar2_interfaces/include/qcar2_interfaces/qcar2_interfaces/msg/detail/boolean_leds__traits.hpp\n'}
[11.483557] (qcar2_interfaces) StdoutLine: {'line': b'-- Installing: /workspaces/isaac_ros-dev/install/qcar2_interfaces/include/qcar2_interfaces/qcar2_interfaces/msg/detail/boolean_leds__builder.hpp\n'}
[11.483636] (qcar2_interfaces) StdoutLine: {'line': b'-- Installing: /workspaces/isaac_ros-dev/install/qcar2_interfaces/include/qcar2_interfaces/qcar2_interfaces/msg/detail/boolean_leds__struct.hpp\n'}
[11.483719] (qcar2_interfaces) StdoutLine: {'line': b'-- Installing: /workspaces/isaac_ros-dev/install/qcar2_interfaces/include/qcar2_interfaces/qcar2_interfaces/msg/detail/motor_commands__traits.hpp\n'}
[11.483801] (qcar2_interfaces) StdoutLine: {'line': b'-- Installing: /workspaces/isaac_ros-dev/install/qcar2_interfaces/include/qcar2_interfaces/qcar2_interfaces/msg/detail/motor_commands__struct.hpp\n'}
[11.483881] (qcar2_interfaces) StdoutLine: {'line': b'-- Up-to-date: /workspaces/isaac_ros-dev/install/qcar2_interfaces/include/qcar2_interfaces/qcar2_interfaces\n'}
[11.483964] (qcar2_interfaces) StdoutLine: {'line': b'-- Up-to-date: /workspaces/isaac_ros-dev/install/qcar2_interfaces/include/qcar2_interfaces/qcar2_interfaces/msg\n'}
[11.484077] (qcar2_interfaces) StdoutLine: {'line': b'-- Up-to-date: /workspaces/isaac_ros-dev/install/qcar2_interfaces/include/qcar2_interfaces/qcar2_interfaces/msg/detail\n'}
[11.484170] (qcar2_interfaces) StdoutLine: {'line': b'-- Installing: /workspaces/isaac_ros-dev/install/qcar2_interfaces/include/qcar2_interfaces/qcar2_interfaces/msg/detail/boolean_leds__rosidl_typesupport_fastrtps_cpp.hpp\n'}
[11.484257] (qcar2_interfaces) StdoutLine: {'line': b'-- Installing: /workspaces/isaac_ros-dev/install/qcar2_interfaces/include/qcar2_interfaces/qcar2_interfaces/msg/detail/dds_fastrtps\n'}
[11.484459] (qcar2_interfaces) StdoutLine: {'line': b'-- Installing: /workspaces/isaac_ros-dev/install/qcar2_interfaces/include/qcar2_interfaces/qcar2_interfaces/msg/detail/motor_commands__rosidl_typesupport_fastrtps_cpp.hpp\n'}
[11.484557] (qcar2_interfaces) StdoutLine: {'line': b'-- Installing: /workspaces/isaac_ros-dev/install/qcar2_interfaces/include/qcar2_interfaces/qcar2_interfaces/msg/rosidl_typesupport_fastrtps_cpp__visibility_control.h\n'}
[11.484647] (qcar2_interfaces) StdoutLine: {'line': b'-- Installing: /workspaces/isaac_ros-dev/install/qcar2_interfaces/lib/libqcar2_interfaces__rosidl_typesupport_fastrtps_cpp.so\n'}
[11.484742] (qcar2_interfaces) StdoutLine: {'line': b'-- Set runtime path of "/workspaces/isaac_ros-dev/install/qcar2_interfaces/lib/libqcar2_interfaces__rosidl_typesupport_fastrtps_cpp.so" to ""\n'}
[11.484836] (qcar2_interfaces) StdoutLine: {'line': b'-- Up-to-date: /workspaces/isaac_ros-dev/install/qcar2_interfaces/include/qcar2_interfaces/qcar2_interfaces\n'}
[11.484926] (qcar2_interfaces) StdoutLine: {'line': b'-- Up-to-date: /workspaces/isaac_ros-dev/install/qcar2_interfaces/include/qcar2_interfaces/qcar2_interfaces/msg\n'}
[11.485306] (qcar2_interfaces) StdoutLine: {'line': b'-- Up-to-date: /workspaces/isaac_ros-dev/install/qcar2_interfaces/include/qcar2_interfaces/qcar2_interfaces/msg/detail\n'}
[11.485557] (qcar2_interfaces) StdoutLine: {'line': b'-- Installing: /workspaces/isaac_ros-dev/install/qcar2_interfaces/include/qcar2_interfaces/qcar2_interfaces/msg/detail/motor_commands__rosidl_typesupport_introspection_cpp.hpp\n'}
[11.486043] (qcar2_interfaces) StdoutLine: {'line': b'-- Installing: /workspaces/isaac_ros-dev/install/qcar2_interfaces/include/qcar2_interfaces/qcar2_interfaces/msg/detail/boolean_leds__rosidl_typesupport_introspection_cpp.hpp\n'}
[11.486266] (qcar2_interfaces) StdoutLine: {'line': b'-- Installing: /workspaces/isaac_ros-dev/install/qcar2_interfaces/include/qcar2_interfaces/qcar2_interfaces/msg/detail/motor_commands__type_support.cpp\n'}
[11.486376] (qcar2_interfaces) StdoutLine: {'line': b'-- Installing: /workspaces/isaac_ros-dev/install/qcar2_interfaces/include/qcar2_interfaces/qcar2_interfaces/msg/detail/boolean_leds__type_support.cpp\n'}
[11.486690] (qcar2_interfaces) StdoutLine: {'line': b'-- Installing: /workspaces/isaac_ros-dev/install/qcar2_interfaces/lib/libqcar2_interfaces__rosidl_typesupport_introspection_cpp.so\n'}
[11.486945] (qcar2_interfaces) StdoutLine: {'line': b'-- Set runtime path of "/workspaces/isaac_ros-dev/install/qcar2_interfaces/lib/libqcar2_interfaces__rosidl_typesupport_introspection_cpp.so" to ""\n'}
[11.487053] (qcar2_interfaces) StdoutLine: {'line': b'-- Installing: /workspaces/isaac_ros-dev/install/qcar2_interfaces/lib/libqcar2_interfaces__rosidl_typesupport_cpp.so\n'}
[11.487150] (qcar2_interfaces) StdoutLine: {'line': b'-- Set runtime path of "/workspaces/isaac_ros-dev/install/qcar2_interfaces/lib/libqcar2_interfaces__rosidl_typesupport_cpp.so" to ""\n'}
[11.487255] (qcar2_interfaces) StdoutLine: {'line': b'-- Installing: /workspaces/isaac_ros-dev/install/qcar2_interfaces/share/qcar2_interfaces/environment/pythonpath.sh\n'}
[11.487347] (qcar2_interfaces) StdoutLine: {'line': b'-- Installing: /workspaces/isaac_ros-dev/install/qcar2_interfaces/share/qcar2_interfaces/environment/pythonpath.dsv\n'}
[11.487440] (qcar2_interfaces) StdoutLine: {'line': b'-- Installing: /workspaces/isaac_ros-dev/install/qcar2_interfaces/lib/python3.8/site-packages/qcar2_interfaces-0.0.0-py3.8.egg-info\n'}
[11.487597] (qcar2_interfaces) StdoutLine: {'line': b'-- Installing: /workspaces/isaac_ros-dev/install/qcar2_interfaces/lib/python3.8/site-packages/qcar2_interfaces-0.0.0-py3.8.egg-info/dependency_links.txt\n'}
[11.487697] (qcar2_interfaces) StdoutLine: {'line': b'-- Installing: /workspaces/isaac_ros-dev/install/qcar2_interfaces/lib/python3.8/site-packages/qcar2_interfaces-0.0.0-py3.8.egg-info/PKG-INFO\n'}
[11.487791] (qcar2_interfaces) StdoutLine: {'line': b'-- Installing: /workspaces/isaac_ros-dev/install/qcar2_interfaces/lib/python3.8/site-packages/qcar2_interfaces-0.0.0-py3.8.egg-info/SOURCES.txt\n'}
[11.487896] (qcar2_interfaces) StdoutLine: {'line': b'-- Installing: /workspaces/isaac_ros-dev/install/qcar2_interfaces/lib/python3.8/site-packages/qcar2_interfaces-0.0.0-py3.8.egg-info/top_level.txt\n'}
[11.487987] (qcar2_interfaces) StdoutLine: {'line': b'-- Installing: /workspaces/isaac_ros-dev/install/qcar2_interfaces/lib/python3.8/site-packages/qcar2_interfaces\n'}
[11.488079] (qcar2_interfaces) StdoutLine: {'line': b'-- Installing: /workspaces/isaac_ros-dev/install/qcar2_interfaces/lib/python3.8/site-packages/qcar2_interfaces/_qcar2_interfaces_s.ep.rosidl_typesupport_c.c\n'}
[11.488174] (qcar2_interfaces) StdoutLine: {'line': b'-- Installing: /workspaces/isaac_ros-dev/install/qcar2_interfaces/lib/python3.8/site-packages/qcar2_interfaces/__init__.py\n'}
[11.488274] (qcar2_interfaces) StdoutLine: {'line': b'-- Installing: /workspaces/isaac_ros-dev/install/qcar2_interfaces/lib/python3.8/site-packages/qcar2_interfaces/_qcar2_interfaces_s.ep.rosidl_typesupport_fastrtps_c.c\n'}
[11.488373] (qcar2_interfaces) StdoutLine: {'line': b'-- Installing: /workspaces/isaac_ros-dev/install/qcar2_interfaces/lib/python3.8/site-packages/qcar2_interfaces/qcar2_interfaces_s__rosidl_typesupport_c.cpython-38-x86_64-linux-gnu.so\n'}
[11.488480] (qcar2_interfaces) StdoutLine: {'line': b'-- Installing: /workspaces/isaac_ros-dev/install/qcar2_interfaces/lib/python3.8/site-packages/qcar2_interfaces/_qcar2_interfaces_s.ep.rosidl_typesupport_introspection_c.c\n'}
[11.488621] (qcar2_interfaces) StdoutLine: {'line': b'-- Installing: /workspaces/isaac_ros-dev/install/qcar2_interfaces/lib/python3.8/site-packages/qcar2_interfaces/qcar2_interfaces_s__rosidl_typesupport_fastrtps_c.cpython-38-x86_64-linux-gnu.so\n'}
[11.489318] (qcar2_interfaces) StdoutLine: {'line': b'-- Installing: /workspaces/isaac_ros-dev/install/qcar2_interfaces/lib/python3.8/site-packages/qcar2_interfaces/msg\n'}
[11.489635] (qcar2_interfaces) StdoutLine: {'line': b'-- Installing: /workspaces/isaac_ros-dev/install/qcar2_interfaces/lib/python3.8/site-packages/qcar2_interfaces/msg/_boolean_leds.py\n'}
[11.489765] (qcar2_interfaces) StdoutLine: {'line': b'-- Installing: /workspaces/isaac_ros-dev/install/qcar2_interfaces/lib/python3.8/site-packages/qcar2_interfaces/msg/__init__.py\n'}
[11.489884] (qcar2_interfaces) StdoutLine: {'line': b'-- Installing: /workspaces/isaac_ros-dev/install/qcar2_interfaces/lib/python3.8/site-packages/qcar2_interfaces/msg/_boolean_leds_s.c\n'}
[11.489991] (qcar2_interfaces) StdoutLine: {'line': b'-- Installing: /workspaces/isaac_ros-dev/install/qcar2_interfaces/lib/python3.8/site-packages/qcar2_interfaces/msg/_motor_commands_s.c\n'}
[11.490112] (qcar2_interfaces) StdoutLine: {'line': b'-- Installing: /workspaces/isaac_ros-dev/install/qcar2_interfaces/lib/python3.8/site-packages/qcar2_interfaces/msg/_motor_commands.py\n'}
[11.490236] (qcar2_interfaces) StdoutLine: {'line': b'-- Installing: /workspaces/isaac_ros-dev/install/qcar2_interfaces/lib/python3.8/site-packages/qcar2_interfaces/libqcar2_interfaces__rosidl_generator_py.so\n'}
[11.490335] (qcar2_interfaces) StdoutLine: {'line': b'-- Installing: /workspaces/isaac_ros-dev/install/qcar2_interfaces/lib/python3.8/site-packages/qcar2_interfaces/qcar2_interfaces_s__rosidl_typesupport_introspection_c.cpython-38-x86_64-linux-gnu.so\n'}
[11.552310] (-) TimerEvent: {}
[11.568598] (qcar2_interfaces) StdoutLine: {'line': b"Listing '/workspaces/isaac_ros-dev/install/qcar2_interfaces/lib/python3.8/site-packages/qcar2_interfaces'...\n"}
[11.568905] (qcar2_interfaces) StdoutLine: {'line': b"Compiling '/workspaces/isaac_ros-dev/install/qcar2_interfaces/lib/python3.8/site-packages/qcar2_interfaces/__init__.py'...\n"}
[11.569022] (qcar2_interfaces) StdoutLine: {'line': b"Listing '/workspaces/isaac_ros-dev/install/qcar2_interfaces/lib/python3.8/site-packages/qcar2_interfaces/msg'...\n"}
[11.569118] (qcar2_interfaces) StdoutLine: {'line': b"Compiling '/workspaces/isaac_ros-dev/install/qcar2_interfaces/lib/python3.8/site-packages/qcar2_interfaces/msg/__init__.py'...\n"}
[11.569207] (qcar2_interfaces) StdoutLine: {'line': b"Compiling '/workspaces/isaac_ros-dev/install/qcar2_interfaces/lib/python3.8/site-packages/qcar2_interfaces/msg/_boolean_leds.py'...\n"}
[11.569296] (qcar2_interfaces) StdoutLine: {'line': b"Compiling '/workspaces/isaac_ros-dev/install/qcar2_interfaces/lib/python3.8/site-packages/qcar2_interfaces/msg/_motor_commands.py'...\n"}
[11.577655] (qcar2_interfaces) StdoutLine: {'line': b'-- Installing: /workspaces/isaac_ros-dev/install/qcar2_interfaces/lib/python3.8/site-packages/qcar2_interfaces/qcar2_interfaces_s__rosidl_typesupport_fastrtps_c.cpython-38-x86_64-linux-gnu.so\n'}
[11.578073] (qcar2_interfaces) StdoutLine: {'line': b'-- Set runtime path of "/workspaces/isaac_ros-dev/install/qcar2_interfaces/lib/python3.8/site-packages/qcar2_interfaces/qcar2_interfaces_s__rosidl_typesupport_fastrtps_c.cpython-38-x86_64-linux-gnu.so" to ""\n'}
[11.578336] (qcar2_interfaces) StdoutLine: {'line': b'-- Installing: /workspaces/isaac_ros-dev/install/qcar2_interfaces/lib/python3.8/site-packages/qcar2_interfaces/qcar2_interfaces_s__rosidl_typesupport_introspection_c.cpython-38-x86_64-linux-gnu.so\n'}
[11.578967] (qcar2_interfaces) StdoutLine: {'line': b'-- Set runtime path of "/workspaces/isaac_ros-dev/install/qcar2_interfaces/lib/python3.8/site-packages/qcar2_interfaces/qcar2_interfaces_s__rosidl_typesupport_introspection_c.cpython-38-x86_64-linux-gnu.so" to ""\n'}
[11.579297] (qcar2_interfaces) StdoutLine: {'line': b'-- Installing: /workspaces/isaac_ros-dev/install/qcar2_interfaces/lib/python3.8/site-packages/qcar2_interfaces/qcar2_interfaces_s__rosidl_typesupport_c.cpython-38-x86_64-linux-gnu.so\n'}
[11.579981] (qcar2_interfaces) StdoutLine: {'line': b'-- Set runtime path of "/workspaces/isaac_ros-dev/install/qcar2_interfaces/lib/python3.8/site-packages/qcar2_interfaces/qcar2_interfaces_s__rosidl_typesupport_c.cpython-38-x86_64-linux-gnu.so" to ""\n'}
[11.580230] (qcar2_interfaces) StdoutLine: {'line': b'-- Installing: /workspaces/isaac_ros-dev/install/qcar2_interfaces/lib/libqcar2_interfaces__rosidl_generator_py.so\n'}
[11.581015] (qcar2_interfaces) StdoutLine: {'line': b'-- Set runtime path of "/workspaces/isaac_ros-dev/install/qcar2_interfaces/lib/libqcar2_interfaces__rosidl_generator_py.so" to ""\n'}
[11.581178] (qcar2_interfaces) StdoutLine: {'line': b'-- Installing: /workspaces/isaac_ros-dev/install/qcar2_interfaces/share/qcar2_interfaces/msg/MotorCommands.idl\n'}
[11.581296] (qcar2_interfaces) StdoutLine: {'line': b'-- Installing: /workspaces/isaac_ros-dev/install/qcar2_interfaces/share/qcar2_interfaces/msg/BooleanLeds.idl\n'}
[11.581409] (qcar2_interfaces) StdoutLine: {'line': b'-- Installing: /workspaces/isaac_ros-dev/install/qcar2_interfaces/share/qcar2_interfaces/msg/MotorCommands.msg\n'}
[11.581593] (qcar2_interfaces) StdoutLine: {'line': b'-- Installing: /workspaces/isaac_ros-dev/install/qcar2_interfaces/share/qcar2_interfaces/msg/BooleanLeds.msg\n'}
[11.581834] (qcar2_interfaces) StdoutLine: {'line': b'-- Installing: /workspaces/isaac_ros-dev/install/qcar2_interfaces/share/ament_index/resource_index/package_run_dependencies/qcar2_interfaces\n'}
[11.582099] (qcar2_interfaces) StdoutLine: {'line': b'-- Installing: /workspaces/isaac_ros-dev/install/qcar2_interfaces/share/ament_index/resource_index/parent_prefix_path/qcar2_interfaces\n'}
[11.582285] (qcar2_interfaces) StdoutLine: {'line': b'-- Installing: /workspaces/isaac_ros-dev/install/qcar2_interfaces/share/qcar2_interfaces/environment/ament_prefix_path.sh\n'}
[11.582399] (qcar2_interfaces) StdoutLine: {'line': b'-- Installing: /workspaces/isaac_ros-dev/install/qcar2_interfaces/share/qcar2_interfaces/environment/ament_prefix_path.dsv\n'}
[11.582555] (qcar2_interfaces) StdoutLine: {'line': b'-- Installing: /workspaces/isaac_ros-dev/install/qcar2_interfaces/share/qcar2_interfaces/environment/path.sh\n'}
[11.582663] (qcar2_interfaces) StdoutLine: {'line': b'-- Installing: /workspaces/isaac_ros-dev/install/qcar2_interfaces/share/qcar2_interfaces/environment/path.dsv\n'}
[11.582761] (qcar2_interfaces) StdoutLine: {'line': b'-- Installing: /workspaces/isaac_ros-dev/install/qcar2_interfaces/share/qcar2_interfaces/local_setup.bash\n'}
[11.582879] (qcar2_interfaces) StdoutLine: {'line': b'-- Installing: /workspaces/isaac_ros-dev/install/qcar2_interfaces/share/qcar2_interfaces/local_setup.sh\n'}
[11.583208] (qcar2_interfaces) StdoutLine: {'line': b'-- Installing: /workspaces/isaac_ros-dev/install/qcar2_interfaces/share/qcar2_interfaces/local_setup.zsh\n'}
[11.583417] (qcar2_interfaces) StdoutLine: {'line': b'-- Installing: /workspaces/isaac_ros-dev/install/qcar2_interfaces/share/qcar2_interfaces/local_setup.dsv\n'}
[11.583584] (qcar2_interfaces) StdoutLine: {'line': b'-- Installing: /workspaces/isaac_ros-dev/install/qcar2_interfaces/share/qcar2_interfaces/package.dsv\n'}
[11.583701] (qcar2_interfaces) StdoutLine: {'line': b'-- Installing: /workspaces/isaac_ros-dev/install/qcar2_interfaces/share/ament_index/resource_index/packages/qcar2_interfaces\n'}
[11.583807] (qcar2_interfaces) StdoutLine: {'line': b'-- Installing: /workspaces/isaac_ros-dev/install/qcar2_interfaces/share/qcar2_interfaces/cmake/export_qcar2_interfaces__rosidl_generator_cExport.cmake\n'}
[11.583915] (qcar2_interfaces) StdoutLine: {'line': b'-- Installing: /workspaces/isaac_ros-dev/install/qcar2_interfaces/share/qcar2_interfaces/cmake/export_qcar2_interfaces__rosidl_generator_cExport-noconfig.cmake\n'}
[11.584124] (qcar2_interfaces) StdoutLine: {'line': b'-- Installing: /workspaces/isaac_ros-dev/install/qcar2_interfaces/share/qcar2_interfaces/cmake/export_qcar2_interfaces__rosidl_typesupport_fastrtps_cExport.cmake\n'}
[11.584324] (qcar2_interfaces) StdoutLine: {'line': b'-- Installing: /workspaces/isaac_ros-dev/install/qcar2_interfaces/share/qcar2_interfaces/cmake/export_qcar2_interfaces__rosidl_typesupport_fastrtps_cExport-noconfig.cmake\n'}
[11.584442] (qcar2_interfaces) StdoutLine: {'line': b'-- Installing: /workspaces/isaac_ros-dev/install/qcar2_interfaces/share/qcar2_interfaces/cmake/qcar2_interfaces__rosidl_typesupport_introspection_cExport.cmake\n'}
[11.584606] (qcar2_interfaces) StdoutLine: {'line': b'-- Installing: /workspaces/isaac_ros-dev/install/qcar2_interfaces/share/qcar2_interfaces/cmake/qcar2_interfaces__rosidl_typesupport_introspection_cExport-noconfig.cmake\n'}
[11.584969] (qcar2_interfaces) StdoutLine: {'line': b'-- Installing: /workspaces/isaac_ros-dev/install/qcar2_interfaces/share/qcar2_interfaces/cmake/qcar2_interfaces__rosidl_typesupport_cExport.cmake\n'}
[11.585151] (qcar2_interfaces) StdoutLine: {'line': b'-- Installing: /workspaces/isaac_ros-dev/install/qcar2_interfaces/share/qcar2_interfaces/cmake/qcar2_interfaces__rosidl_typesupport_cExport-noconfig.cmake\n'}
[11.585321] (qcar2_interfaces) StdoutLine: {'line': b'-- Installing: /workspaces/isaac_ros-dev/install/qcar2_interfaces/share/qcar2_interfaces/cmake/export_qcar2_interfaces__rosidl_generator_cppExport.cmake\n'}
[11.585514] (qcar2_interfaces) StdoutLine: {'line': b'-- Installing: /workspaces/isaac_ros-dev/install/qcar2_interfaces/share/qcar2_interfaces/cmake/export_qcar2_interfaces__rosidl_typesupport_fastrtps_cppExport.cmake\n'}
[11.585688] (qcar2_interfaces) StdoutLine: {'line': b'-- Installing: /workspaces/isaac_ros-dev/install/qcar2_interfaces/share/qcar2_interfaces/cmake/export_qcar2_interfaces__rosidl_typesupport_fastrtps_cppExport-noconfig.cmake\n'}
[11.585927] (qcar2_interfaces) StdoutLine: {'line': b'-- Installing: /workspaces/isaac_ros-dev/install/qcar2_interfaces/share/qcar2_interfaces/cmake/qcar2_interfaces__rosidl_typesupport_introspection_cppExport.cmake\n'}
[11.586221] (qcar2_interfaces) StdoutLine: {'line': b'-- Installing: /workspaces/isaac_ros-dev/install/qcar2_interfaces/share/qcar2_interfaces/cmake/qcar2_interfaces__rosidl_typesupport_introspection_cppExport-noconfig.cmake\n'}
[11.586595] (qcar2_interfaces) StdoutLine: {'line': b'-- Installing: /workspaces/isaac_ros-dev/install/qcar2_interfaces/share/qcar2_interfaces/cmake/qcar2_interfaces__rosidl_typesupport_cppExport.cmake\n'}
[11.586962] (qcar2_interfaces) StdoutLine: {'line': b'-- Installing: /workspaces/isaac_ros-dev/install/qcar2_interfaces/share/qcar2_interfaces/cmake/qcar2_interfaces__rosidl_typesupport_cppExport-noconfig.cmake\n'}
[11.587318] (qcar2_interfaces) StdoutLine: {'line': b'-- Installing: /workspaces/isaac_ros-dev/install/qcar2_interfaces/share/qcar2_interfaces/cmake/export_qcar2_interfaces__rosidl_generator_pyExport.cmake\n'}
[11.587426] (qcar2_interfaces) StdoutLine: {'line': b'-- Installing: /workspaces/isaac_ros-dev/install/qcar2_interfaces/share/qcar2_interfaces/cmake/export_qcar2_interfaces__rosidl_generator_pyExport-noconfig.cmake\n'}
[11.587849] (qcar2_interfaces) StdoutLine: {'line': b'-- Installing: /workspaces/isaac_ros-dev/install/qcar2_interfaces/share/qcar2_interfaces/cmake/rosidl_cmake-extras.cmake\n'}
[11.588116] (qcar2_interfaces) StdoutLine: {'line': b'-- Installing: /workspaces/isaac_ros-dev/install/qcar2_interfaces/share/qcar2_interfaces/cmake/ament_cmake_export_include_directories-extras.cmake\n'}
[11.588237] (qcar2_interfaces) StdoutLine: {'line': b'-- Installing: /workspaces/isaac_ros-dev/install/qcar2_interfaces/share/qcar2_interfaces/cmake/ament_cmake_export_libraries-extras.cmake\n'}
[11.588347] (qcar2_interfaces) StdoutLine: {'line': b'-- Installing: /workspaces/isaac_ros-dev/install/qcar2_interfaces/share/qcar2_interfaces/cmake/ament_cmake_export_targets-extras.cmake\n'}
[11.588464] (qcar2_interfaces) StdoutLine: {'line': b'-- Installing: /workspaces/isaac_ros-dev/install/qcar2_interfaces/share/qcar2_interfaces/cmake/rosidl_cmake_export_typesupport_targets-extras.cmake\n'}
[11.588943] (qcar2_interfaces) StdoutLine: {'line': b'-- Installing: /workspaces/isaac_ros-dev/install/qcar2_interfaces/share/qcar2_interfaces/cmake/ament_cmake_export_dependencies-extras.cmake\n'}
[11.589085] (qcar2_interfaces) StdoutLine: {'line': b'-- Installing: /workspaces/isaac_ros-dev/install/qcar2_interfaces/share/qcar2_interfaces/cmake/rosidl_cmake_export_typesupport_libraries-extras.cmake\n'}
[11.589202] (qcar2_interfaces) StdoutLine: {'line': b'-- Installing: /workspaces/isaac_ros-dev/install/qcar2_interfaces/share/qcar2_interfaces/cmake/qcar2_interfacesConfig.cmake\n'}
[11.589340] (qcar2_interfaces) StdoutLine: {'line': b'-- Installing: /workspaces/isaac_ros-dev/install/qcar2_interfaces/share/qcar2_interfaces/cmake/qcar2_interfacesConfig-version.cmake\n'}
[11.589858] (qcar2_interfaces) StdoutLine: {'line': b'-- Installing: /workspaces/isaac_ros-dev/install/qcar2_interfaces/share/qcar2_interfaces/package.xml\n'}
[11.593472] (qcar2_interfaces) CommandEnded: {'returncode': 0}
[11.653275] (-) TimerEvent: {}
[11.754180] (-) TimerEvent: {}
[11.854830] (-) TimerEvent: {}
[11.955476] (-) TimerEvent: {}
[12.055921] (-) TimerEvent: {}
[12.156356] (-) TimerEvent: {}
[12.256868] (-) TimerEvent: {}
[12.357332] (-) TimerEvent: {}
[12.457798] (-) TimerEvent: {}
[12.558237] (-) TimerEvent: {}
[12.658771] (-) TimerEvent: {}
[12.759246] (-) TimerEvent: {}
[12.859707] (-) TimerEvent: {}
[12.960294] (-) TimerEvent: {}
[13.060920] (-) TimerEvent: {}
[13.161428] (-) TimerEvent: {}
[13.262014] (-) TimerEvent: {}
[13.362588] (-) TimerEvent: {}
[13.463044] (-) TimerEvent: {}
[13.563509] (-) TimerEvent: {}
[13.664417] (-) TimerEvent: {}
[13.742842] (qcar2_interfaces) JobEnded: {'identifier': 'qcar2_interfaces', 'rc': 0}
[13.744298] (qcar2_nodes) JobStarted: {'identifier': 'qcar2_nodes'}
[13.765230] (-) TimerEvent: {}
[13.845413] (qcar2_nodes_copy) JobStarted: {'identifier': 'qcar2_nodes_copy'}
[13.866213] (-) TimerEvent: {}
[13.946409] (ros2test) JobStarted: {'identifier': 'ros2test'}
[13.966596] (-) TimerEvent: {}
[14.068328] (-) TimerEvent: {}
[14.072422] (qcar2_nodes) JobProgress: {'identifier': 'qcar2_nodes', 'progress': 'cmake'}
[14.075975] (qcar2_nodes) Command: {'cmd': ['/usr/bin/cmake', '/workspaces/isaac_ros-dev/ros2/src/qcar2_nodes', '-DCMAKE_INSTALL_PREFIX=/workspaces/isaac_ros-dev/install/qcar2_nodes'], 'cwd': '/workspaces/isaac_ros-dev/build/qcar2_nodes', 'env': OrderedDict([('NPP_VERSION', '11.8.0.86'), ('SHELL', '/bin/bash'), ('ROS_VERSION', '2'), ('NVIDIA_VISIBLE_DEVICES', 'all'), ('DALI_BUILD', '5838886'), ('CUSOLVER_VERSION', '11.4.1.48'), ('USER_UID', '1000'), ('CUBLAS_VERSION', '11.11.3.6'), ('ROS_PYTHON_VERSION', '3'), ('HOSTNAME', 'viet-Precision-7680'), ('FASTRTPS_DEFAULT_PROFILES_FILE', '/usr/local/share/middleware_profiles/rtps_udp_profile.xml'), ('DCGM_VERSION', '2.2.9'), ('NVIDIA_REQUIRE_CUDA', 'cuda>=9.0'), ('CUFFT_VERSION', '10.9.0.58'), ('CUDA_CACHE_DISABLE', '1'), ('NCCL_VERSION', '2.15.1'), ('CUSPARSE_VERSION', '11.7.5.86'), ('ENV', '/etc/shinit_v2'), ('PWD', '/workspaces/isaac_ros-dev/build/qcar2_nodes'), ('OPENUCX_VERSION', '1.14.0'), ('NSIGHT_SYSTEMS_VERSION', '2022.3.1.43'), ('NVIDIA_DRIVER_CAPABILITIES', 'all'), ('POLYGRAPHY_VERSION', '0.38.0'), ('TF_ENABLE_WINOGRAD_NONFUSED', '1'), ('TRT_VERSION', '8.5.0.12'), ('USER_GID', '1000'), ('NVIDIA_PRODUCT_NAME', 'Triton Server'), ('RDMACORE_VERSION', '36.0'), ('HOME', '/home/admin'), ('USERNAME', 'admin'), ('LANG', 'en_US.UTF-8'), ('CUDA_VERSION', '11.8.0.062'), ('CURAND_VERSION', '10.3.0.86'), ('AMENT_PREFIX_PATH', '/workspaces/isaac_ros-dev/install/ros2test:/workspaces/isaac_ros-dev/install/qcar2_nodes:/workspaces/isaac_ros-dev/install/qcar2_interfaces:/opt/ros/humble'), ('CMAKE_PREFIX_PATH', '/workspaces/isaac_ros-dev/install/qcar2_interfaces:/workspaces/isaac_ros-dev/install/qcar2_nodes:/workspaces/isaac_ros-dev/install/ros2test:/opt/ros/humble'), ('COLCON_PREFIX_PATH', '/workspaces/isaac_ros-dev/install'), ('CUTENSOR_VERSION', '1.6.1.5'), ('TRITON_SERVER_GPU_ENABLED', '1'), ('HPCX_VERSION', '2.12.1a0'), ('PYTHONPATH', '/workspaces/isaac_ros-dev/install/qcar2_interfaces/lib/python3.8/site-packages:/workspaces/isaac_ros-dev/install/ros2test/lib/python3.8/site-packages:/opt/ros/humble/lib/python3.8/site-packages:/home/Quanser/libraries/python'), ('COLCON', '1'), ('TERM', 'xterm'), ('TRITON_SERVER_VERSION', '2.26.0'), ('GDRCOPY_VERSION', '2.3'), ('USER', 'viet'), ('OPENMPI_VERSION', '4.1.4'), ('NVJPEG_VERSION', '11.9.0.86'), ('LIBRARY_PATH', '/usr/local/cuda/lib64/stubs:'), ('DISPLAY', ':1'), ('SHLVL', '1'), ('BASH_ENV', '/etc/bash.bashrc'), ('TF_AUTOTUNE_THRESHOLD', '2'), ('CUDNN_VERSION', '8.6.0.163'), ('NSIGHT_COMPUTE_VERSION', '2022.3.0.22'), ('DALI_VERSION', '1.17.0'), ('NVIDIA_TRITON_SERVER_VERSION', '22.09'), ('LD_LIBRARY_PATH', '/workspaces/isaac_ros-dev/install/qcar2_interfaces/lib:/opt/ros/humble/opt/rviz_ogre_vendor/lib:/opt/ros/humble/lib/x86_64-linux-gnu:/opt/ros/humble/lib:/opt/tritonserver/backends/onnxruntime:/usr/local/cuda/compat/lib:/usr/local/nvidia/lib:/usr/local/nvidia/lib64:/opt/tritonserver/lib'), ('NVIDIA_BUILD_ID', '44909143'), ('ROS_LOCALHOST_ONLY', '0'), ('OMPI_MCA_coll_hcoll_enable', '0'), ('OPAL_PREFIX', '/opt/hpcx/ompi'), ('CUDA_DRIVER_VERSION', '520.61.03'), ('_CUDA_COMPAT_PATH', '/usr/local/cuda/compat'), ('PATH', '/opt/ros/humble/bin:/opt/tritonserver/bin:/usr/local/mpi/bin:/usr/local/nvidia/bin:/usr/local/cuda/bin:/usr/local/sbin:/usr/local/bin:/usr/sbin:/usr/bin:/sbin:/bin:/usr/local/ucx/bin:/opt/nvidia/tao'), ('TRITON_SERVER_USER', 'triton-server'), ('PYTHONWARNINGS', 'ignore:::setuptools.command.install,ignore:::setuptools.command.easy_install,ignore:::pkg_resources'), ('MOFED_VERSION', '5.4-rdmacore36.0'), ('TRTOSS_VERSION', ''), ('DEBIAN_FRONTEND', 'noninteractive'), ('ROS_ROOT', '/opt/ros/humble'), ('ROS_DISTRO', 'humble'), ('TF_ADJUST_HUE_FUSED', '1'), ('TF_ADJUST_SATURATION_FUSED', '1'), ('SHARP_COLL_ENABLE_CUDA', '0'), ('RMW_IMPLEMENTATION', 'rmw_fastrtps_cpp'), ('_', '/usr/bin/env')]), 'shell': False}
[14.081994] (qcar2_nodes_copy) JobProgress: {'identifier': 'qcar2_nodes_copy', 'progress': 'cmake'}
[14.085901] (qcar2_nodes_copy) Command: {'cmd': ['/usr/bin/cmake', '/workspaces/isaac_ros-dev/ros2/src/qcar2_nodes_copy', '-DCMAKE_INSTALL_PREFIX=/workspaces/isaac_ros-dev/install/qcar2_nodes_copy'], 'cwd': '/workspaces/isaac_ros-dev/build/qcar2_nodes_copy', 'env': OrderedDict([('NPP_VERSION', '11.8.0.86'), ('SHELL', '/bin/bash'), ('ROS_VERSION', '2'), ('NVIDIA_VISIBLE_DEVICES', 'all'), ('DALI_BUILD', '5838886'), ('CUSOLVER_VERSION', '11.4.1.48'), ('USER_UID', '1000'), ('CUBLAS_VERSION', '11.11.3.6'), ('ROS_PYTHON_VERSION', '3'), ('HOSTNAME', 'viet-Precision-7680'), ('FASTRTPS_DEFAULT_PROFILES_FILE', '/usr/local/share/middleware_profiles/rtps_udp_profile.xml'), ('DCGM_VERSION', '2.2.9'), ('NVIDIA_REQUIRE_CUDA', 'cuda>=9.0'), ('CUFFT_VERSION', '10.9.0.58'), ('CUDA_CACHE_DISABLE', '1'), ('NCCL_VERSION', '2.15.1'), ('CUSPARSE_VERSION', '11.7.5.86'), ('ENV', '/etc/shinit_v2'), ('PWD', '/workspaces/isaac_ros-dev/build/qcar2_nodes_copy'), ('OPENUCX_VERSION', '1.14.0'), ('NSIGHT_SYSTEMS_VERSION', '2022.3.1.43'), ('NVIDIA_DRIVER_CAPABILITIES', 'all'), ('POLYGRAPHY_VERSION', '0.38.0'), ('TF_ENABLE_WINOGRAD_NONFUSED', '1'), ('TRT_VERSION', '8.5.0.12'), ('USER_GID', '1000'), ('NVIDIA_PRODUCT_NAME', 'Triton Server'), ('RDMACORE_VERSION', '36.0'), ('HOME', '/home/admin'), ('USERNAME', 'admin'), ('LANG', 'en_US.UTF-8'), ('CUDA_VERSION', '11.8.0.062'), ('CURAND_VERSION', '10.3.0.86'), ('AMENT_PREFIX_PATH', '/workspaces/isaac_ros-dev/install/ros2test:/workspaces/isaac_ros-dev/install/qcar2_nodes:/workspaces/isaac_ros-dev/install/qcar2_interfaces:/opt/ros/humble'), ('CMAKE_PREFIX_PATH', '/workspaces/isaac_ros-dev/install/qcar2_interfaces:/workspaces/isaac_ros-dev/install/qcar2_nodes:/workspaces/isaac_ros-dev/install/ros2test:/opt/ros/humble'), ('COLCON_PREFIX_PATH', '/workspaces/isaac_ros-dev/install'), ('CUTENSOR_VERSION', '1.6.1.5'), ('TRITON_SERVER_GPU_ENABLED', '1'), ('HPCX_VERSION', '2.12.1a0'), ('PYTHONPATH', '/workspaces/isaac_ros-dev/install/qcar2_interfaces/lib/python3.8/site-packages:/workspaces/isaac_ros-dev/install/ros2test/lib/python3.8/site-packages:/opt/ros/humble/lib/python3.8/site-packages:/home/Quanser/libraries/python'), ('COLCON', '1'), ('TERM', 'xterm'), ('TRITON_SERVER_VERSION', '2.26.0'), ('GDRCOPY_VERSION', '2.3'), ('USER', 'viet'), ('OPENMPI_VERSION', '4.1.4'), ('NVJPEG_VERSION', '11.9.0.86'), ('LIBRARY_PATH', '/usr/local/cuda/lib64/stubs:'), ('DISPLAY', ':1'), ('SHLVL', '1'), ('BASH_ENV', '/etc/bash.bashrc'), ('TF_AUTOTUNE_THRESHOLD', '2'), ('CUDNN_VERSION', '8.6.0.163'), ('NSIGHT_COMPUTE_VERSION', '2022.3.0.22'), ('DALI_VERSION', '1.17.0'), ('NVIDIA_TRITON_SERVER_VERSION', '22.09'), ('LD_LIBRARY_PATH', '/workspaces/isaac_ros-dev/install/qcar2_interfaces/lib:/opt/ros/humble/opt/rviz_ogre_vendor/lib:/opt/ros/humble/lib/x86_64-linux-gnu:/opt/ros/humble/lib:/opt/tritonserver/backends/onnxruntime:/usr/local/cuda/compat/lib:/usr/local/nvidia/lib:/usr/local/nvidia/lib64:/opt/tritonserver/lib'), ('NVIDIA_BUILD_ID', '44909143'), ('ROS_LOCALHOST_ONLY', '0'), ('OMPI_MCA_coll_hcoll_enable', '0'), ('OPAL_PREFIX', '/opt/hpcx/ompi'), ('CUDA_DRIVER_VERSION', '520.61.03'), ('_CUDA_COMPAT_PATH', '/usr/local/cuda/compat'), ('PATH', '/opt/ros/humble/bin:/opt/tritonserver/bin:/usr/local/mpi/bin:/usr/local/nvidia/bin:/usr/local/cuda/bin:/usr/local/sbin:/usr/local/bin:/usr/sbin:/usr/bin:/sbin:/bin:/usr/local/ucx/bin:/opt/nvidia/tao'), ('TRITON_SERVER_USER', 'triton-server'), ('PYTHONWARNINGS', 'ignore:::setuptools.command.install,ignore:::setuptools.command.easy_install,ignore:::pkg_resources'), ('MOFED_VERSION', '5.4-rdmacore36.0'), ('TRTOSS_VERSION', ''), ('DEBIAN_FRONTEND', 'noninteractive'), ('ROS_ROOT', '/opt/ros/humble'), ('ROS_DISTRO', 'humble'), ('TF_ADJUST_HUE_FUSED', '1'), ('TF_ADJUST_SATURATION_FUSED', '1'), ('SHARP_COLL_ENABLE_CUDA', '0'), ('RMW_IMPLEMENTATION', 'rmw_fastrtps_cpp'), ('_', '/usr/bin/env')]), 'shell': False}
[14.168605] (-) TimerEvent: {}
[14.241887] (qcar2_nodes) StdoutLine: {'line': b'-- The C compiler identification is GNU 9.4.0\n'}
[14.249418] (qcar2_nodes_copy) StdoutLine: {'line': b'-- The C compiler identification is GNU 9.4.0\n'}
[14.268791] (-) TimerEvent: {}
[14.369291] (-) TimerEvent: {}
[14.379089] (qcar2_nodes) StdoutLine: {'line': b'-- The CXX compiler identification is GNU 9.4.0\n'}
[14.389396] (qcar2_nodes_copy) StdoutLine: {'line': b'-- The CXX compiler identification is GNU 9.4.0\n'}
[14.398414] (qcar2_nodes) StdoutLine: {'line': b'-- Detecting C compiler ABI info\n'}
[14.407296] (qcar2_nodes_copy) StdoutLine: {'line': b'-- Detecting C compiler ABI info\n'}
[14.469593] (-) TimerEvent: {}
[14.567622] (qcar2_nodes) StdoutLine: {'line': b'-- Detecting C compiler ABI info - done\n'}
[14.569769] (-) TimerEvent: {}
[14.571153] (qcar2_nodes_copy) StdoutLine: {'line': b'-- Detecting C compiler ABI info - done\n'}
[14.585724] (qcar2_nodes) StdoutLine: {'line': b'-- Check for working C compiler: /usr/bin/cc - skipped\n'}
[14.586402] (qcar2_nodes) StdoutLine: {'line': b'-- Detecting C compile features\n'}
[14.587626] (qcar2_nodes) StdoutLine: {'line': b'-- Detecting C compile features - done\n'}
[14.590199] (qcar2_nodes_copy) StdoutLine: {'line': b'-- Check for working C compiler: /usr/bin/cc - skipped\n'}
[14.591071] (qcar2_nodes_copy) StdoutLine: {'line': b'-- Detecting C compile features\n'}
[14.591914] (qcar2_nodes_copy) StdoutLine: {'line': b'-- Detecting C compile features - done\n'}
[14.595287] (qcar2_nodes) StdoutLine: {'line': b'-- Detecting CXX compiler ABI info\n'}
[14.599599] (qcar2_nodes_copy) StdoutLine: {'line': b'-- Detecting CXX compiler ABI info\n'}
[14.670068] (-) TimerEvent: {}
[14.770709] (-) TimerEvent: {}
[14.791145] (qcar2_nodes_copy) StdoutLine: {'line': b'-- Detecting CXX compiler ABI info - done\n'}
[14.791709] (qcar2_nodes) StdoutLine: {'line': b'-- Detecting CXX compiler ABI info - done\n'}
[14.811833] (qcar2_nodes) StdoutLine: {'line': b'-- Check for working CXX compiler: /usr/bin/c++ - skipped\n'}
[14.813786] (qcar2_nodes_copy) StdoutLine: {'line': b'-- Check for working CXX compiler: /usr/bin/c++ - skipped\n'}
[14.815191] (qcar2_nodes) StdoutLine: {'line': b'-- Detecting CXX compile features\n'}
[14.815786] (qcar2_nodes) StdoutLine: {'line': b'-- Detecting CXX compile features - done\n'}
[14.816333] (qcar2_nodes_copy) StdoutLine: {'line': b'-- Detecting CXX compile features\n'}
[14.817215] (qcar2_nodes_copy) StdoutLine: {'line': b'-- Detecting CXX compile features - done\n'}
[14.821142] (qcar2_nodes) StdoutLine: {'line': b'-- Found ament_cmake: 1.3.5 (/opt/ros/humble/share/ament_cmake/cmake)\n'}
[14.821647] (qcar2_nodes_copy) StdoutLine: {'line': b'-- Found ament_cmake: 1.3.5 (/opt/ros/humble/share/ament_cmake/cmake)\n'}
[14.870967] (-) TimerEvent: {}
[14.972084] (-) TimerEvent: {}
[15.072754] (-) TimerEvent: {}
[15.173584] (-) TimerEvent: {}
[15.274174] (-) TimerEvent: {}
[15.374738] (-) TimerEvent: {}
[15.475425] (-) TimerEvent: {}
[15.575907] (-) TimerEvent: {}
[15.676372] (-) TimerEvent: {}
[15.777035] (-) TimerEvent: {}
[15.877513] (-) TimerEvent: {}
[15.978074] (-) TimerEvent: {}
[16.078590] (-) TimerEvent: {}
[16.179110] (-) TimerEvent: {}
[16.279666] (-) TimerEvent: {}
[16.380139] (-) TimerEvent: {}
[16.415646] (ros2test) Command: {'cmd': ['/usr/bin/python3', 'setup.py', 'egg_info', '--egg-base', '../../../build/ros2test', 'build', '--build-base', '/workspaces/isaac_ros-dev/build/ros2test/build', 'install', '--record', '/workspaces/isaac_ros-dev/build/ros2test/install.log', '--single-version-externally-managed'], 'cwd': '/workspaces/isaac_ros-dev/ros2/src/ros2test', 'env': {'NPP_VERSION': '11.8.0.86', 'SHELL': '/bin/bash', 'ROS_VERSION': '2', 'NVIDIA_VISIBLE_DEVICES': 'all', 'DALI_BUILD': '5838886', 'CUSOLVER_VERSION': '11.4.1.48', 'USER_UID': '1000', 'CUBLAS_VERSION': '11.11.3.6', 'ROS_PYTHON_VERSION': '3', 'HOSTNAME': 'viet-Precision-7680', 'FASTRTPS_DEFAULT_PROFILES_FILE': '/usr/local/share/middleware_profiles/rtps_udp_profile.xml', 'DCGM_VERSION': '2.2.9', 'NVIDIA_REQUIRE_CUDA': 'cuda>=9.0', 'CUFFT_VERSION': '10.9.0.58', 'CUDA_CACHE_DISABLE': '1', 'NCCL_VERSION': '2.15.1', 'CUSPARSE_VERSION': '11.7.5.86', 'ENV': '/etc/shinit_v2', 'PWD': '/workspaces/isaac_ros-dev/build/ros2test', 'OPENUCX_VERSION': '1.14.0', 'NSIGHT_SYSTEMS_VERSION': '2022.3.1.43', 'NVIDIA_DRIVER_CAPABILITIES': 'all', 'POLYGRAPHY_VERSION': '0.38.0', 'TF_ENABLE_WINOGRAD_NONFUSED': '1', 'TRT_VERSION': '8.5.0.12', 'USER_GID': '1000', 'NVIDIA_PRODUCT_NAME': 'Triton Server', 'RDMACORE_VERSION': '36.0', 'HOME': '/home/admin', 'USERNAME': 'admin', 'LANG': 'en_US.UTF-8', 'CUDA_VERSION': '11.8.0.062', 'CURAND_VERSION': '10.3.0.86', 'AMENT_PREFIX_PATH': '/workspaces/isaac_ros-dev/install/ros2test:/workspaces/isaac_ros-dev/install/qcar2_nodes:/workspaces/isaac_ros-dev/install/qcar2_interfaces:/opt/ros/humble', 'CMAKE_PREFIX_PATH': '/workspaces/isaac_ros-dev/install/qcar2_interfaces:/workspaces/isaac_ros-dev/install/qcar2_nodes', 'COLCON_PREFIX_PATH': '/workspaces/isaac_ros-dev/install', 'CUTENSOR_VERSION': '1.6.1.5', 'TRITON_SERVER_GPU_ENABLED': '1', 'HPCX_VERSION': '2.12.1a0', 'PYTHONPATH': '/workspaces/isaac_ros-dev/build/ros2test/prefix_override:/workspaces/isaac_ros-dev/install/ros2test/lib/python3.8/site-packages:/workspaces/isaac_ros-dev/install/qcar2_interfaces/lib/python3.8/site-packages:/workspaces/isaac_ros-dev/install/ros2test/lib/python3.8/site-packages:/opt/ros/humble/lib/python3.8/site-packages:/home/Quanser/libraries/python', 'COLCON': '1', 'TERM': 'xterm', 'TRITON_SERVER_VERSION': '2.26.0', 'GDRCOPY_VERSION': '2.3', 'USER': 'viet', 'OPENMPI_VERSION': '4.1.4', 'NVJPEG_VERSION': '11.9.0.86', 'LIBRARY_PATH': '/usr/local/cuda/lib64/stubs:', 'DISPLAY': ':1', 'SHLVL': '1', 'BASH_ENV': '/etc/bash.bashrc', 'TF_AUTOTUNE_THRESHOLD': '2', 'CUDNN_VERSION': '8.6.0.163', 'NSIGHT_COMPUTE_VERSION': '2022.3.0.22', 'DALI_VERSION': '1.17.0', 'NVIDIA_TRITON_SERVER_VERSION': '22.09', 'LD_LIBRARY_PATH': '/workspaces/isaac_ros-dev/install/qcar2_interfaces/lib:/opt/ros/humble/opt/rviz_ogre_vendor/lib:/opt/ros/humble/lib/x86_64-linux-gnu:/opt/ros/humble/lib:/opt/tritonserver/backends/onnxruntime:/usr/local/cuda/compat/lib:/usr/local/nvidia/lib:/usr/local/nvidia/lib64:/opt/tritonserver/lib', 'NVIDIA_BUILD_ID': '44909143', 'ROS_LOCALHOST_ONLY': '0', 'OMPI_MCA_coll_hcoll_enable': '0', 'OPAL_PREFIX': '/opt/hpcx/ompi', 'CUDA_DRIVER_VERSION': '520.61.03', '_CUDA_COMPAT_PATH': '/usr/local/cuda/compat', 'PATH': '/opt/ros/humble/bin:/opt/tritonserver/bin:/usr/local/mpi/bin:/usr/local/nvidia/bin:/usr/local/cuda/bin:/usr/local/sbin:/usr/local/bin:/usr/sbin:/usr/bin:/sbin:/bin:/usr/local/ucx/bin:/opt/nvidia/tao', 'TRITON_SERVER_USER': 'triton-server', 'PYTHONWARNINGS': 'ignore:::setuptools.command.install,ignore:::setuptools.command.easy_install,ignore:::pkg_resources', 'MOFED_VERSION': '5.4-rdmacore36.0', 'TRTOSS_VERSION': '', 'DEBIAN_FRONTEND': 'noninteractive', 'ROS_ROOT': '/opt/ros/humble', 'ROS_DISTRO': 'humble', 'TF_ADJUST_HUE_FUSED': '1', 'TF_ADJUST_SATURATION_FUSED': '1', 'SHARP_COLL_ENABLE_CUDA': '0', 'RMW_IMPLEMENTATION': 'rmw_fastrtps_cpp', '_': '/usr/bin/env'}, 'shell': False}
[16.480307] (-) TimerEvent: {}
[16.572399] (qcar2_nodes) StdoutLine: {'line': b'-- Found Python3: /usr/bin/python3.8 (found version "3.8.10") found components: Interpreter \n'}
[16.580429] (-) TimerEvent: {}
[16.620486] (qcar2_nodes_copy) StdoutLine: {'line': b'-- Found Python3: /usr/bin/python3.8 (found version "3.8.10") found components: Interpreter \n'}
[16.680559] (-) TimerEvent: {}
[16.781305] (-) TimerEvent: {}
[16.792504] (qcar2_nodes) StdoutLine: {'line': b'-- Found cv_bridge: 3.2.1 (/opt/ros/humble/share/cv_bridge/cmake)\n'}
[16.842032] (qcar2_nodes_copy) StdoutLine: {'line': b'-- Found cv_bridge: 3.2.1 (/opt/ros/humble/share/cv_bridge/cmake)\n'}
[16.881473] (-) TimerEvent: {}
[16.937438] (qcar2_nodes) StdoutLine: {'line': b'-- Found rosidl_generator_c: 3.1.5 (/opt/ros/humble/share/rosidl_generator_c/cmake)\n'}
[16.950974] (qcar2_nodes) StdoutLine: {'line': b'-- Found rosidl_adapter: 3.1.5 (/opt/ros/humble/share/rosidl_adapter/cmake)\n'}
[16.978124] (qcar2_nodes) StdoutLine: {'line': b'-- Found rosidl_generator_cpp: 3.1.5 (/opt/ros/humble/share/rosidl_generator_cpp/cmake)\n'}
[16.981557] (-) TimerEvent: {}
[16.983531] (qcar2_nodes_copy) StdoutLine: {'line': b'-- Found rosidl_generator_c: 3.1.5 (/opt/ros/humble/share/rosidl_generator_c/cmake)\n'}
[16.998318] (qcar2_nodes_copy) StdoutLine: {'line': b'-- Found rosidl_adapter: 3.1.5 (/opt/ros/humble/share/rosidl_adapter/cmake)\n'}
[17.014429] (qcar2_nodes) StdoutLine: {'line': b'-- Using all available rosidl_typesupport_c: rosidl_typesupport_fastrtps_c;rosidl_typesupport_introspection_c\n'}
[17.017928] (qcar2_nodes_copy) StdoutLine: {'line': b'-- Found rosidl_generator_cpp: 3.1.5 (/opt/ros/humble/share/rosidl_generator_cpp/cmake)\n'}
[17.055374] (qcar2_nodes_copy) StdoutLine: {'line': b'-- Using all available rosidl_typesupport_c: rosidl_typesupport_fastrtps_c;rosidl_typesupport_introspection_c\n'}
[17.074682] (qcar2_nodes) StdoutLine: {'line': b'-- Using all available rosidl_typesupport_cpp: rosidl_typesupport_fastrtps_cpp;rosidl_typesupport_introspection_cpp\n'}
[17.081728] (-) TimerEvent: {}
[17.103719] (qcar2_nodes_copy) StdoutLine: {'line': b'-- Using all available rosidl_typesupport_cpp: rosidl_typesupport_fastrtps_cpp;rosidl_typesupport_introspection_cpp\n'}
[17.181873] (-) TimerEvent: {}
[17.231420] (ros2test) StdoutLine: {'line': b'running egg_info\n'}
[17.232583] (ros2test) StdoutLine: {'line': b'creating ../../../build/ros2test/ros2test.egg-info\n'}
[17.256863] (ros2test) StdoutLine: {'line': b'writing ../../../build/ros2test/ros2test.egg-info/PKG-INFO\n'}
[17.257601] (ros2test) StdoutLine: {'line': b'writing dependency_links to ../../../build/ros2test/ros2test.egg-info/dependency_links.txt\n'}
[17.258179] (ros2test) StdoutLine: {'line': b'writing entry points to ../../../build/ros2test/ros2test.egg-info/entry_points.txt\n'}
[17.258435] (ros2test) StdoutLine: {'line': b'writing requirements to ../../../build/ros2test/ros2test.egg-info/requires.txt\n'}
[17.258716] (ros2test) StdoutLine: {'line': b'writing top-level names to ../../../build/ros2test/ros2test.egg-info/top_level.txt\n'}
[17.258958] (ros2test) StdoutLine: {'line': b"writing manifest file '../../../build/ros2test/ros2test.egg-info/SOURCES.txt'\n"}
[17.282010] (-) TimerEvent: {}
[17.310322] (ros2test) StdoutLine: {'line': b"reading manifest file '../../../build/ros2test/ros2test.egg-info/SOURCES.txt'\n"}
[17.312575] (ros2test) StdoutLine: {'line': b"writing manifest file '../../../build/ros2test/ros2test.egg-info/SOURCES.txt'\n"}
[17.313078] (ros2test) StdoutLine: {'line': b'running build\n'}
[17.313225] (ros2test) StdoutLine: {'line': b'running build_py\n'}
[17.313800] (ros2test) StdoutLine: {'line': b'creating /workspaces/isaac_ros-dev/build/ros2test/build\n'}
[17.314117] (ros2test) StdoutLine: {'line': b'creating /workspaces/isaac_ros-dev/build/ros2test/build/lib\n'}
[17.314269] (ros2test) StdoutLine: {'line': b'creating /workspaces/isaac_ros-dev/build/ros2test/build/lib/ros2test\n'}
[17.314779] (ros2test) StdoutLine: {'line': b'copying ros2test/__init__.py -> /workspaces/isaac_ros-dev/build/ros2test/build/lib/ros2test\n'}
[17.315078] (ros2test) StdoutLine: {'line': b'copying ros2test/lane_follower.py -> /workspaces/isaac_ros-dev/build/ros2test/build/lib/ros2test\n'}
[17.315226] (ros2test) StdoutLine: {'line': b'copying ros2test/pure_pursuit.py -> /workspaces/isaac_ros-dev/build/ros2test/build/lib/ros2test\n'}
[17.315351] (ros2test) StdoutLine: {'line': b'copying ros2test/waypoints.py -> /workspaces/isaac_ros-dev/build/ros2test/build/lib/ros2test\n'}
[17.315832] (ros2test) StdoutLine: {'line': b'copying ros2test/keyboard.py -> /workspaces/isaac_ros-dev/build/ros2test/build/lib/ros2test\n'}
[17.316125] (ros2test) StdoutLine: {'line': b'copying ros2test/test_node.py -> /workspaces/isaac_ros-dev/build/ros2test/build/lib/ros2test\n'}
[17.316263] (ros2test) StdoutLine: {'line': b'copying ros2test/nav_goal_sender.py -> /workspaces/isaac_ros-dev/build/ros2test/build/lib/ros2test\n'}
[17.316395] (ros2test) StdoutLine: {'line': b'copying ros2test/odom.py -> /workspaces/isaac_ros-dev/build/ros2test/build/lib/ros2test\n'}
[17.316919] (ros2test) StdoutLine: {'line': b'copying ros2test/vehicle_control.py -> /workspaces/isaac_ros-dev/build/ros2test/build/lib/ros2test\n'}
[17.317328] (ros2test) StdoutLine: {'line': b'running install\n'}
[17.329886] (ros2test) StdoutLine: {'line': b'running install_lib\n'}
[17.353479] (ros2test) StdoutLine: {'line': b'creating /workspaces/isaac_ros-dev/install/ros2test/lib/python3.8/site-packages/ros2test\n'}
[17.353776] (ros2test) StdoutLine: {'line': b'copying /workspaces/isaac_ros-dev/build/ros2test/build/lib/ros2test/__init__.py -> /workspaces/isaac_ros-dev/install/ros2test/lib/python3.8/site-packages/ros2test\n'}
[17.353963] (ros2test) StdoutLine: {'line': b'copying /workspaces/isaac_ros-dev/build/ros2test/build/lib/ros2test/lane_follower.py -> /workspaces/isaac_ros-dev/install/ros2test/lib/python3.8/site-packages/ros2test\n'}
[17.354399] (ros2test) StdoutLine: {'line': b'copying /workspaces/isaac_ros-dev/build/ros2test/build/lib/ros2test/pure_pursuit.py -> /workspaces/isaac_ros-dev/install/ros2test/lib/python3.8/site-packages/ros2test\n'}
[17.354990] (ros2test) StdoutLine: {'line': b'copying /workspaces/isaac_ros-dev/build/ros2test/build/lib/ros2test/waypoints.py -> /workspaces/isaac_ros-dev/install/ros2test/lib/python3.8/site-packages/ros2test\n'}
[17.355099] (ros2test) StdoutLine: {'line': b'copying /workspaces/isaac_ros-dev/build/ros2test/build/lib/ros2test/keyboard.py -> /workspaces/isaac_ros-dev/install/ros2test/lib/python3.8/site-packages/ros2test\n'}
[17.355177] (ros2test) StdoutLine: {'line': b'copying /workspaces/isaac_ros-dev/build/ros2test/build/lib/ros2test/test_node.py -> /workspaces/isaac_ros-dev/install/ros2test/lib/python3.8/site-packages/ros2test\n'}
[17.355251] (ros2test) StdoutLine: {'line': b'copying /workspaces/isaac_ros-dev/build/ros2test/build/lib/ros2test/nav_goal_sender.py -> /workspaces/isaac_ros-dev/install/ros2test/lib/python3.8/site-packages/ros2test\n'}
[17.355340] (ros2test) StdoutLine: {'line': b'copying /workspaces/isaac_ros-dev/build/ros2test/build/lib/ros2test/odom.py -> /workspaces/isaac_ros-dev/install/ros2test/lib/python3.8/site-packages/ros2test\n'}
[17.355413] (ros2test) StdoutLine: {'line': b'copying /workspaces/isaac_ros-dev/build/ros2test/build/lib/ros2test/vehicle_control.py -> /workspaces/isaac_ros-dev/install/ros2test/lib/python3.8/site-packages/ros2test\n'}
[17.355729] (ros2test) StdoutLine: {'line': b'byte-compiling /workspaces/isaac_ros-dev/install/ros2test/lib/python3.8/site-packages/ros2test/__init__.py to __init__.cpython-38.pyc\n'}
[17.355898] (ros2test) StdoutLine: {'line': b'byte-compiling /workspaces/isaac_ros-dev/install/ros2test/lib/python3.8/site-packages/ros2test/lane_follower.py to lane_follower.cpython-38.pyc\n'}
[17.357158] (ros2test) StdoutLine: {'line': b'byte-compiling /workspaces/isaac_ros-dev/install/ros2test/lib/python3.8/site-packages/ros2test/pure_pursuit.py to pure_pursuit.cpython-38.pyc\n'}
[17.361127] (ros2test) StdoutLine: {'line': b'byte-compiling /workspaces/isaac_ros-dev/install/ros2test/lib/python3.8/site-packages/ros2test/waypoints.py to waypoints.cpython-38.pyc\n'}
[17.362599] (ros2test) StdoutLine: {'line': b'byte-compiling /workspaces/isaac_ros-dev/install/ros2test/lib/python3.8/site-packages/ros2test/keyboard.py to keyboard.cpython-38.pyc\n'}
[17.364606] (ros2test) StdoutLine: {'line': b'byte-compiling /workspaces/isaac_ros-dev/install/ros2test/lib/python3.8/site-packages/ros2test/test_node.py to test_node.cpython-38.pyc\n'}
[17.365432] (ros2test) StdoutLine: {'line': b'byte-compiling /workspaces/isaac_ros-dev/install/ros2test/lib/python3.8/site-packages/ros2test/nav_goal_sender.py to nav_goal_sender.cpython-38.pyc\n'}
[17.366443] (ros2test) StdoutLine: {'line': b'byte-compiling /workspaces/isaac_ros-dev/install/ros2test/lib/python3.8/site-packages/ros2test/odom.py to odom.cpython-38.pyc\n'}
[17.367414] (ros2test) StdoutLine: {'line': b'byte-compiling /workspaces/isaac_ros-dev/install/ros2test/lib/python3.8/site-packages/ros2test/vehicle_control.py to vehicle_control.cpython-38.pyc\n'}
[17.368735] (ros2test) StdoutLine: {'line': b'running install_data\n'}
[17.382145] (-) TimerEvent: {}
[17.396097] (ros2test) StdoutLine: {'line': b'creating /workspaces/isaac_ros-dev/install/ros2test/share/ament_index\n'}
[17.396850] (ros2test) StdoutLine: {'line': b'creating /workspaces/isaac_ros-dev/install/ros2test/share/ament_index/resource_index\n'}
[17.397089] (ros2test) StdoutLine: {'line': b'creating /workspaces/isaac_ros-dev/install/ros2test/share/ament_index/resource_index/packages\n'}
[17.397226] (ros2test) StdoutLine: {'line': b'copying resource/ros2test -> /workspaces/isaac_ros-dev/install/ros2test/share/ament_index/resource_index/packages\n'}
[17.397342] (ros2test) StdoutLine: {'line': b'copying package.xml -> /workspaces/isaac_ros-dev/install/ros2test/share/ros2test\n'}
[17.397466] (ros2test) StdoutLine: {'line': b'creating /workspaces/isaac_ros-dev/install/ros2test/share/ros2test/launch\n'}
[17.397997] (ros2test) StdoutLine: {'line': b'copying launch/sim_pure_pursuit_launch.py -> /workspaces/isaac_ros-dev/install/ros2test/share/ros2test/launch\n'}
[17.398258] (ros2test) StdoutLine: {'line': b'running install_egg_info\n'}
[17.424952] (ros2test) StdoutLine: {'line': b'Copying ../../../build/ros2test/ros2test.egg-info to /workspaces/isaac_ros-dev/install/ros2test/lib/python3.8/site-packages/ros2test-0.0.0-py3.8.egg-info\n'}
[17.426237] (ros2test) StdoutLine: {'line': b'running install_scripts\n'}
[17.482277] (-) TimerEvent: {}
[17.549031] (ros2test) StdoutLine: {'line': b'Installing keyboard script to /workspaces/isaac_ros-dev/install/ros2test/lib/ros2test\n'}
[17.549824] (ros2test) StdoutLine: {'line': b'Installing lane_follower script to /workspaces/isaac_ros-dev/install/ros2test/lib/ros2test\n'}
[17.550340] (ros2test) StdoutLine: {'line': b'Installing nav_goal_sender script to /workspaces/isaac_ros-dev/install/ros2test/lib/ros2test\n'}
[17.550575] (ros2test) StdoutLine: {'line': b'Installing odom script to /workspaces/isaac_ros-dev/install/ros2test/lib/ros2test\n'}
[17.550698] (ros2test) StdoutLine: {'line': b'Installing pure_pursuit script to /workspaces/isaac_ros-dev/install/ros2test/lib/ros2test\n'}
[17.550799] (ros2test) StdoutLine: {'line': b'Installing test script to /workspaces/isaac_ros-dev/install/ros2test/lib/ros2test\n'}
[17.551241] (ros2test) StdoutLine: {'line': b'Installing waypoints script to /workspaces/isaac_ros-dev/install/ros2test/lib/ros2test\n'}
[17.551404] (ros2test) StdoutLine: {'line': b"writing list of installed files to '/workspaces/isaac_ros-dev/build/ros2test/install.log'\n"}
[17.582612] (-) TimerEvent: {}
[17.627852] (ros2test) CommandEnded: {'returncode': 0}
[17.654883] (qcar2_nodes_copy) StdoutLine: {'line': b'-- Found image_transport: 3.1.9 (/opt/ros/humble/share/image_transport/cmake)\n'}
[17.676243] (qcar2_nodes) StdoutLine: {'line': b'-- Found image_transport: 3.1.9 (/opt/ros/humble/share/image_transport/cmake)\n'}
[17.682881] (-) TimerEvent: {}
[17.712932] (ros2test) JobEnded: {'identifier': 'ros2test', 'rc': 0}
[17.783103] (-) TimerEvent: {}
[17.842984] (qcar2_nodes_copy) StdoutLine: {'line': b'-- Found rmw_implementation_cmake: 6.1.1 (/opt/ros/humble/share/rmw_implementation_cmake/cmake)\n'}
[17.850918] (qcar2_nodes_copy) StdoutLine: {'line': b'-- Found rmw_fastrtps_cpp: 6.2.4 (/opt/ros/humble/share/rmw_fastrtps_cpp/cmake)\n'}
[17.866162] (qcar2_nodes) StdoutLine: {'line': b'-- Found rmw_implementation_cmake: 6.1.1 (/opt/ros/humble/share/rmw_implementation_cmake/cmake)\n'}
[17.874398] (qcar2_nodes) StdoutLine: {'line': b'-- Found rmw_fastrtps_cpp: 6.2.4 (/opt/ros/humble/share/rmw_fastrtps_cpp/cmake)\n'}
[17.883547] (-) TimerEvent: {}
[17.984068] (-) TimerEvent: {}
[18.084526] (-) TimerEvent: {}
[18.185087] (-) TimerEvent: {}
[18.213771] (qcar2_nodes_copy) StdoutLine: {'line': b'-- Found OpenSSL: /usr/lib/x86_64-linux-gnu/libcrypto.so (found version "1.1.1f")  \n'}
[18.229940] (qcar2_nodes) StdoutLine: {'line': b'-- Found OpenSSL: /usr/lib/x86_64-linux-gnu/libcrypto.so (found version "1.1.1f")  \n'}
[18.285372] (-) TimerEvent: {}
[18.318039] (qcar2_nodes_copy) StdoutLine: {'line': b'-- Found FastRTPS: /opt/ros/humble/include  \n'}
[18.324256] (qcar2_nodes) StdoutLine: {'line': b'-- Found FastRTPS: /opt/ros/humble/include  \n'}
[18.385663] (-) TimerEvent: {}
[18.486160] (-) TimerEvent: {}
[18.506030] (qcar2_nodes) StdoutLine: {'line': b"-- Using RMW implementation 'rmw_fastrtps_cpp' as default\n"}
[18.506788] (qcar2_nodes_copy) StdoutLine: {'line': b"-- Using RMW implementation 'rmw_fastrtps_cpp' as default\n"}
[18.540922] (qcar2_nodes) StdoutLine: {'line': b'-- Looking for pthread.h\n'}
[18.541798] (qcar2_nodes_copy) StdoutLine: {'line': b'-- Looking for pthread.h\n'}
[18.586310] (-) TimerEvent: {}
[18.687229] (-) TimerEvent: {}
[18.725426] (qcar2_nodes_copy) StdoutLine: {'line': b'-- Looking for pthread.h - found\n'}
[18.726093] (qcar2_nodes_copy) StdoutLine: {'line': b'-- Performing Test CMAKE_HAVE_LIBC_PTHREAD\n'}
[18.726356] (qcar2_nodes) StdoutLine: {'line': b'-- Looking for pthread.h - found\n'}
[18.726596] (qcar2_nodes) StdoutLine: {'line': b'-- Performing Test CMAKE_HAVE_LIBC_PTHREAD\n'}
[18.787387] (-) TimerEvent: {}
[18.887955] (-) TimerEvent: {}
[18.912194] (qcar2_nodes) StdoutLine: {'line': b'-- Performing Test CMAKE_HAVE_LIBC_PTHREAD - Failed\n'}
[18.912975] (qcar2_nodes) StdoutLine: {'line': b'-- Looking for pthread_create in pthreads\n'}
[18.917208] (qcar2_nodes_copy) StdoutLine: {'line': b'-- Performing Test CMAKE_HAVE_LIBC_PTHREAD - Failed\n'}
[18.917772] (qcar2_nodes_copy) StdoutLine: {'line': b'-- Looking for pthread_create in pthreads\n'}
[18.988250] (-) TimerEvent: {}
[19.068954] (qcar2_nodes) StdoutLine: {'line': b'-- Looking for pthread_create in pthreads - not found\n'}
[19.072179] (qcar2_nodes) StdoutLine: {'line': b'-- Looking for pthread_create in pthread\n'}
[19.072366] (qcar2_nodes_copy) StdoutLine: {'line': b'-- Looking for pthread_create in pthreads - not found\n'}
[19.072490] (qcar2_nodes_copy) StdoutLine: {'line': b'-- Looking for pthread_create in pthread\n'}
[19.088523] (-) TimerEvent: {}
[19.189031] (-) TimerEvent: {}
[19.245701] (qcar2_nodes_copy) StdoutLine: {'line': b'-- Looking for pthread_create in pthread - found\n'}
[19.248844] (qcar2_nodes_copy) StdoutLine: {'line': b'-- Found Threads: TRUE  \n'}
[19.250383] (qcar2_nodes) StdoutLine: {'line': b'-- Looking for pthread_create in pthread - found\n'}
[19.253521] (qcar2_nodes) StdoutLine: {'line': b'-- Found Threads: TRUE  \n'}
[19.289186] (-) TimerEvent: {}
[19.389848] (-) TimerEvent: {}
[19.490334] (-) TimerEvent: {}
[19.591013] (-) TimerEvent: {}
[19.691649] (-) TimerEvent: {}
[19.703698] (qcar2_nodes_copy) StdoutLine: {'line': b'-- Found OpenCV: /usr (found version "4.2.0") found components: highgui imgcodecs imgproc videoio \n'}
[19.708960] (qcar2_nodes_copy) StdoutLine: {'line': b'-- Found control_msgs: 4.5.0 (/opt/ros/humble/share/control_msgs/cmake)\n'}
[19.748806] (qcar2_nodes) StdoutLine: {'line': b'-- Found OpenCV: /usr (found version "4.2.0") found components: highgui imgcodecs imgproc videoio \n'}
[19.754105] (qcar2_nodes) StdoutLine: {'line': b'-- Found control_msgs: 4.5.0 (/opt/ros/humble/share/control_msgs/cmake)\n'}
[19.791976] (-) TimerEvent: {}
[19.892494] (-) TimerEvent: {}
[19.992905] (-) TimerEvent: {}
[20.093487] (-) TimerEvent: {}
[20.193966] (-) TimerEvent: {}
[20.294501] (-) TimerEvent: {}
[20.394945] (-) TimerEvent: {}
[20.495566] (-) TimerEvent: {}
[20.547547] (qcar2_nodes_copy) StdoutLine: {'line': b'-- Found qcar2_interfaces: 0.0.0 (/workspaces/isaac_ros-dev/install/qcar2_interfaces/share/qcar2_interfaces/cmake)\n'}
[20.583215] (qcar2_nodes_copy) StdoutLine: {'line': b'-- Found tf2_ros: 0.25.4 (/opt/ros/humble/share/tf2_ros/cmake)\n'}
[20.595702] (-) TimerEvent: {}
[20.626638] (qcar2_nodes) StdoutLine: {'line': b'-- Found qcar2_interfaces: 0.0.0 (/workspaces/isaac_ros-dev/install/qcar2_interfaces/share/qcar2_interfaces/cmake)\n'}
[20.668342] (qcar2_nodes) StdoutLine: {'line': b'-- Found tf2_ros: 0.25.4 (/opt/ros/humble/share/tf2_ros/cmake)\n'}
[20.695837] (-) TimerEvent: {}
[20.796524] (-) TimerEvent: {}
[20.897066] (-) TimerEvent: {}
[20.997533] (-) TimerEvent: {}
[21.098008] (-) TimerEvent: {}
[21.198654] (-) TimerEvent: {}
[21.297724] (qcar2_nodes_copy) StdoutLine: {'line': b'-- Found ament_lint_auto: 0.12.8 (/opt/ros/humble/share/ament_lint_auto/cmake)\n'}
[21.298853] (-) TimerEvent: {}
[21.391533] (qcar2_nodes) StdoutLine: {'line': b'-- Found ament_lint_auto: 0.12.8 (/opt/ros/humble/share/ament_lint_auto/cmake)\n'}
[21.399095] (-) TimerEvent: {}
[21.433488] (qcar2_nodes_copy) StderrLine: {'line': b'\x1b[31mCMake Error at /opt/ros/humble/share/ament_cmake_core/cmake/core/ament_package_xml.cmake:53 (message):\n'}
[21.434318] (qcar2_nodes_copy) StderrLine: {'line': b"  ament_package_xml() package name 'qcar2_nodes_copy' in '/package.xml' does\n"}
[21.434524] (qcar2_nodes_copy) StderrLine: {'line': b"  not match current PROJECT_NAME 'qcar2_nodes'.  You must call project() with\n"}
[21.434750] (qcar2_nodes_copy) StderrLine: {'line': b'  the same package name before.\n'}
[21.434856] (qcar2_nodes_copy) StderrLine: {'line': b'Call Stack (most recent call first):\n'}
[21.434961] (qcar2_nodes_copy) StderrLine: {'line': b'  /opt/ros/humble/share/ament_lint_auto/cmake/ament_lint_auto_find_test_dependencies.cmake:31 (ament_package_xml)\n'}
[21.435070] (qcar2_nodes_copy) StderrLine: {'line': b'  CMakeLists.txt:140 (ament_lint_auto_find_test_dependencies)\n'}
[21.435916] (qcar2_nodes_copy) StderrLine: {'line': b'\n'}
[21.436085] (qcar2_nodes_copy) StderrLine: {'line': b'\x1b[0m\n'}
[21.436206] (qcar2_nodes_copy) StdoutLine: {'line': b'-- Configuring incomplete, errors occurred!\n'}
[21.436339] (qcar2_nodes_copy) StdoutLine: {'line': b'See also "/workspaces/isaac_ros-dev/build/qcar2_nodes_copy/CMakeFiles/CMakeOutput.log".\n'}
[21.437987] (qcar2_nodes_copy) StdoutLine: {'line': b'See also "/workspaces/isaac_ros-dev/build/qcar2_nodes_copy/CMakeFiles/CMakeError.log".\n'}
[21.456695] (qcar2_nodes_copy) CommandEnded: {'returncode': 1}
[21.499292] (-) TimerEvent: {}
[21.534241] (qcar2_nodes_copy) JobEnded: {'identifier': 'qcar2_nodes_copy', 'rc': 1}
[21.581779] (qcar2_nodes) StdoutLine: {'line': b"-- Added test 'cppcheck' to perform static code analysis on C / C++ code\n"}
[21.582675] (qcar2_nodes) StdoutLine: {'line': b'-- Configured cppcheck include dirs: \n'}
[21.582969] (qcar2_nodes) StdoutLine: {'line': b'-- Configured cppcheck exclude dirs and/or files: \n'}
[21.584225] (qcar2_nodes) StdoutLine: {'line': b"-- Added test 'flake8' to check Python code syntax and style conventions\n"}
[21.585494] (qcar2_nodes) StdoutLine: {'line': b"-- Added test 'lint_cmake' to check CMake code style\n"}
[21.586613] (qcar2_nodes) StdoutLine: {'line': b"-- Added test 'pep257' to check Python code against some of the docstring style conventions in PEP 257\n"}
[21.588774] (qcar2_nodes) StdoutLine: {'line': b"-- Added test 'uncrustify' to check C / C++ code style\n"}
[21.589044] (qcar2_nodes) StdoutLine: {'line': b'-- Configured uncrustify additional arguments: \n'}
[21.590024] (qcar2_nodes) StdoutLine: {'line': b"-- Added test 'xmllint' to check XML markup files\n"}
[21.592172] (qcar2_nodes) StdoutLine: {'line': b'-- Configuring done\n'}
[21.599551] (-) TimerEvent: {}
[21.694786] (qcar2_nodes) StdoutLine: {'line': b'-- Generating done\n'}
[21.699677] (qcar2_nodes) StdoutLine: {'line': b'-- Build files have been written to: /workspaces/isaac_ros-dev/build/qcar2_nodes\n'}
[21.699991] (-) TimerEvent: {}
[21.719830] (qcar2_nodes) JobEnded: {'identifier': 'qcar2_nodes', 'rc': 'SIGINT'}
[21.731078] (-) EventReactorShutdown: {}
