[0.056s] Invoking command in '/workspaces/isaac_ros-dev/build/qcar2_nodes_copy': CMAKE_PREFIX_PATH=/workspaces/isaac_ros-dev/install/qcar2_interfaces:/workspaces/isaac_ros-dev/install/qcar2_nodes_copy:/workspaces/isaac_ros-dev/install/qcar2_nodes:/workspaces/isaac_ros-dev/install/ros2test:/opt/ros/humble PYTHONPATH=/workspaces/isaac_ros-dev/install/qcar2_interfaces/lib/python3.8/site-packages:/workspaces/isaac_ros-dev/install/ros2test/lib/python3.8/site-packages:/opt/ros/humble/lib/python3.8/site-packages:/home/Quanser/libraries/python /usr/bin/cmake --build /workspaces/isaac_ros-dev/build/qcar2_nodes_copy -- -j32 -l32
[0.076s] [35m[1mConsolidate compiler generated dependencies of target csi[0m
[0.076s] [35m[1mConsolidate compiler generated dependencies of target qcar2_hardware[0m
[0.076s] [35m[1mConsolidate compiler generated dependencies of target lidar[0m
[0.077s] [35m[1mConsolidate compiler generated dependencies of target rgbd[0m
[0.083s] [ 12%] Built target fixed_lidar_frame_virtual
[0.087s] [ 25%] Built target command
[0.087s] [ 37%] Built target csi
[0.088s] [ 50%] Built target nav2_qcar2_converter
[0.089s] [ 62%] Built target fixed_lidar_frame
[0.090s] [ 75%] Built target rgbd
[0.090s] [ 87%] Built target lidar
[0.091s] [100%] Built target qcar2_hardware
[0.276s] Invoked command in '/workspaces/isaac_ros-dev/build/qcar2_nodes_copy' returned '0': CMAKE_PREFIX_PATH=/workspaces/isaac_ros-dev/install/qcar2_interfaces:/workspaces/isaac_ros-dev/install/qcar2_nodes_copy:/workspaces/isaac_ros-dev/install/qcar2_nodes:/workspaces/isaac_ros-dev/install/ros2test:/opt/ros/humble PYTHONPATH=/workspaces/isaac_ros-dev/install/qcar2_interfaces/lib/python3.8/site-packages:/workspaces/isaac_ros-dev/install/ros2test/lib/python3.8/site-packages:/opt/ros/humble/lib/python3.8/site-packages:/home/Quanser/libraries/python /usr/bin/cmake --build /workspaces/isaac_ros-dev/build/qcar2_nodes_copy -- -j32 -l32
[0.332s] Invoking command in '/workspaces/isaac_ros-dev/build/qcar2_nodes_copy': CMAKE_PREFIX_PATH=/workspaces/isaac_ros-dev/install/qcar2_interfaces:/workspaces/isaac_ros-dev/install/qcar2_nodes_copy:/workspaces/isaac_ros-dev/install/qcar2_nodes:/workspaces/isaac_ros-dev/install/ros2test:/opt/ros/humble PYTHONPATH=/workspaces/isaac_ros-dev/install/qcar2_interfaces/lib/python3.8/site-packages:/workspaces/isaac_ros-dev/install/ros2test/lib/python3.8/site-packages:/opt/ros/humble/lib/python3.8/site-packages:/home/Quanser/libraries/python /usr/bin/cmake --install /workspaces/isaac_ros-dev/build/qcar2_nodes_copy
[0.336s] -- Install configuration: ""
[0.336s] -- Up-to-date: /workspaces/isaac_ros-dev/install/qcar2_nodes_copy/lib/qcar2_nodes_copy/qcar2_hardware
[0.336s] -- Up-to-date: /workspaces/isaac_ros-dev/install/qcar2_nodes_copy/lib/qcar2_nodes_copy/rgbd
[0.336s] -- Up-to-date: /workspaces/isaac_ros-dev/install/qcar2_nodes_copy/lib/qcar2_nodes_copy/lidar
[0.337s] -- Up-to-date: /workspaces/isaac_ros-dev/install/qcar2_nodes_copy/lib/qcar2_nodes_copy/csi
[0.337s] -- Up-to-date: /workspaces/isaac_ros-dev/install/qcar2_nodes_copy/lib/qcar2_nodes_copy/command
[0.337s] -- Up-to-date: /workspaces/isaac_ros-dev/install/qcar2_nodes_copy/lib/qcar2_nodes_copy/nav2_qcar2_converter
[0.337s] -- Up-to-date: /workspaces/isaac_ros-dev/install/qcar2_nodes_copy/lib/qcar2_nodes_copy/fixed_lidar_frame
[0.338s] -- Up-to-date: /workspaces/isaac_ros-dev/install/qcar2_nodes_copy/lib/qcar2_nodes_copy/fixed_lidar_frame_virtual
[0.338s] -- Up-to-date: /workspaces/isaac_ros-dev/install/qcar2_nodes_copy/share/qcar2_nodes_copy//launch
[0.338s] -- Up-to-date: /workspaces/isaac_ros-dev/install/qcar2_nodes_copy/share/qcar2_nodes_copy//launch/qcar2_manual_drive_launch.py
[0.338s] -- Up-to-date: /workspaces/isaac_ros-dev/install/qcar2_nodes_copy/share/qcar2_nodes_copy//launch/qcar2_manual_cartographer_launch.py
[0.338s] -- Up-to-date: /workspaces/isaac_ros-dev/install/qcar2_nodes_copy/share/qcar2_nodes_copy//launch/qcar2_cartographer_virtual_launch.py
[0.338s] -- Up-to-date: /workspaces/isaac_ros-dev/install/qcar2_nodes_copy/share/qcar2_nodes_copy//launch/qcar2_slam_and_nav_bringup_virtual_launch.py
[0.339s] -- Up-to-date: /workspaces/isaac_ros-dev/install/qcar2_nodes_copy/share/qcar2_nodes_copy//launch/qcar2_launch.py
[0.339s] -- Installing: /workspaces/isaac_ros-dev/install/qcar2_nodes_copy/share/qcar2_nodes_copy//launch/qcar2_virtual_launch.py
[0.339s] -- Up-to-date: /workspaces/isaac_ros-dev/install/qcar2_nodes_copy/share/qcar2_nodes_copy//launch/qcar2_slam_and_nav_bringup_launch.py
[0.339s] -- Up-to-date: /workspaces/isaac_ros-dev/install/qcar2_nodes_copy/share/qcar2_nodes_copy//launch/qcar2_cartographer_launch.py
[0.339s] -- Up-to-date: /workspaces/isaac_ros-dev/install/qcar2_nodes_copy/share/qcar2_nodes_copy//rt_models
[0.339s] -- Up-to-date: /workspaces/isaac_ros-dev/install/qcar2_nodes_copy/share/qcar2_nodes_copy//rt_models/dummy_model
[0.339s] -- Up-to-date: /workspaces/isaac_ros-dev/install/qcar2_nodes_copy/share/qcar2_nodes_copy//config
[0.339s] -- Up-to-date: /workspaces/isaac_ros-dev/install/qcar2_nodes_copy/share/qcar2_nodes_copy//config/qcar2_slam_and_nav.yaml
[0.339s] -- Up-to-date: /workspaces/isaac_ros-dev/install/qcar2_nodes_copy/share/qcar2_nodes_copy//config/qcar2_2d.lua
[0.339s] -- Up-to-date: /workspaces/isaac_ros-dev/install/qcar2_nodes_copy/share/qcar2_nodes_copy//config/qcar2_slam_and_nav_virtual.yaml
[0.340s] -- Up-to-date: /workspaces/isaac_ros-dev/install/qcar2_nodes_copy/share/ament_index/resource_index/package_run_dependencies/qcar2_nodes_copy
[0.340s] -- Up-to-date: /workspaces/isaac_ros-dev/install/qcar2_nodes_copy/share/ament_index/resource_index/parent_prefix_path/qcar2_nodes_copy
[0.340s] -- Up-to-date: /workspaces/isaac_ros-dev/install/qcar2_nodes_copy/share/qcar2_nodes_copy/environment/ament_prefix_path.sh
[0.340s] -- Up-to-date: /workspaces/isaac_ros-dev/install/qcar2_nodes_copy/share/qcar2_nodes_copy/environment/ament_prefix_path.dsv
[0.340s] -- Up-to-date: /workspaces/isaac_ros-dev/install/qcar2_nodes_copy/share/qcar2_nodes_copy/environment/path.sh
[0.340s] -- Up-to-date: /workspaces/isaac_ros-dev/install/qcar2_nodes_copy/share/qcar2_nodes_copy/environment/path.dsv
[0.340s] -- Up-to-date: /workspaces/isaac_ros-dev/install/qcar2_nodes_copy/share/qcar2_nodes_copy/local_setup.bash
[0.340s] -- Up-to-date: /workspaces/isaac_ros-dev/install/qcar2_nodes_copy/share/qcar2_nodes_copy/local_setup.sh
[0.340s] -- Up-to-date: /workspaces/isaac_ros-dev/install/qcar2_nodes_copy/share/qcar2_nodes_copy/local_setup.zsh
[0.340s] -- Up-to-date: /workspaces/isaac_ros-dev/install/qcar2_nodes_copy/share/qcar2_nodes_copy/local_setup.dsv
[0.341s] -- Installing: /workspaces/isaac_ros-dev/install/qcar2_nodes_copy/share/qcar2_nodes_copy/package.dsv
[0.341s] -- Up-to-date: /workspaces/isaac_ros-dev/install/qcar2_nodes_copy/share/ament_index/resource_index/packages/qcar2_nodes_copy
[0.341s] -- Up-to-date: /workspaces/isaac_ros-dev/install/qcar2_nodes_copy/share/qcar2_nodes_copy/cmake/qcar2_nodes_copyConfig.cmake
[0.341s] -- Up-to-date: /workspaces/isaac_ros-dev/install/qcar2_nodes_copy/share/qcar2_nodes_copy/cmake/qcar2_nodes_copyConfig-version.cmake
[0.341s] -- Up-to-date: /workspaces/isaac_ros-dev/install/qcar2_nodes_copy/share/qcar2_nodes_copy/package.xml
[0.362s] Invoked command in '/workspaces/isaac_ros-dev/build/qcar2_nodes_copy' returned '0': CMAKE_PREFIX_PATH=/workspaces/isaac_ros-dev/install/qcar2_interfaces:/workspaces/isaac_ros-dev/install/qcar2_nodes_copy:/workspaces/isaac_ros-dev/install/qcar2_nodes:/workspaces/isaac_ros-dev/install/ros2test:/opt/ros/humble PYTHONPATH=/workspaces/isaac_ros-dev/install/qcar2_interfaces/lib/python3.8/site-packages:/workspaces/isaac_ros-dev/install/ros2test/lib/python3.8/site-packages:/opt/ros/humble/lib/python3.8/site-packages:/home/Quanser/libraries/python /usr/bin/cmake --install /workspaces/isaac_ros-dev/build/qcar2_nodes_copy
