[0.243s] Invoking command in '/workspaces/isaac_ros-dev/build/qcar2_nodes_copy': CMAKE_PREFIX_PATH=/workspaces/isaac_ros-dev/install/qcar2_interfaces:/workspaces/isaac_ros-dev/install/qcar2_nodes:/workspaces/isaac_ros-dev/install/ros2test:/opt/ros/humble PYTHONPATH=/workspaces/isaac_ros-dev/install/qcar2_interfaces/lib/python3.8/site-packages:/workspaces/isaac_ros-dev/install/ros2test/lib/python3.8/site-packages:/opt/ros/humble/lib/python3.8/site-packages:/home/Quanser/libraries/python _=/usr/bin/env /usr/bin/cmake /workspaces/isaac_ros-dev/ros2/src/qcar2_nodes_copy -DCMAKE_INSTALL_PREFIX=/workspaces/isaac_ros-dev/install/qcar2_nodes_copy
[0.404s] -- The C compiler identification is GNU 9.4.0
[0.545s] -- The CXX compiler identification is GNU 9.4.0
[0.562s] -- Detecting C compiler ABI info
[0.726s] -- Detecting C compiler ABI info - done
[0.745s] -- Check for working C compiler: /usr/bin/cc - skipped
[0.746s] -- Detecting C compile features
[0.747s] -- Detecting C compile features - done
[0.754s] -- Detecting CXX compiler ABI info
[0.946s] -- Detecting CXX compiler ABI info - done
[0.969s] -- Check for working CXX compiler: /usr/bin/c++ - skipped
[0.972s] -- Detecting CXX compile features
[0.972s] -- Detecting CXX compile features - done
[0.977s] -- Found ament_cmake: 1.3.5 (/opt/ros/humble/share/ament_cmake/cmake)
[2.775s] -- Found Python3: /usr/bin/python3.8 (found version "3.8.10") found components: Interpreter 
[2.997s] -- Found cv_bridge: 3.2.1 (/opt/ros/humble/share/cv_bridge/cmake)
[3.138s] -- Found rosidl_generator_c: 3.1.5 (/opt/ros/humble/share/rosidl_generator_c/cmake)
[3.153s] -- Found rosidl_adapter: 3.1.5 (/opt/ros/humble/share/rosidl_adapter/cmake)
[3.173s] -- Found rosidl_generator_cpp: 3.1.5 (/opt/ros/humble/share/rosidl_generator_cpp/cmake)
[3.210s] -- Using all available rosidl_typesupport_c: rosidl_typesupport_fastrtps_c;rosidl_typesupport_introspection_c
[3.258s] -- Using all available rosidl_typesupport_cpp: rosidl_typesupport_fastrtps_cpp;rosidl_typesupport_introspection_cpp
[3.810s] -- Found image_transport: 3.1.9 (/opt/ros/humble/share/image_transport/cmake)
[3.998s] -- Found rmw_implementation_cmake: 6.1.1 (/opt/ros/humble/share/rmw_implementation_cmake/cmake)
[4.006s] -- Found rmw_fastrtps_cpp: 6.2.4 (/opt/ros/humble/share/rmw_fastrtps_cpp/cmake)
[4.369s] -- Found OpenSSL: /usr/lib/x86_64-linux-gnu/libcrypto.so (found version "1.1.1f")  
[4.473s] -- Found FastRTPS: /opt/ros/humble/include  
[4.662s] -- Using RMW implementation 'rmw_fastrtps_cpp' as default
[4.697s] -- Looking for pthread.h
[4.880s] -- Looking for pthread.h - found
[4.881s] -- Performing Test CMAKE_HAVE_LIBC_PTHREAD
[5.072s] -- Performing Test CMAKE_HAVE_LIBC_PTHREAD - Failed
[5.072s] -- Looking for pthread_create in pthreads
[5.227s] -- Looking for pthread_create in pthreads - not found
[5.227s] -- Looking for pthread_create in pthread
[5.400s] -- Looking for pthread_create in pthread - found
[5.404s] -- Found Threads: TRUE  
[5.859s] -- Found OpenCV: /usr (found version "4.2.0") found components: highgui imgcodecs imgproc videoio 
[5.864s] -- Found control_msgs: 4.5.0 (/opt/ros/humble/share/control_msgs/cmake)
[6.702s] -- Found qcar2_interfaces: 0.0.0 (/workspaces/isaac_ros-dev/install/qcar2_interfaces/share/qcar2_interfaces/cmake)
[6.738s] -- Found tf2_ros: 0.25.4 (/opt/ros/humble/share/tf2_ros/cmake)
[7.452s] -- Found ament_lint_auto: 0.12.8 (/opt/ros/humble/share/ament_lint_auto/cmake)
[7.589s] [31mCMake Error at /opt/ros/humble/share/ament_cmake_core/cmake/core/ament_package_xml.cmake:53 (message):
[7.589s]   ament_package_xml() package name 'qcar2_nodes_copy' in '/package.xml' does
[7.589s]   not match current PROJECT_NAME 'qcar2_nodes'.  You must call project() with
[7.589s]   the same package name before.
[7.589s] Call Stack (most recent call first):
[7.590s]   /opt/ros/humble/share/ament_lint_auto/cmake/ament_lint_auto_find_test_dependencies.cmake:31 (ament_package_xml)
[7.590s]   CMakeLists.txt:140 (ament_lint_auto_find_test_dependencies)
[7.591s] 
[7.591s] [0m
[7.591s] -- Configuring incomplete, errors occurred!
[7.592s] See also "/workspaces/isaac_ros-dev/build/qcar2_nodes_copy/CMakeFiles/CMakeOutput.log".
[7.593s] See also "/workspaces/isaac_ros-dev/build/qcar2_nodes_copy/CMakeFiles/CMakeError.log".
[7.612s] Invoked command in '/workspaces/isaac_ros-dev/build/qcar2_nodes_copy' returned '1': CMAKE_PREFIX_PATH=/workspaces/isaac_ros-dev/install/qcar2_interfaces:/workspaces/isaac_ros-dev/install/qcar2_nodes:/workspaces/isaac_ros-dev/install/ros2test:/opt/ros/humble PYTHONPATH=/workspaces/isaac_ros-dev/install/qcar2_interfaces/lib/python3.8/site-packages:/workspaces/isaac_ros-dev/install/ros2test/lib/python3.8/site-packages:/opt/ros/humble/lib/python3.8/site-packages:/home/Quanser/libraries/python _=/usr/bin/env /usr/bin/cmake /workspaces/isaac_ros-dev/ros2/src/qcar2_nodes_copy -DCMAKE_INSTALL_PREFIX=/workspaces/isaac_ros-dev/install/qcar2_nodes_copy
