Performing C SOURCE FILE Test CMAKE_HAVE_LIBC_PTHREAD failed with the following output:
Change Dir: /workspaces/isaac_ros-dev/build/qcar2_nodes/CMakeFiles/CMakeTmp

Run Build Command(s):/usr/bin/make -f Makefile cmTC_894a1/fast && /usr/bin/make  -f CMakeFiles/cmTC_894a1.dir/build.make CMakeFiles/cmTC_894a1.dir/build
make[1]: Entering directory '/workspaces/isaac_ros-dev/build/qcar2_nodes/CMakeFiles/CMakeTmp'
Building C object CMakeFiles/cmTC_894a1.dir/src.c.o
/usr/bin/cc -DCMAKE_HAVE_LIBC_PTHREAD   -o CMakeFiles/cmTC_894a1.dir/src.c.o -c /workspaces/isaac_ros-dev/build/qcar2_nodes/CMakeFiles/CMakeTmp/src.c
Linking C executable cmTC_894a1
/usr/bin/cmake -E cmake_link_script CMakeFiles/cmTC_894a1.dir/link.txt --verbose=1
/usr/bin/cc CMakeFiles/cmTC_894a1.dir/src.c.o -o cmTC_894a1 
/usr/bin/ld: CMakeFiles/cmTC_894a1.dir/src.c.o: in function `main':
src.c:(.text+0x46): undefined reference to `pthread_create'
/usr/bin/ld: src.c:(.text+0x52): undefined reference to `pthread_detach'
/usr/bin/ld: src.c:(.text+0x5e): undefined reference to `pthread_cancel'
/usr/bin/ld: src.c:(.text+0x6f): undefined reference to `pthread_join'
collect2: error: ld returned 1 exit status
make[1]: *** [CMakeFiles/cmTC_894a1.dir/build.make:99: cmTC_894a1] Error 1
make[1]: Leaving directory '/workspaces/isaac_ros-dev/build/qcar2_nodes/CMakeFiles/CMakeTmp'
make: *** [Makefile:127: cmTC_894a1/fast] Error 2


Source file was:
#include <pthread.h>

static void* test_func(void* data)
{
  return data;
}

int main(void)
{
  pthread_t thread;
  pthread_create(&thread, NULL, test_func, NULL);
  pthread_detach(thread);
  pthread_cancel(thread);
  pthread_join(thread, NULL);
  pthread_atfork(NULL, NULL, NULL);
  pthread_exit(NULL);

  return 0;
}

Determining if the function pthread_create exists in the pthreads failed with the following output:
Change Dir: /workspaces/isaac_ros-dev/build/qcar2_nodes/CMakeFiles/CMakeTmp

Run Build Command(s):/usr/bin/make -f Makefile cmTC_a10db/fast && /usr/bin/make  -f CMakeFiles/cmTC_a10db.dir/build.make CMakeFiles/cmTC_a10db.dir/build
make[1]: Entering directory '/workspaces/isaac_ros-dev/build/qcar2_nodes/CMakeFiles/CMakeTmp'
Building C object CMakeFiles/cmTC_a10db.dir/CheckFunctionExists.c.o
/usr/bin/cc   -DCHECK_FUNCTION_EXISTS=pthread_create -o CMakeFiles/cmTC_a10db.dir/CheckFunctionExists.c.o -c /usr/share/cmake-3.22/Modules/CheckFunctionExists.c
Linking C executable cmTC_a10db
/usr/bin/cmake -E cmake_link_script CMakeFiles/cmTC_a10db.dir/link.txt --verbose=1
/usr/bin/cc  -DCHECK_FUNCTION_EXISTS=pthread_create CMakeFiles/cmTC_a10db.dir/CheckFunctionExists.c.o -o cmTC_a10db  -lpthreads 
/usr/bin/ld: cannot find -lpthreads
collect2: error: ld returned 1 exit status
make[1]: *** [CMakeFiles/cmTC_a10db.dir/build.make:99: cmTC_a10db] Error 1
make[1]: Leaving directory '/workspaces/isaac_ros-dev/build/qcar2_nodes/CMakeFiles/CMakeTmp'
make: *** [Makefile:127: cmTC_a10db/fast] Error 2



