[0.335s] Invoking command in '/workspaces/isaac_ros-dev/build/qcar2_nodes': CMAKE_PREFIX_PATH=/workspaces/isaac_ros-dev/install/qcar2_interfaces:/workspaces/isaac_ros-dev/install/qcar2_nodes:/workspaces/isaac_ros-dev/install/ros2test:/opt/ros/humble PYTHONPATH=/workspaces/isaac_ros-dev/install/qcar2_interfaces/lib/python3.8/site-packages:/workspaces/isaac_ros-dev/install/ros2test/lib/python3.8/site-packages:/opt/ros/humble/lib/python3.8/site-packages:/home/Quanser/libraries/python _=/usr/bin/env /usr/bin/cmake /workspaces/isaac_ros-dev/ros2/src/qcar2_nodes -DCMAKE_INSTALL_PREFIX=/workspaces/isaac_ros-dev/install/qcar2_nodes
[0.499s] -- The C compiler identification is GNU 9.4.0
[0.635s] -- The CXX compiler identification is GNU 9.4.0
[0.654s] -- Detecting C compiler ABI info
[0.824s] -- Detecting C compiler ABI info - done
[0.842s] -- Check for working C compiler: /usr/bin/cc - skipped
[0.842s] -- Detecting C compile features
[0.844s] -- Detecting C compile features - done
[0.851s] -- Detecting CXX compiler ABI info
[1.048s] -- Detecting CXX compiler ABI info - done
[1.069s] -- Check for working CXX compiler: /usr/bin/c++ - skipped
[1.071s] -- Detecting CXX compile features
[1.072s] -- Detecting CXX compile features - done
[1.077s] -- Found ament_cmake: 1.3.5 (/opt/ros/humble/share/ament_cmake/cmake)
[2.828s] -- Found Python3: /usr/bin/python3.8 (found version "3.8.10") found components: Interpreter 
[3.048s] -- Found cv_bridge: 3.2.1 (/opt/ros/humble/share/cv_bridge/cmake)
[3.193s] -- Found rosidl_generator_c: 3.1.5 (/opt/ros/humble/share/rosidl_generator_c/cmake)
[3.207s] -- Found rosidl_adapter: 3.1.5 (/opt/ros/humble/share/rosidl_adapter/cmake)
[3.234s] -- Found rosidl_generator_cpp: 3.1.5 (/opt/ros/humble/share/rosidl_generator_cpp/cmake)
[3.270s] -- Using all available rosidl_typesupport_c: rosidl_typesupport_fastrtps_c;rosidl_typesupport_introspection_c
[3.331s] -- Using all available rosidl_typesupport_cpp: rosidl_typesupport_fastrtps_cpp;rosidl_typesupport_introspection_cpp
[3.933s] -- Found image_transport: 3.1.9 (/opt/ros/humble/share/image_transport/cmake)
[4.122s] -- Found rmw_implementation_cmake: 6.1.1 (/opt/ros/humble/share/rmw_implementation_cmake/cmake)
[4.130s] -- Found rmw_fastrtps_cpp: 6.2.4 (/opt/ros/humble/share/rmw_fastrtps_cpp/cmake)
[4.486s] -- Found OpenSSL: /usr/lib/x86_64-linux-gnu/libcrypto.so (found version "1.1.1f")  
[4.580s] -- Found FastRTPS: /opt/ros/humble/include  
[4.762s] -- Using RMW implementation 'rmw_fastrtps_cpp' as default
[4.797s] -- Looking for pthread.h
[4.982s] -- Looking for pthread.h - found
[4.982s] -- Performing Test CMAKE_HAVE_LIBC_PTHREAD
[5.168s] -- Performing Test CMAKE_HAVE_LIBC_PTHREAD - Failed
[5.169s] -- Looking for pthread_create in pthreads
[5.325s] -- Looking for pthread_create in pthreads - not found
[5.328s] -- Looking for pthread_create in pthread
[5.506s] -- Looking for pthread_create in pthread - found
[5.509s] -- Found Threads: TRUE  
[6.005s] -- Found OpenCV: /usr (found version "4.2.0") found components: highgui imgcodecs imgproc videoio 
[6.010s] -- Found control_msgs: 4.5.0 (/opt/ros/humble/share/control_msgs/cmake)
[6.883s] -- Found qcar2_interfaces: 0.0.0 (/workspaces/isaac_ros-dev/install/qcar2_interfaces/share/qcar2_interfaces/cmake)
[6.924s] -- Found tf2_ros: 0.25.4 (/opt/ros/humble/share/tf2_ros/cmake)
[7.647s] -- Found ament_lint_auto: 0.12.8 (/opt/ros/humble/share/ament_lint_auto/cmake)
[7.838s] -- Added test 'cppcheck' to perform static code analysis on C / C++ code
[7.839s] -- Configured cppcheck include dirs: 
[7.839s] -- Configured cppcheck exclude dirs and/or files: 
[7.840s] -- Added test 'flake8' to check Python code syntax and style conventions
[7.841s] -- Added test 'lint_cmake' to check CMake code style
[7.842s] -- Added test 'pep257' to check Python code against some of the docstring style conventions in PEP 257
[7.845s] -- Added test 'uncrustify' to check C / C++ code style
[7.845s] -- Configured uncrustify additional arguments: 
[7.846s] -- Added test 'xmllint' to check XML markup files
[7.848s] -- Configuring done
[7.951s] -- Generating done
[7.956s] -- Build files have been written to: /workspaces/isaac_ros-dev/build/qcar2_nodes
