[0.000000] (-) TimerEvent: {}
[0.000303] (qcar2_interfaces) JobQueued: {'identifier': 'qcar2_interfaces', 'dependencies': OrderedDict()}
[0.000337] (qcar2_nodes) JobQueued: {'identifier': 'qcar2_nodes', 'dependencies': OrderedDict([('qcar2_interfaces', '/workspaces/isaac_ros-dev/install/qcar2_interfaces')])}
[0.000349] (qcar2_nodes_copy) JobQueued: {'identifier': 'qcar2_nodes_copy', 'dependencies': OrderedDict([('qcar2_interfaces', '/workspaces/isaac_ros-dev/install/qcar2_interfaces')])}
[0.000357] (ros2test) JobQueued: {'identifier': 'ros2test', 'dependencies': OrderedDict([('qcar2_interfaces', '/workspaces/isaac_ros-dev/install/qcar2_interfaces')])}
[0.000621] (qcar2_interfaces) JobStarted: {'identifier': 'qcar2_interfaces'}
[0.034460] (qcar2_interfaces) JobProgress: {'identifier': 'qcar2_interfaces', 'progress': 'cmake'}
[0.035495] (qcar2_interfaces) JobProgress: {'identifier': 'qcar2_interfaces', 'progress': 'build'}
[0.035533] (qcar2_interfaces) Command: {'cmd': ['/usr/bin/cmake', '--build', '/workspaces/isaac_ros-dev/build/qcar2_interfaces', '--', '-j32', '-l32'], 'cwd': '/workspaces/isaac_ros-dev/build/qcar2_interfaces', 'env': OrderedDict([('DALI_BUILD', '5838886'), ('LIBRARY_PATH', '/usr/local/cuda/lib64/stubs:'), ('PYTHONWARNINGS', 'ignore:::setuptools.command.install,ignore:::setuptools.command.easy_install,ignore:::pkg_resources'), ('USER', 'viet'), ('TF_ADJUST_SATURATION_FUSED', '1'), ('CUSOLVER_VERSION', '11.4.1.48'), ('HOSTNAME', 'viet-Precision-7680'), ('CUTENSOR_VERSION', '1.6.1.5'), ('SHLVL', '2'), ('LD_LIBRARY_PATH', '/workspaces/isaac_ros-dev/install/qcar2_interfaces/lib:/opt/ros/humble/opt/rviz_ogre_vendor/lib:/opt/ros/humble/lib/x86_64-linux-gnu:/opt/ros/humble/lib:/opt/tritonserver/backends/onnxruntime:/usr/local/cuda/compat/lib:/usr/local/nvidia/lib:/usr/local/nvidia/lib64:/opt/tritonserver/lib'), ('HOME', '/home/admin'), ('NVIDIA_TRITON_SERVER_VERSION', '22.09'), ('CUDA_CACHE_DISABLE', '1'), ('ROS_PYTHON_VERSION', '3'), ('USER_UID', '1000'), ('ENV', '/etc/shinit_v2'), ('RDMACORE_VERSION', '36.0'), ('NVJPEG_VERSION', '11.9.0.86'), ('NVIDIA_BUILD_ID', '44909143'), ('CUDA_VERSION', '11.8.0.062'), ('CUBLAS_VERSION', '11.11.3.6'), ('NSIGHT_SYSTEMS_VERSION', '2022.3.1.43'), ('COLCON_PREFIX_PATH', '/workspaces/isaac_ros-dev/install'), ('ROS_DISTRO', 'humble'), ('OPAL_PREFIX', '/opt/hpcx/ompi'), ('NVIDIA_REQUIRE_CUDA', 'cuda>=9.0'), ('TRT_VERSION', '8.5.0.12'), ('GDRCOPY_VERSION', '2.3'), ('_', '/usr/bin/colcon'), ('ROS_VERSION', '2'), ('NVIDIA_DRIVER_CAPABILITIES', 'all'), ('POLYGRAPHY_VERSION', '0.38.0'), ('CURAND_VERSION', '10.3.0.86'), ('MOFED_VERSION', '5.4-rdmacore36.0'), ('USERNAME', 'admin'), ('TERM', 'xterm'), ('ROS_LOCALHOST_ONLY', '0'), ('PATH', '/opt/ros/humble/bin:/opt/tritonserver/bin:/usr/local/mpi/bin:/usr/local/nvidia/bin:/usr/local/cuda/bin:/usr/local/sbin:/usr/local/bin:/usr/sbin:/usr/bin:/sbin:/bin:/usr/local/ucx/bin:/opt/nvidia/tao'), ('FASTRTPS_DEFAULT_PROFILES_FILE', '/usr/local/share/middleware_profiles/rtps_udp_profile.xml'), ('CUDA_DRIVER_VERSION', '520.61.03'), ('_CUDA_COMPAT_STATUS', 'System has unsupported display driver / cuda driver combination (CUDA_ERROR_SYSTEM_DRIVER_MISMATCH) cuInit()=803'), ('DISPLAY', ':1'), ('NVIDIA_PRODUCT_NAME', 'Triton Server'), ('LANG', 'en_US.UTF-8'), ('RMW_IMPLEMENTATION', 'rmw_fastrtps_cpp'), ('NPP_VERSION', '11.8.0.86'), ('ROS_ROOT', '/opt/ros/humble'), ('CUFFT_VERSION', '10.9.0.58'), ('TF_ENABLE_WINOGRAD_NONFUSED', '1'), ('AMENT_PREFIX_PATH', '/workspaces/isaac_ros-dev/install/ros2test:/workspaces/isaac_ros-dev/install/qcar2_nodes_copy:/workspaces/isaac_ros-dev/install/qcar2_nodes:/workspaces/isaac_ros-dev/install/qcar2_interfaces:/opt/ros/humble'), ('CUDNN_VERSION', '8.6.0.163'), ('NSIGHT_COMPUTE_VERSION', '2022.3.0.22'), ('DALI_VERSION', '1.17.0'), ('DEBIAN_FRONTEND', 'noninteractive'), ('SHELL', '/bin/bash'), ('DCGM_VERSION', '2.2.9'), ('OPENMPI_VERSION', '4.1.4'), ('TRTOSS_VERSION', ''), ('OMPI_MCA_coll_hcoll_enable', '0'), ('CUSPARSE_VERSION', '11.7.5.86'), ('TRITON_SERVER_GPU_ENABLED', '1'), ('TRITON_SERVER_VERSION', '2.26.0'), ('BASH_ENV', '/etc/bash.bashrc'), ('PWD', '/workspaces/isaac_ros-dev/build/qcar2_interfaces'), ('PYTHONPATH', '/workspaces/isaac_ros-dev/install/ros2test/lib/python3.8/site-packages:/workspaces/isaac_ros-dev/install/qcar2_interfaces/lib/python3.8/site-packages:/opt/ros/humble/lib/python3.8/site-packages:/home/Quanser/libraries/python'), ('_CUDA_COMPAT_PATH', '/usr/local/cuda/compat'), ('TRITON_SERVER_USER', 'triton-server'), ('TF_ADJUST_HUE_FUSED', '1'), ('NVIDIA_VISIBLE_DEVICES', 'all'), ('NCCL_VERSION', '2.15.1'), ('USER_GID', '1000'), ('COLCON', '1'), ('OPENUCX_VERSION', '1.14.0'), ('HPCX_VERSION', '2.12.1a0'), ('SHARP_COLL_ENABLE_CUDA', '0'), ('CMAKE_PREFIX_PATH', '/workspaces/isaac_ros-dev/install/qcar2_nodes_copy:/workspaces/isaac_ros-dev/install/qcar2_nodes:/workspaces/isaac_ros-dev/install/qcar2_interfaces:/workspaces/isaac_ros-dev/install/ros2test:/opt/ros/humble'), ('TF_AUTOTUNE_THRESHOLD', '2')]), 'shell': False}
[0.085783] (qcar2_interfaces) StdoutLine: {'line': b'[  2%] Built target qcar2_interfaces__cpp\n'}
[0.089967] (qcar2_interfaces) StdoutLine: {'line': b'[  2%] Built target ament_cmake_python_copy_qcar2_interfaces\n'}
[0.097490] (qcar2_interfaces) StdoutLine: {'line': b'[ 12%] Built target qcar2_interfaces__rosidl_generator_c\n'}
[0.099843] (-) TimerEvent: {}
[0.103284] (qcar2_interfaces) StdoutLine: {'line': b'[ 23%] Built target qcar2_interfaces__rosidl_typesupport_cpp\n'}
[0.104052] (qcar2_interfaces) StdoutLine: {'line': b'[ 33%] Built target qcar2_interfaces__rosidl_typesupport_introspection_cpp\n'}
[0.104430] (qcar2_interfaces) StdoutLine: {'line': b'[ 43%] Built target qcar2_interfaces__rosidl_typesupport_fastrtps_cpp\n'}
[0.110846] (qcar2_interfaces) StdoutLine: {'line': b'[ 74%] Built target qcar2_interfaces__rosidl_typesupport_introspection_c\n'}
[0.110906] (qcar2_interfaces) StdoutLine: {'line': b'[ 74%] Built target qcar2_interfaces__rosidl_typesupport_c\n'}
[0.110937] (qcar2_interfaces) StdoutLine: {'line': b'[ 74%] Built target qcar2_interfaces__rosidl_typesupport_fastrtps_c\n'}
[0.122111] (qcar2_interfaces) StdoutLine: {'line': b'[ 74%] Built target qcar2_interfaces\n'}
[0.135727] (qcar2_interfaces) StdoutLine: {'line': b'[ 76%] Built target qcar2_interfaces__py\n'}
[0.152293] (qcar2_interfaces) StdoutLine: {'line': b'[ 84%] Built target qcar2_interfaces__rosidl_generator_py\n'}
[0.165704] (qcar2_interfaces) StdoutLine: {'line': b'[ 92%] Built target qcar2_interfaces__rosidl_typesupport_fastrtps_c__pyext\n'}
[0.165847] (qcar2_interfaces) StdoutLine: {'line': b'[100%] Built target qcar2_interfaces__rosidl_typesupport_introspection_c__pyext\n'}
[0.165885] (qcar2_interfaces) StdoutLine: {'line': b'[100%] Built target qcar2_interfaces__rosidl_typesupport_c__pyext\n'}
[0.199980] (-) TimerEvent: {}
[0.276550] (qcar2_interfaces) StdoutLine: {'line': b'running egg_info\n'}
[0.282396] (qcar2_interfaces) StdoutLine: {'line': b'writing qcar2_interfaces.egg-info/PKG-INFO\n'}
[0.282478] (qcar2_interfaces) StdoutLine: {'line': b'writing dependency_links to qcar2_interfaces.egg-info/dependency_links.txt\n'}
[0.282509] (qcar2_interfaces) StdoutLine: {'line': b'writing top-level names to qcar2_interfaces.egg-info/top_level.txt\n'}
[0.300159] (-) TimerEvent: {}
[0.300439] (qcar2_interfaces) StdoutLine: {'line': b"reading manifest file 'qcar2_interfaces.egg-info/SOURCES.txt'\n"}
[0.301479] (qcar2_interfaces) StdoutLine: {'line': b"writing manifest file 'qcar2_interfaces.egg-info/SOURCES.txt'\n"}
[0.321572] (qcar2_interfaces) StdoutLine: {'line': b'[100%] Built target ament_cmake_python_build_qcar2_interfaces_egg\n'}
[0.325844] (qcar2_interfaces) CommandEnded: {'returncode': 0}
[0.400264] (-) TimerEvent: {}
[0.427491] (qcar2_interfaces) JobProgress: {'identifier': 'qcar2_interfaces', 'progress': 'install'}
[0.432788] (qcar2_interfaces) Command: {'cmd': ['/usr/bin/cmake', '--install', '/workspaces/isaac_ros-dev/build/qcar2_interfaces'], 'cwd': '/workspaces/isaac_ros-dev/build/qcar2_interfaces', 'env': OrderedDict([('DALI_BUILD', '5838886'), ('LIBRARY_PATH', '/usr/local/cuda/lib64/stubs:'), ('PYTHONWARNINGS', 'ignore:::setuptools.command.install,ignore:::setuptools.command.easy_install,ignore:::pkg_resources'), ('USER', 'viet'), ('TF_ADJUST_SATURATION_FUSED', '1'), ('CUSOLVER_VERSION', '11.4.1.48'), ('HOSTNAME', 'viet-Precision-7680'), ('CUTENSOR_VERSION', '1.6.1.5'), ('SHLVL', '2'), ('LD_LIBRARY_PATH', '/workspaces/isaac_ros-dev/install/qcar2_interfaces/lib:/opt/ros/humble/opt/rviz_ogre_vendor/lib:/opt/ros/humble/lib/x86_64-linux-gnu:/opt/ros/humble/lib:/opt/tritonserver/backends/onnxruntime:/usr/local/cuda/compat/lib:/usr/local/nvidia/lib:/usr/local/nvidia/lib64:/opt/tritonserver/lib'), ('HOME', '/home/admin'), ('NVIDIA_TRITON_SERVER_VERSION', '22.09'), ('CUDA_CACHE_DISABLE', '1'), ('ROS_PYTHON_VERSION', '3'), ('USER_UID', '1000'), ('ENV', '/etc/shinit_v2'), ('RDMACORE_VERSION', '36.0'), ('NVJPEG_VERSION', '11.9.0.86'), ('NVIDIA_BUILD_ID', '44909143'), ('CUDA_VERSION', '11.8.0.062'), ('CUBLAS_VERSION', '11.11.3.6'), ('NSIGHT_SYSTEMS_VERSION', '2022.3.1.43'), ('COLCON_PREFIX_PATH', '/workspaces/isaac_ros-dev/install'), ('ROS_DISTRO', 'humble'), ('OPAL_PREFIX', '/opt/hpcx/ompi'), ('NVIDIA_REQUIRE_CUDA', 'cuda>=9.0'), ('TRT_VERSION', '8.5.0.12'), ('GDRCOPY_VERSION', '2.3'), ('_', '/usr/bin/colcon'), ('ROS_VERSION', '2'), ('NVIDIA_DRIVER_CAPABILITIES', 'all'), ('POLYGRAPHY_VERSION', '0.38.0'), ('CURAND_VERSION', '10.3.0.86'), ('MOFED_VERSION', '5.4-rdmacore36.0'), ('USERNAME', 'admin'), ('TERM', 'xterm'), ('ROS_LOCALHOST_ONLY', '0'), ('PATH', '/opt/ros/humble/bin:/opt/tritonserver/bin:/usr/local/mpi/bin:/usr/local/nvidia/bin:/usr/local/cuda/bin:/usr/local/sbin:/usr/local/bin:/usr/sbin:/usr/bin:/sbin:/bin:/usr/local/ucx/bin:/opt/nvidia/tao'), ('FASTRTPS_DEFAULT_PROFILES_FILE', '/usr/local/share/middleware_profiles/rtps_udp_profile.xml'), ('CUDA_DRIVER_VERSION', '520.61.03'), ('_CUDA_COMPAT_STATUS', 'System has unsupported display driver / cuda driver combination (CUDA_ERROR_SYSTEM_DRIVER_MISMATCH) cuInit()=803'), ('DISPLAY', ':1'), ('NVIDIA_PRODUCT_NAME', 'Triton Server'), ('LANG', 'en_US.UTF-8'), ('RMW_IMPLEMENTATION', 'rmw_fastrtps_cpp'), ('NPP_VERSION', '11.8.0.86'), ('ROS_ROOT', '/opt/ros/humble'), ('CUFFT_VERSION', '10.9.0.58'), ('TF_ENABLE_WINOGRAD_NONFUSED', '1'), ('AMENT_PREFIX_PATH', '/workspaces/isaac_ros-dev/install/ros2test:/workspaces/isaac_ros-dev/install/qcar2_nodes_copy:/workspaces/isaac_ros-dev/install/qcar2_nodes:/workspaces/isaac_ros-dev/install/qcar2_interfaces:/opt/ros/humble'), ('CUDNN_VERSION', '8.6.0.163'), ('NSIGHT_COMPUTE_VERSION', '2022.3.0.22'), ('DALI_VERSION', '1.17.0'), ('DEBIAN_FRONTEND', 'noninteractive'), ('SHELL', '/bin/bash'), ('DCGM_VERSION', '2.2.9'), ('OPENMPI_VERSION', '4.1.4'), ('TRTOSS_VERSION', ''), ('OMPI_MCA_coll_hcoll_enable', '0'), ('CUSPARSE_VERSION', '11.7.5.86'), ('TRITON_SERVER_GPU_ENABLED', '1'), ('TRITON_SERVER_VERSION', '2.26.0'), ('BASH_ENV', '/etc/bash.bashrc'), ('PWD', '/workspaces/isaac_ros-dev/build/qcar2_interfaces'), ('PYTHONPATH', '/workspaces/isaac_ros-dev/install/ros2test/lib/python3.8/site-packages:/workspaces/isaac_ros-dev/install/qcar2_interfaces/lib/python3.8/site-packages:/opt/ros/humble/lib/python3.8/site-packages:/home/Quanser/libraries/python'), ('_CUDA_COMPAT_PATH', '/usr/local/cuda/compat'), ('TRITON_SERVER_USER', 'triton-server'), ('TF_ADJUST_HUE_FUSED', '1'), ('NVIDIA_VISIBLE_DEVICES', 'all'), ('NCCL_VERSION', '2.15.1'), ('USER_GID', '1000'), ('COLCON', '1'), ('OPENUCX_VERSION', '1.14.0'), ('HPCX_VERSION', '2.12.1a0'), ('SHARP_COLL_ENABLE_CUDA', '0'), ('CMAKE_PREFIX_PATH', '/workspaces/isaac_ros-dev/install/qcar2_nodes_copy:/workspaces/isaac_ros-dev/install/qcar2_nodes:/workspaces/isaac_ros-dev/install/qcar2_interfaces:/workspaces/isaac_ros-dev/install/ros2test:/opt/ros/humble'), ('TF_AUTOTUNE_THRESHOLD', '2')]), 'shell': False}
[0.436144] (qcar2_interfaces) StdoutLine: {'line': b'-- Install configuration: ""\n'}
[0.436629] (qcar2_interfaces) StdoutLine: {'line': b'-- Up-to-date: /workspaces/isaac_ros-dev/install/qcar2_interfaces/share/ament_index/resource_index/rosidl_interfaces/qcar2_interfaces\n'}
[0.436722] (qcar2_interfaces) StdoutLine: {'line': b'-- Up-to-date: /workspaces/isaac_ros-dev/install/qcar2_interfaces/include/qcar2_interfaces/qcar2_interfaces\n'}
[0.436772] (qcar2_interfaces) StdoutLine: {'line': b'-- Up-to-date: /workspaces/isaac_ros-dev/install/qcar2_interfaces/include/qcar2_interfaces/qcar2_interfaces/msg\n'}
[0.436806] (qcar2_interfaces) StdoutLine: {'line': b'-- Up-to-date: /workspaces/isaac_ros-dev/install/qcar2_interfaces/include/qcar2_interfaces/qcar2_interfaces/msg/motor_commands.h\n'}
[0.436837] (qcar2_interfaces) StdoutLine: {'line': b'-- Up-to-date: /workspaces/isaac_ros-dev/install/qcar2_interfaces/include/qcar2_interfaces/qcar2_interfaces/msg/detail\n'}
[0.436891] (qcar2_interfaces) StdoutLine: {'line': b'-- Up-to-date: /workspaces/isaac_ros-dev/install/qcar2_interfaces/include/qcar2_interfaces/qcar2_interfaces/msg/detail/boolean_leds__struct.h\n'}
[0.436959] (qcar2_interfaces) StdoutLine: {'line': b'-- Up-to-date: /workspaces/isaac_ros-dev/install/qcar2_interfaces/include/qcar2_interfaces/qcar2_interfaces/msg/detail/motor_commands__functions.c\n'}
[0.436989] (qcar2_interfaces) StdoutLine: {'line': b'-- Up-to-date: /workspaces/isaac_ros-dev/install/qcar2_interfaces/include/qcar2_interfaces/qcar2_interfaces/msg/detail/boolean_leds__functions.c\n'}
[0.437017] (qcar2_interfaces) StdoutLine: {'line': b'-- Up-to-date: /workspaces/isaac_ros-dev/install/qcar2_interfaces/include/qcar2_interfaces/qcar2_interfaces/msg/detail/boolean_leds__functions.h\n'}
[0.437063] (qcar2_interfaces) StdoutLine: {'line': b'-- Up-to-date: /workspaces/isaac_ros-dev/install/qcar2_interfaces/include/qcar2_interfaces/qcar2_interfaces/msg/detail/motor_commands__type_support.h\n'}
[0.437090] (qcar2_interfaces) StdoutLine: {'line': b'-- Up-to-date: /workspaces/isaac_ros-dev/install/qcar2_interfaces/include/qcar2_interfaces/qcar2_interfaces/msg/detail/boolean_leds__type_support.h\n'}
[0.437116] (qcar2_interfaces) StdoutLine: {'line': b'-- Up-to-date: /workspaces/isaac_ros-dev/install/qcar2_interfaces/include/qcar2_interfaces/qcar2_interfaces/msg/detail/motor_commands__struct.h\n'}
[0.437143] (qcar2_interfaces) StdoutLine: {'line': b'-- Up-to-date: /workspaces/isaac_ros-dev/install/qcar2_interfaces/include/qcar2_interfaces/qcar2_interfaces/msg/detail/motor_commands__functions.h\n'}
[0.437171] (qcar2_interfaces) StdoutLine: {'line': b'-- Up-to-date: /workspaces/isaac_ros-dev/install/qcar2_interfaces/include/qcar2_interfaces/qcar2_interfaces/msg/rosidl_generator_c__visibility_control.h\n'}
[0.437197] (qcar2_interfaces) StdoutLine: {'line': b'-- Up-to-date: /workspaces/isaac_ros-dev/install/qcar2_interfaces/include/qcar2_interfaces/qcar2_interfaces/msg/boolean_leds.h\n'}
[0.437245] (qcar2_interfaces) StdoutLine: {'line': b'-- Up-to-date: /workspaces/isaac_ros-dev/install/qcar2_interfaces/share/qcar2_interfaces/environment/library_path.sh\n'}
[0.437272] (qcar2_interfaces) StdoutLine: {'line': b'-- Up-to-date: /workspaces/isaac_ros-dev/install/qcar2_interfaces/share/qcar2_interfaces/environment/library_path.dsv\n'}
[0.437815] (qcar2_interfaces) StdoutLine: {'line': b'-- Up-to-date: /workspaces/isaac_ros-dev/install/qcar2_interfaces/lib/libqcar2_interfaces__rosidl_generator_c.so\n'}
[0.437912] (qcar2_interfaces) StdoutLine: {'line': b'-- Up-to-date: /workspaces/isaac_ros-dev/install/qcar2_interfaces/include/qcar2_interfaces/qcar2_interfaces\n'}
[0.437953] (qcar2_interfaces) StdoutLine: {'line': b'-- Up-to-date: /workspaces/isaac_ros-dev/install/qcar2_interfaces/include/qcar2_interfaces/qcar2_interfaces/msg\n'}
[0.438001] (qcar2_interfaces) StdoutLine: {'line': b'-- Up-to-date: /workspaces/isaac_ros-dev/install/qcar2_interfaces/include/qcar2_interfaces/qcar2_interfaces/msg/detail\n'}
[0.438028] (qcar2_interfaces) StdoutLine: {'line': b'-- Up-to-date: /workspaces/isaac_ros-dev/install/qcar2_interfaces/include/qcar2_interfaces/qcar2_interfaces/msg/detail/motor_commands__rosidl_typesupport_fastrtps_c.h\n'}
[0.438077] (qcar2_interfaces) StdoutLine: {'line': b'-- Up-to-date: /workspaces/isaac_ros-dev/install/qcar2_interfaces/include/qcar2_interfaces/qcar2_interfaces/msg/detail/boolean_leds__rosidl_typesupport_fastrtps_c.h\n'}
[0.438104] (qcar2_interfaces) StdoutLine: {'line': b'-- Up-to-date: /workspaces/isaac_ros-dev/install/qcar2_interfaces/include/qcar2_interfaces/qcar2_interfaces/msg/rosidl_typesupport_fastrtps_c__visibility_control.h\n'}
[0.438620] (qcar2_interfaces) StdoutLine: {'line': b'-- Up-to-date: /workspaces/isaac_ros-dev/install/qcar2_interfaces/lib/libqcar2_interfaces__rosidl_typesupport_fastrtps_c.so\n'}
[0.438714] (qcar2_interfaces) StdoutLine: {'line': b'-- Up-to-date: /workspaces/isaac_ros-dev/install/qcar2_interfaces/include/qcar2_interfaces/qcar2_interfaces\n'}
[0.438752] (qcar2_interfaces) StdoutLine: {'line': b'-- Up-to-date: /workspaces/isaac_ros-dev/install/qcar2_interfaces/include/qcar2_interfaces/qcar2_interfaces/msg\n'}
[0.438794] (qcar2_interfaces) StdoutLine: {'line': b'-- Up-to-date: /workspaces/isaac_ros-dev/install/qcar2_interfaces/include/qcar2_interfaces/qcar2_interfaces/msg/rosidl_typesupport_introspection_c__visibility_control.h\n'}
[0.438842] (qcar2_interfaces) StdoutLine: {'line': b'-- Up-to-date: /workspaces/isaac_ros-dev/install/qcar2_interfaces/include/qcar2_interfaces/qcar2_interfaces/msg/detail\n'}
[0.438892] (qcar2_interfaces) StdoutLine: {'line': b'-- Up-to-date: /workspaces/isaac_ros-dev/install/qcar2_interfaces/include/qcar2_interfaces/qcar2_interfaces/msg/detail/motor_commands__rosidl_typesupport_introspection_c.h\n'}
[0.438920] (qcar2_interfaces) StdoutLine: {'line': b'-- Up-to-date: /workspaces/isaac_ros-dev/install/qcar2_interfaces/include/qcar2_interfaces/qcar2_interfaces/msg/detail/boolean_leds__type_support.c\n'}
[0.438947] (qcar2_interfaces) StdoutLine: {'line': b'-- Up-to-date: /workspaces/isaac_ros-dev/install/qcar2_interfaces/include/qcar2_interfaces/qcar2_interfaces/msg/detail/boolean_leds__rosidl_typesupport_introspection_c.h\n'}
[0.439000] (qcar2_interfaces) StdoutLine: {'line': b'-- Up-to-date: /workspaces/isaac_ros-dev/install/qcar2_interfaces/include/qcar2_interfaces/qcar2_interfaces/msg/detail/motor_commands__type_support.c\n'}
[0.439402] (qcar2_interfaces) StdoutLine: {'line': b'-- Up-to-date: /workspaces/isaac_ros-dev/install/qcar2_interfaces/lib/libqcar2_interfaces__rosidl_typesupport_introspection_c.so\n'}
[0.439853] (qcar2_interfaces) StdoutLine: {'line': b'-- Up-to-date: /workspaces/isaac_ros-dev/install/qcar2_interfaces/lib/libqcar2_interfaces__rosidl_typesupport_c.so\n'}
[0.439918] (qcar2_interfaces) StdoutLine: {'line': b'-- Up-to-date: /workspaces/isaac_ros-dev/install/qcar2_interfaces/include/qcar2_interfaces/qcar2_interfaces\n'}
[0.439968] (qcar2_interfaces) StdoutLine: {'line': b'-- Up-to-date: /workspaces/isaac_ros-dev/install/qcar2_interfaces/include/qcar2_interfaces/qcar2_interfaces/msg\n'}
[0.439995] (qcar2_interfaces) StdoutLine: {'line': b'-- Up-to-date: /workspaces/isaac_ros-dev/install/qcar2_interfaces/include/qcar2_interfaces/qcar2_interfaces/msg/motor_commands.hpp\n'}
[0.440036] (qcar2_interfaces) StdoutLine: {'line': b'-- Up-to-date: /workspaces/isaac_ros-dev/install/qcar2_interfaces/include/qcar2_interfaces/qcar2_interfaces/msg/boolean_leds.hpp\n'}
[0.440086] (qcar2_interfaces) StdoutLine: {'line': b'-- Up-to-date: /workspaces/isaac_ros-dev/install/qcar2_interfaces/include/qcar2_interfaces/qcar2_interfaces/msg/detail\n'}
[0.440113] (qcar2_interfaces) StdoutLine: {'line': b'-- Up-to-date: /workspaces/isaac_ros-dev/install/qcar2_interfaces/include/qcar2_interfaces/qcar2_interfaces/msg/detail/motor_commands__builder.hpp\n'}
[0.440155] (qcar2_interfaces) StdoutLine: {'line': b'-- Up-to-date: /workspaces/isaac_ros-dev/install/qcar2_interfaces/include/qcar2_interfaces/qcar2_interfaces/msg/detail/boolean_leds__traits.hpp\n'}
[0.440205] (qcar2_interfaces) StdoutLine: {'line': b'-- Up-to-date: /workspaces/isaac_ros-dev/install/qcar2_interfaces/include/qcar2_interfaces/qcar2_interfaces/msg/detail/boolean_leds__builder.hpp\n'}
[0.440241] (qcar2_interfaces) StdoutLine: {'line': b'-- Up-to-date: /workspaces/isaac_ros-dev/install/qcar2_interfaces/include/qcar2_interfaces/qcar2_interfaces/msg/detail/boolean_leds__struct.hpp\n'}
[0.440266] (qcar2_interfaces) StdoutLine: {'line': b'-- Up-to-date: /workspaces/isaac_ros-dev/install/qcar2_interfaces/include/qcar2_interfaces/qcar2_interfaces/msg/detail/motor_commands__traits.hpp\n'}
[0.440293] (qcar2_interfaces) StdoutLine: {'line': b'-- Up-to-date: /workspaces/isaac_ros-dev/install/qcar2_interfaces/include/qcar2_interfaces/qcar2_interfaces/msg/detail/motor_commands__struct.hpp\n'}
[0.440318] (qcar2_interfaces) StdoutLine: {'line': b'-- Up-to-date: /workspaces/isaac_ros-dev/install/qcar2_interfaces/include/qcar2_interfaces/qcar2_interfaces\n'}
[0.440341] (qcar2_interfaces) StdoutLine: {'line': b'-- Up-to-date: /workspaces/isaac_ros-dev/install/qcar2_interfaces/include/qcar2_interfaces/qcar2_interfaces/msg\n'}
[0.440365] (qcar2_interfaces) StdoutLine: {'line': b'-- Up-to-date: /workspaces/isaac_ros-dev/install/qcar2_interfaces/include/qcar2_interfaces/qcar2_interfaces/msg/detail\n'}
[0.440396] (qcar2_interfaces) StdoutLine: {'line': b'-- Up-to-date: /workspaces/isaac_ros-dev/install/qcar2_interfaces/include/qcar2_interfaces/qcar2_interfaces/msg/detail/boolean_leds__rosidl_typesupport_fastrtps_cpp.hpp\n'}
[0.440440] (qcar2_interfaces) StdoutLine: {'line': b'-- Up-to-date: /workspaces/isaac_ros-dev/install/qcar2_interfaces/include/qcar2_interfaces/qcar2_interfaces/msg/detail/dds_fastrtps\n'}
[0.440481] (qcar2_interfaces) StdoutLine: {'line': b'-- Up-to-date: /workspaces/isaac_ros-dev/install/qcar2_interfaces/include/qcar2_interfaces/qcar2_interfaces/msg/detail/motor_commands__rosidl_typesupport_fastrtps_cpp.hpp\n'}
[0.440509] (qcar2_interfaces) StdoutLine: {'line': b'-- Up-to-date: /workspaces/isaac_ros-dev/install/qcar2_interfaces/include/qcar2_interfaces/qcar2_interfaces/msg/rosidl_typesupport_fastrtps_cpp__visibility_control.h\n'}
[0.440535] (qcar2_interfaces) StdoutLine: {'line': b'-- Up-to-date: /workspaces/isaac_ros-dev/install/qcar2_interfaces/lib/libqcar2_interfaces__rosidl_typesupport_fastrtps_cpp.so\n'}
[0.440579] (qcar2_interfaces) StdoutLine: {'line': b'-- Up-to-date: /workspaces/isaac_ros-dev/install/qcar2_interfaces/include/qcar2_interfaces/qcar2_interfaces\n'}
[0.440631] (qcar2_interfaces) StdoutLine: {'line': b'-- Up-to-date: /workspaces/isaac_ros-dev/install/qcar2_interfaces/include/qcar2_interfaces/qcar2_interfaces/msg\n'}
[0.440660] (qcar2_interfaces) StdoutLine: {'line': b'-- Up-to-date: /workspaces/isaac_ros-dev/install/qcar2_interfaces/include/qcar2_interfaces/qcar2_interfaces/msg/detail\n'}
[0.440687] (qcar2_interfaces) StdoutLine: {'line': b'-- Up-to-date: /workspaces/isaac_ros-dev/install/qcar2_interfaces/include/qcar2_interfaces/qcar2_interfaces/msg/detail/motor_commands__rosidl_typesupport_introspection_cpp.hpp\n'}
[0.440738] (qcar2_interfaces) StdoutLine: {'line': b'-- Up-to-date: /workspaces/isaac_ros-dev/install/qcar2_interfaces/include/qcar2_interfaces/qcar2_interfaces/msg/detail/boolean_leds__rosidl_typesupport_introspection_cpp.hpp\n'}
[0.440764] (qcar2_interfaces) StdoutLine: {'line': b'-- Up-to-date: /workspaces/isaac_ros-dev/install/qcar2_interfaces/include/qcar2_interfaces/qcar2_interfaces/msg/detail/motor_commands__type_support.cpp\n'}
[0.440789] (qcar2_interfaces) StdoutLine: {'line': b'-- Up-to-date: /workspaces/isaac_ros-dev/install/qcar2_interfaces/include/qcar2_interfaces/qcar2_interfaces/msg/detail/boolean_leds__type_support.cpp\n'}
[0.440834] (qcar2_interfaces) StdoutLine: {'line': b'-- Up-to-date: /workspaces/isaac_ros-dev/install/qcar2_interfaces/lib/libqcar2_interfaces__rosidl_typesupport_introspection_cpp.so\n'}
[0.440946] (qcar2_interfaces) StdoutLine: {'line': b'-- Up-to-date: /workspaces/isaac_ros-dev/install/qcar2_interfaces/lib/libqcar2_interfaces__rosidl_typesupport_cpp.so\n'}
[0.441064] (qcar2_interfaces) StdoutLine: {'line': b'-- Up-to-date: /workspaces/isaac_ros-dev/install/qcar2_interfaces/share/qcar2_interfaces/environment/pythonpath.sh\n'}
[0.441104] (qcar2_interfaces) StdoutLine: {'line': b'-- Up-to-date: /workspaces/isaac_ros-dev/install/qcar2_interfaces/share/qcar2_interfaces/environment/pythonpath.dsv\n'}
[0.441142] (qcar2_interfaces) StdoutLine: {'line': b'-- Up-to-date: /workspaces/isaac_ros-dev/install/qcar2_interfaces/lib/python3.8/site-packages/qcar2_interfaces-0.0.0-py3.8.egg-info\n'}
[0.441188] (qcar2_interfaces) StdoutLine: {'line': b'-- Installing: /workspaces/isaac_ros-dev/install/qcar2_interfaces/lib/python3.8/site-packages/qcar2_interfaces-0.0.0-py3.8.egg-info/dependency_links.txt\n'}
[0.441461] (qcar2_interfaces) StdoutLine: {'line': b'-- Installing: /workspaces/isaac_ros-dev/install/qcar2_interfaces/lib/python3.8/site-packages/qcar2_interfaces-0.0.0-py3.8.egg-info/PKG-INFO\n'}
[0.441661] (qcar2_interfaces) StdoutLine: {'line': b'-- Installing: /workspaces/isaac_ros-dev/install/qcar2_interfaces/lib/python3.8/site-packages/qcar2_interfaces-0.0.0-py3.8.egg-info/SOURCES.txt\n'}
[0.441835] (qcar2_interfaces) StdoutLine: {'line': b'-- Installing: /workspaces/isaac_ros-dev/install/qcar2_interfaces/lib/python3.8/site-packages/qcar2_interfaces-0.0.0-py3.8.egg-info/top_level.txt\n'}
[0.442020] (qcar2_interfaces) StdoutLine: {'line': b'-- Up-to-date: /workspaces/isaac_ros-dev/install/qcar2_interfaces/lib/python3.8/site-packages/qcar2_interfaces\n'}
[0.442071] (qcar2_interfaces) StdoutLine: {'line': b'-- Up-to-date: /workspaces/isaac_ros-dev/install/qcar2_interfaces/lib/python3.8/site-packages/qcar2_interfaces/_qcar2_interfaces_s.ep.rosidl_typesupport_c.c\n'}
[0.442110] (qcar2_interfaces) StdoutLine: {'line': b'-- Up-to-date: /workspaces/isaac_ros-dev/install/qcar2_interfaces/lib/python3.8/site-packages/qcar2_interfaces/__init__.py\n'}
[0.442136] (qcar2_interfaces) StdoutLine: {'line': b'-- Up-to-date: /workspaces/isaac_ros-dev/install/qcar2_interfaces/lib/python3.8/site-packages/qcar2_interfaces/_qcar2_interfaces_s.ep.rosidl_typesupport_fastrtps_c.c\n'}
[0.442174] (qcar2_interfaces) StdoutLine: {'line': b'-- Up-to-date: /workspaces/isaac_ros-dev/install/qcar2_interfaces/lib/python3.8/site-packages/qcar2_interfaces/qcar2_interfaces_s__rosidl_typesupport_c.cpython-38-x86_64-linux-gnu.so\n'}
[0.442221] (qcar2_interfaces) StdoutLine: {'line': b'-- Up-to-date: /workspaces/isaac_ros-dev/install/qcar2_interfaces/lib/python3.8/site-packages/qcar2_interfaces/_qcar2_interfaces_s.ep.rosidl_typesupport_introspection_c.c\n'}
[0.442247] (qcar2_interfaces) StdoutLine: {'line': b'-- Up-to-date: /workspaces/isaac_ros-dev/install/qcar2_interfaces/lib/python3.8/site-packages/qcar2_interfaces/qcar2_interfaces_s__rosidl_typesupport_fastrtps_c.cpython-38-x86_64-linux-gnu.so\n'}
[0.442272] (qcar2_interfaces) StdoutLine: {'line': b'-- Up-to-date: /workspaces/isaac_ros-dev/install/qcar2_interfaces/lib/python3.8/site-packages/qcar2_interfaces/msg\n'}
[0.442318] (qcar2_interfaces) StdoutLine: {'line': b'-- Up-to-date: /workspaces/isaac_ros-dev/install/qcar2_interfaces/lib/python3.8/site-packages/qcar2_interfaces/msg/_boolean_leds.py\n'}
[0.442344] (qcar2_interfaces) StdoutLine: {'line': b'-- Up-to-date: /workspaces/isaac_ros-dev/install/qcar2_interfaces/lib/python3.8/site-packages/qcar2_interfaces/msg/__init__.py\n'}
[0.442392] (qcar2_interfaces) StdoutLine: {'line': b'-- Up-to-date: /workspaces/isaac_ros-dev/install/qcar2_interfaces/lib/python3.8/site-packages/qcar2_interfaces/msg/_boolean_leds_s.c\n'}
[0.442416] (qcar2_interfaces) StdoutLine: {'line': b'-- Up-to-date: /workspaces/isaac_ros-dev/install/qcar2_interfaces/lib/python3.8/site-packages/qcar2_interfaces/msg/_motor_commands_s.c\n'}
[0.442439] (qcar2_interfaces) StdoutLine: {'line': b'-- Up-to-date: /workspaces/isaac_ros-dev/install/qcar2_interfaces/lib/python3.8/site-packages/qcar2_interfaces/msg/_motor_commands.py\n'}
[0.442462] (qcar2_interfaces) StdoutLine: {'line': b'-- Up-to-date: /workspaces/isaac_ros-dev/install/qcar2_interfaces/lib/python3.8/site-packages/qcar2_interfaces/libqcar2_interfaces__rosidl_generator_py.so\n'}
[0.442485] (qcar2_interfaces) StdoutLine: {'line': b'-- Up-to-date: /workspaces/isaac_ros-dev/install/qcar2_interfaces/lib/python3.8/site-packages/qcar2_interfaces/qcar2_interfaces_s__rosidl_typesupport_introspection_c.cpython-38-x86_64-linux-gnu.so\n'}
[0.474214] (qcar2_interfaces) StdoutLine: {'line': b"Listing '/workspaces/isaac_ros-dev/install/qcar2_interfaces/lib/python3.8/site-packages/qcar2_interfaces'...\n"}
[0.474354] (qcar2_interfaces) StdoutLine: {'line': b"Listing '/workspaces/isaac_ros-dev/install/qcar2_interfaces/lib/python3.8/site-packages/qcar2_interfaces/msg'...\n"}
[0.476661] (qcar2_interfaces) StdoutLine: {'line': b'-- Up-to-date: /workspaces/isaac_ros-dev/install/qcar2_interfaces/lib/python3.8/site-packages/qcar2_interfaces/qcar2_interfaces_s__rosidl_typesupport_fastrtps_c.cpython-38-x86_64-linux-gnu.so\n'}
[0.477125] (qcar2_interfaces) StdoutLine: {'line': b'-- Up-to-date: /workspaces/isaac_ros-dev/install/qcar2_interfaces/lib/python3.8/site-packages/qcar2_interfaces/qcar2_interfaces_s__rosidl_typesupport_introspection_c.cpython-38-x86_64-linux-gnu.so\n'}
[0.477505] (qcar2_interfaces) StdoutLine: {'line': b'-- Up-to-date: /workspaces/isaac_ros-dev/install/qcar2_interfaces/lib/python3.8/site-packages/qcar2_interfaces/qcar2_interfaces_s__rosidl_typesupport_c.cpython-38-x86_64-linux-gnu.so\n'}
[0.478104] (qcar2_interfaces) StdoutLine: {'line': b'-- Up-to-date: /workspaces/isaac_ros-dev/install/qcar2_interfaces/lib/libqcar2_interfaces__rosidl_generator_py.so\n'}
[0.478209] (qcar2_interfaces) StdoutLine: {'line': b'-- Up-to-date: /workspaces/isaac_ros-dev/install/qcar2_interfaces/share/qcar2_interfaces/msg/MotorCommands.idl\n'}
[0.478242] (qcar2_interfaces) StdoutLine: {'line': b'-- Up-to-date: /workspaces/isaac_ros-dev/install/qcar2_interfaces/share/qcar2_interfaces/msg/BooleanLeds.idl\n'}
[0.478286] (qcar2_interfaces) StdoutLine: {'line': b'-- Up-to-date: /workspaces/isaac_ros-dev/install/qcar2_interfaces/share/qcar2_interfaces/msg/MotorCommands.msg\n'}
[0.478337] (qcar2_interfaces) StdoutLine: {'line': b'-- Up-to-date: /workspaces/isaac_ros-dev/install/qcar2_interfaces/share/qcar2_interfaces/msg/BooleanLeds.msg\n'}
[0.478364] (qcar2_interfaces) StdoutLine: {'line': b'-- Up-to-date: /workspaces/isaac_ros-dev/install/qcar2_interfaces/share/ament_index/resource_index/package_run_dependencies/qcar2_interfaces\n'}
[0.478409] (qcar2_interfaces) StdoutLine: {'line': b'-- Up-to-date: /workspaces/isaac_ros-dev/install/qcar2_interfaces/share/ament_index/resource_index/parent_prefix_path/qcar2_interfaces\n'}
[0.478435] (qcar2_interfaces) StdoutLine: {'line': b'-- Up-to-date: /workspaces/isaac_ros-dev/install/qcar2_interfaces/share/qcar2_interfaces/environment/ament_prefix_path.sh\n'}
[0.478480] (qcar2_interfaces) StdoutLine: {'line': b'-- Up-to-date: /workspaces/isaac_ros-dev/install/qcar2_interfaces/share/qcar2_interfaces/environment/ament_prefix_path.dsv\n'}
[0.478503] (qcar2_interfaces) StdoutLine: {'line': b'-- Up-to-date: /workspaces/isaac_ros-dev/install/qcar2_interfaces/share/qcar2_interfaces/environment/path.sh\n'}
[0.478526] (qcar2_interfaces) StdoutLine: {'line': b'-- Up-to-date: /workspaces/isaac_ros-dev/install/qcar2_interfaces/share/qcar2_interfaces/environment/path.dsv\n'}
[0.478548] (qcar2_interfaces) StdoutLine: {'line': b'-- Up-to-date: /workspaces/isaac_ros-dev/install/qcar2_interfaces/share/qcar2_interfaces/local_setup.bash\n'}
[0.478570] (qcar2_interfaces) StdoutLine: {'line': b'-- Up-to-date: /workspaces/isaac_ros-dev/install/qcar2_interfaces/share/qcar2_interfaces/local_setup.sh\n'}
[0.478591] (qcar2_interfaces) StdoutLine: {'line': b'-- Up-to-date: /workspaces/isaac_ros-dev/install/qcar2_interfaces/share/qcar2_interfaces/local_setup.zsh\n'}
[0.478611] (qcar2_interfaces) StdoutLine: {'line': b'-- Up-to-date: /workspaces/isaac_ros-dev/install/qcar2_interfaces/share/qcar2_interfaces/local_setup.dsv\n'}
[0.478633] (qcar2_interfaces) StdoutLine: {'line': b'-- Installing: /workspaces/isaac_ros-dev/install/qcar2_interfaces/share/qcar2_interfaces/package.dsv\n'}
[0.478705] (qcar2_interfaces) StdoutLine: {'line': b'-- Up-to-date: /workspaces/isaac_ros-dev/install/qcar2_interfaces/share/ament_index/resource_index/packages/qcar2_interfaces\n'}
[0.478982] (qcar2_interfaces) StdoutLine: {'line': b'-- Up-to-date: /workspaces/isaac_ros-dev/install/qcar2_interfaces/share/qcar2_interfaces/cmake/export_qcar2_interfaces__rosidl_generator_cExport.cmake\n'}
[0.479093] (qcar2_interfaces) StdoutLine: {'line': b'-- Up-to-date: /workspaces/isaac_ros-dev/install/qcar2_interfaces/share/qcar2_interfaces/cmake/export_qcar2_interfaces__rosidl_generator_cExport-noconfig.cmake\n'}
[0.479277] (qcar2_interfaces) StdoutLine: {'line': b'-- Up-to-date: /workspaces/isaac_ros-dev/install/qcar2_interfaces/share/qcar2_interfaces/cmake/export_qcar2_interfaces__rosidl_typesupport_fastrtps_cExport.cmake\n'}
[0.479351] (qcar2_interfaces) StdoutLine: {'line': b'-- Up-to-date: /workspaces/isaac_ros-dev/install/qcar2_interfaces/share/qcar2_interfaces/cmake/export_qcar2_interfaces__rosidl_typesupport_fastrtps_cExport-noconfig.cmake\n'}
[0.479568] (qcar2_interfaces) StdoutLine: {'line': b'-- Up-to-date: /workspaces/isaac_ros-dev/install/qcar2_interfaces/share/qcar2_interfaces/cmake/qcar2_interfaces__rosidl_typesupport_introspection_cExport.cmake\n'}
[0.479635] (qcar2_interfaces) StdoutLine: {'line': b'-- Up-to-date: /workspaces/isaac_ros-dev/install/qcar2_interfaces/share/qcar2_interfaces/cmake/qcar2_interfaces__rosidl_typesupport_introspection_cExport-noconfig.cmake\n'}
[0.479786] (qcar2_interfaces) StdoutLine: {'line': b'-- Up-to-date: /workspaces/isaac_ros-dev/install/qcar2_interfaces/share/qcar2_interfaces/cmake/qcar2_interfaces__rosidl_typesupport_cExport.cmake\n'}
[0.479857] (qcar2_interfaces) StdoutLine: {'line': b'-- Up-to-date: /workspaces/isaac_ros-dev/install/qcar2_interfaces/share/qcar2_interfaces/cmake/qcar2_interfaces__rosidl_typesupport_cExport-noconfig.cmake\n'}
[0.480054] (qcar2_interfaces) StdoutLine: {'line': b'-- Up-to-date: /workspaces/isaac_ros-dev/install/qcar2_interfaces/share/qcar2_interfaces/cmake/export_qcar2_interfaces__rosidl_generator_cppExport.cmake\n'}
[0.480242] (qcar2_interfaces) StdoutLine: {'line': b'-- Up-to-date: /workspaces/isaac_ros-dev/install/qcar2_interfaces/share/qcar2_interfaces/cmake/export_qcar2_interfaces__rosidl_typesupport_fastrtps_cppExport.cmake\n'}
[0.480309] (qcar2_interfaces) StdoutLine: {'line': b'-- Up-to-date: /workspaces/isaac_ros-dev/install/qcar2_interfaces/share/qcar2_interfaces/cmake/export_qcar2_interfaces__rosidl_typesupport_fastrtps_cppExport-noconfig.cmake\n'}
[0.480392] (qcar2_interfaces) StdoutLine: {'line': b'-- Up-to-date: /workspaces/isaac_ros-dev/install/qcar2_interfaces/share/qcar2_interfaces/cmake/qcar2_interfaces__rosidl_typesupport_introspection_cppExport.cmake\n'}
[0.480458] (qcar2_interfaces) StdoutLine: {'line': b'-- Up-to-date: /workspaces/isaac_ros-dev/install/qcar2_interfaces/share/qcar2_interfaces/cmake/qcar2_interfaces__rosidl_typesupport_introspection_cppExport-noconfig.cmake\n'}
[0.480574] (qcar2_interfaces) StdoutLine: {'line': b'-- Up-to-date: /workspaces/isaac_ros-dev/install/qcar2_interfaces/share/qcar2_interfaces/cmake/qcar2_interfaces__rosidl_typesupport_cppExport.cmake\n'}
[0.480639] (qcar2_interfaces) StdoutLine: {'line': b'-- Up-to-date: /workspaces/isaac_ros-dev/install/qcar2_interfaces/share/qcar2_interfaces/cmake/qcar2_interfaces__rosidl_typesupport_cppExport-noconfig.cmake\n'}
[0.480759] (qcar2_interfaces) StdoutLine: {'line': b'-- Up-to-date: /workspaces/isaac_ros-dev/install/qcar2_interfaces/share/qcar2_interfaces/cmake/export_qcar2_interfaces__rosidl_generator_pyExport.cmake\n'}
[0.481141] (qcar2_interfaces) StdoutLine: {'line': b'-- Up-to-date: /workspaces/isaac_ros-dev/install/qcar2_interfaces/share/qcar2_interfaces/cmake/export_qcar2_interfaces__rosidl_generator_pyExport-noconfig.cmake\n'}
[0.481219] (qcar2_interfaces) StdoutLine: {'line': b'-- Up-to-date: /workspaces/isaac_ros-dev/install/qcar2_interfaces/share/qcar2_interfaces/cmake/rosidl_cmake-extras.cmake\n'}
[0.481278] (qcar2_interfaces) StdoutLine: {'line': b'-- Up-to-date: /workspaces/isaac_ros-dev/install/qcar2_interfaces/share/qcar2_interfaces/cmake/ament_cmake_export_include_directories-extras.cmake\n'}
[0.481334] (qcar2_interfaces) StdoutLine: {'line': b'-- Up-to-date: /workspaces/isaac_ros-dev/install/qcar2_interfaces/share/qcar2_interfaces/cmake/ament_cmake_export_libraries-extras.cmake\n'}
[0.481391] (qcar2_interfaces) StdoutLine: {'line': b'-- Up-to-date: /workspaces/isaac_ros-dev/install/qcar2_interfaces/share/qcar2_interfaces/cmake/ament_cmake_export_targets-extras.cmake\n'}
[0.481445] (qcar2_interfaces) StdoutLine: {'line': b'-- Up-to-date: /workspaces/isaac_ros-dev/install/qcar2_interfaces/share/qcar2_interfaces/cmake/rosidl_cmake_export_typesupport_targets-extras.cmake\n'}
[0.481497] (qcar2_interfaces) StdoutLine: {'line': b'-- Up-to-date: /workspaces/isaac_ros-dev/install/qcar2_interfaces/share/qcar2_interfaces/cmake/ament_cmake_export_dependencies-extras.cmake\n'}
[0.481549] (qcar2_interfaces) StdoutLine: {'line': b'-- Up-to-date: /workspaces/isaac_ros-dev/install/qcar2_interfaces/share/qcar2_interfaces/cmake/rosidl_cmake_export_typesupport_libraries-extras.cmake\n'}
[0.481602] (qcar2_interfaces) StdoutLine: {'line': b'-- Up-to-date: /workspaces/isaac_ros-dev/install/qcar2_interfaces/share/qcar2_interfaces/cmake/qcar2_interfacesConfig.cmake\n'}
[0.481906] (qcar2_interfaces) StdoutLine: {'line': b'-- Up-to-date: /workspaces/isaac_ros-dev/install/qcar2_interfaces/share/qcar2_interfaces/cmake/qcar2_interfacesConfig-version.cmake\n'}
[0.482451] (qcar2_interfaces) StdoutLine: {'line': b'-- Up-to-date: /workspaces/isaac_ros-dev/install/qcar2_interfaces/share/qcar2_interfaces/package.xml\n'}
[0.483341] (qcar2_interfaces) CommandEnded: {'returncode': 0}
[0.500427] (-) TimerEvent: {}
[0.600799] (-) TimerEvent: {}
[0.667482] (qcar2_interfaces) JobEnded: {'identifier': 'qcar2_interfaces', 'rc': 0}
[0.668466] (qcar2_nodes) JobStarted: {'identifier': 'qcar2_nodes'}
[0.692045] (qcar2_nodes_copy) JobStarted: {'identifier': 'qcar2_nodes_copy'}
[0.701048] (-) TimerEvent: {}
[0.715541] (ros2test) JobStarted: {'identifier': 'ros2test'}
[0.769430] (qcar2_nodes) JobProgress: {'identifier': 'qcar2_nodes', 'progress': 'cmake'}
[0.770569] (qcar2_nodes) JobProgress: {'identifier': 'qcar2_nodes', 'progress': 'build'}
[0.771846] (qcar2_nodes) Command: {'cmd': ['/usr/bin/cmake', '--build', '/workspaces/isaac_ros-dev/build/qcar2_nodes', '--', '-j32', '-l32'], 'cwd': '/workspaces/isaac_ros-dev/build/qcar2_nodes', 'env': OrderedDict([('DALI_BUILD', '5838886'), ('LIBRARY_PATH', '/usr/local/cuda/lib64/stubs:'), ('PYTHONWARNINGS', 'ignore:::setuptools.command.install,ignore:::setuptools.command.easy_install,ignore:::pkg_resources'), ('USER', 'viet'), ('TF_ADJUST_SATURATION_FUSED', '1'), ('CUSOLVER_VERSION', '11.4.1.48'), ('HOSTNAME', 'viet-Precision-7680'), ('CUTENSOR_VERSION', '1.6.1.5'), ('SHLVL', '2'), ('LD_LIBRARY_PATH', '/workspaces/isaac_ros-dev/install/qcar2_interfaces/lib:/opt/ros/humble/opt/rviz_ogre_vendor/lib:/opt/ros/humble/lib/x86_64-linux-gnu:/opt/ros/humble/lib:/opt/tritonserver/backends/onnxruntime:/usr/local/cuda/compat/lib:/usr/local/nvidia/lib:/usr/local/nvidia/lib64:/opt/tritonserver/lib'), ('HOME', '/home/admin'), ('NVIDIA_TRITON_SERVER_VERSION', '22.09'), ('CUDA_CACHE_DISABLE', '1'), ('ROS_PYTHON_VERSION', '3'), ('USER_UID', '1000'), ('ENV', '/etc/shinit_v2'), ('RDMACORE_VERSION', '36.0'), ('NVJPEG_VERSION', '11.9.0.86'), ('NVIDIA_BUILD_ID', '44909143'), ('CUDA_VERSION', '11.8.0.062'), ('CUBLAS_VERSION', '11.11.3.6'), ('NSIGHT_SYSTEMS_VERSION', '2022.3.1.43'), ('COLCON_PREFIX_PATH', '/workspaces/isaac_ros-dev/install'), ('ROS_DISTRO', 'humble'), ('OPAL_PREFIX', '/opt/hpcx/ompi'), ('NVIDIA_REQUIRE_CUDA', 'cuda>=9.0'), ('TRT_VERSION', '8.5.0.12'), ('GDRCOPY_VERSION', '2.3'), ('_', '/usr/bin/colcon'), ('ROS_VERSION', '2'), ('NVIDIA_DRIVER_CAPABILITIES', 'all'), ('POLYGRAPHY_VERSION', '0.38.0'), ('CURAND_VERSION', '10.3.0.86'), ('MOFED_VERSION', '5.4-rdmacore36.0'), ('USERNAME', 'admin'), ('TERM', 'xterm'), ('ROS_LOCALHOST_ONLY', '0'), ('PATH', '/opt/ros/humble/bin:/opt/tritonserver/bin:/usr/local/mpi/bin:/usr/local/nvidia/bin:/usr/local/cuda/bin:/usr/local/sbin:/usr/local/bin:/usr/sbin:/usr/bin:/sbin:/bin:/usr/local/ucx/bin:/opt/nvidia/tao'), ('FASTRTPS_DEFAULT_PROFILES_FILE', '/usr/local/share/middleware_profiles/rtps_udp_profile.xml'), ('CUDA_DRIVER_VERSION', '520.61.03'), ('_CUDA_COMPAT_STATUS', 'System has unsupported display driver / cuda driver combination (CUDA_ERROR_SYSTEM_DRIVER_MISMATCH) cuInit()=803'), ('DISPLAY', ':1'), ('NVIDIA_PRODUCT_NAME', 'Triton Server'), ('LANG', 'en_US.UTF-8'), ('RMW_IMPLEMENTATION', 'rmw_fastrtps_cpp'), ('NPP_VERSION', '11.8.0.86'), ('ROS_ROOT', '/opt/ros/humble'), ('CUFFT_VERSION', '10.9.0.58'), ('TF_ENABLE_WINOGRAD_NONFUSED', '1'), ('AMENT_PREFIX_PATH', '/workspaces/isaac_ros-dev/install/ros2test:/workspaces/isaac_ros-dev/install/qcar2_nodes_copy:/workspaces/isaac_ros-dev/install/qcar2_nodes:/workspaces/isaac_ros-dev/install/qcar2_interfaces:/opt/ros/humble'), ('CUDNN_VERSION', '8.6.0.163'), ('NSIGHT_COMPUTE_VERSION', '2022.3.0.22'), ('DALI_VERSION', '1.17.0'), ('DEBIAN_FRONTEND', 'noninteractive'), ('SHELL', '/bin/bash'), ('DCGM_VERSION', '2.2.9'), ('OPENMPI_VERSION', '4.1.4'), ('TRTOSS_VERSION', ''), ('OMPI_MCA_coll_hcoll_enable', '0'), ('CUSPARSE_VERSION', '11.7.5.86'), ('TRITON_SERVER_GPU_ENABLED', '1'), ('TRITON_SERVER_VERSION', '2.26.0'), ('BASH_ENV', '/etc/bash.bashrc'), ('PWD', '/workspaces/isaac_ros-dev/build/qcar2_nodes'), ('PYTHONPATH', '/workspaces/isaac_ros-dev/install/qcar2_interfaces/lib/python3.8/site-packages:/workspaces/isaac_ros-dev/install/ros2test/lib/python3.8/site-packages:/opt/ros/humble/lib/python3.8/site-packages:/home/Quanser/libraries/python'), ('_CUDA_COMPAT_PATH', '/usr/local/cuda/compat'), ('TRITON_SERVER_USER', 'triton-server'), ('TF_ADJUST_HUE_FUSED', '1'), ('NVIDIA_VISIBLE_DEVICES', 'all'), ('NCCL_VERSION', '2.15.1'), ('USER_GID', '1000'), ('COLCON', '1'), ('OPENUCX_VERSION', '1.14.0'), ('HPCX_VERSION', '2.12.1a0'), ('SHARP_COLL_ENABLE_CUDA', '0'), ('CMAKE_PREFIX_PATH', '/workspaces/isaac_ros-dev/install/qcar2_interfaces:/workspaces/isaac_ros-dev/install/qcar2_nodes_copy:/workspaces/isaac_ros-dev/install/qcar2_nodes:/workspaces/isaac_ros-dev/install/ros2test:/opt/ros/humble'), ('TF_AUTOTUNE_THRESHOLD', '2')]), 'shell': False}
[0.773566] (qcar2_nodes_copy) JobProgress: {'identifier': 'qcar2_nodes_copy', 'progress': 'cmake'}
[0.773944] (qcar2_nodes_copy) JobProgress: {'identifier': 'qcar2_nodes_copy', 'progress': 'build'}
[0.774052] (qcar2_nodes_copy) Command: {'cmd': ['/usr/bin/cmake', '--build', '/workspaces/isaac_ros-dev/build/qcar2_nodes_copy', '--', '-j32', '-l32'], 'cwd': '/workspaces/isaac_ros-dev/build/qcar2_nodes_copy', 'env': OrderedDict([('DALI_BUILD', '5838886'), ('LIBRARY_PATH', '/usr/local/cuda/lib64/stubs:'), ('PYTHONWARNINGS', 'ignore:::setuptools.command.install,ignore:::setuptools.command.easy_install,ignore:::pkg_resources'), ('USER', 'viet'), ('TF_ADJUST_SATURATION_FUSED', '1'), ('CUSOLVER_VERSION', '11.4.1.48'), ('HOSTNAME', 'viet-Precision-7680'), ('CUTENSOR_VERSION', '1.6.1.5'), ('SHLVL', '2'), ('LD_LIBRARY_PATH', '/workspaces/isaac_ros-dev/install/qcar2_interfaces/lib:/opt/ros/humble/opt/rviz_ogre_vendor/lib:/opt/ros/humble/lib/x86_64-linux-gnu:/opt/ros/humble/lib:/opt/tritonserver/backends/onnxruntime:/usr/local/cuda/compat/lib:/usr/local/nvidia/lib:/usr/local/nvidia/lib64:/opt/tritonserver/lib'), ('HOME', '/home/admin'), ('NVIDIA_TRITON_SERVER_VERSION', '22.09'), ('CUDA_CACHE_DISABLE', '1'), ('ROS_PYTHON_VERSION', '3'), ('USER_UID', '1000'), ('ENV', '/etc/shinit_v2'), ('RDMACORE_VERSION', '36.0'), ('NVJPEG_VERSION', '11.9.0.86'), ('NVIDIA_BUILD_ID', '44909143'), ('CUDA_VERSION', '11.8.0.062'), ('CUBLAS_VERSION', '11.11.3.6'), ('NSIGHT_SYSTEMS_VERSION', '2022.3.1.43'), ('COLCON_PREFIX_PATH', '/workspaces/isaac_ros-dev/install'), ('ROS_DISTRO', 'humble'), ('OPAL_PREFIX', '/opt/hpcx/ompi'), ('NVIDIA_REQUIRE_CUDA', 'cuda>=9.0'), ('TRT_VERSION', '8.5.0.12'), ('GDRCOPY_VERSION', '2.3'), ('_', '/usr/bin/colcon'), ('ROS_VERSION', '2'), ('NVIDIA_DRIVER_CAPABILITIES', 'all'), ('POLYGRAPHY_VERSION', '0.38.0'), ('CURAND_VERSION', '10.3.0.86'), ('MOFED_VERSION', '5.4-rdmacore36.0'), ('USERNAME', 'admin'), ('TERM', 'xterm'), ('ROS_LOCALHOST_ONLY', '0'), ('PATH', '/opt/ros/humble/bin:/opt/tritonserver/bin:/usr/local/mpi/bin:/usr/local/nvidia/bin:/usr/local/cuda/bin:/usr/local/sbin:/usr/local/bin:/usr/sbin:/usr/bin:/sbin:/bin:/usr/local/ucx/bin:/opt/nvidia/tao'), ('FASTRTPS_DEFAULT_PROFILES_FILE', '/usr/local/share/middleware_profiles/rtps_udp_profile.xml'), ('CUDA_DRIVER_VERSION', '520.61.03'), ('_CUDA_COMPAT_STATUS', 'System has unsupported display driver / cuda driver combination (CUDA_ERROR_SYSTEM_DRIVER_MISMATCH) cuInit()=803'), ('DISPLAY', ':1'), ('NVIDIA_PRODUCT_NAME', 'Triton Server'), ('LANG', 'en_US.UTF-8'), ('RMW_IMPLEMENTATION', 'rmw_fastrtps_cpp'), ('NPP_VERSION', '11.8.0.86'), ('ROS_ROOT', '/opt/ros/humble'), ('CUFFT_VERSION', '10.9.0.58'), ('TF_ENABLE_WINOGRAD_NONFUSED', '1'), ('AMENT_PREFIX_PATH', '/workspaces/isaac_ros-dev/install/ros2test:/workspaces/isaac_ros-dev/install/qcar2_nodes_copy:/workspaces/isaac_ros-dev/install/qcar2_nodes:/workspaces/isaac_ros-dev/install/qcar2_interfaces:/opt/ros/humble'), ('CUDNN_VERSION', '8.6.0.163'), ('NSIGHT_COMPUTE_VERSION', '2022.3.0.22'), ('DALI_VERSION', '1.17.0'), ('DEBIAN_FRONTEND', 'noninteractive'), ('SHELL', '/bin/bash'), ('DCGM_VERSION', '2.2.9'), ('OPENMPI_VERSION', '4.1.4'), ('TRTOSS_VERSION', ''), ('OMPI_MCA_coll_hcoll_enable', '0'), ('CUSPARSE_VERSION', '11.7.5.86'), ('TRITON_SERVER_GPU_ENABLED', '1'), ('TRITON_SERVER_VERSION', '2.26.0'), ('BASH_ENV', '/etc/bash.bashrc'), ('PWD', '/workspaces/isaac_ros-dev/build/qcar2_nodes_copy'), ('PYTHONPATH', '/workspaces/isaac_ros-dev/install/qcar2_interfaces/lib/python3.8/site-packages:/workspaces/isaac_ros-dev/install/ros2test/lib/python3.8/site-packages:/opt/ros/humble/lib/python3.8/site-packages:/home/Quanser/libraries/python'), ('_CUDA_COMPAT_PATH', '/usr/local/cuda/compat'), ('TRITON_SERVER_USER', 'triton-server'), ('TF_ADJUST_HUE_FUSED', '1'), ('NVIDIA_VISIBLE_DEVICES', 'all'), ('NCCL_VERSION', '2.15.1'), ('USER_GID', '1000'), ('COLCON', '1'), ('OPENUCX_VERSION', '1.14.0'), ('HPCX_VERSION', '2.12.1a0'), ('SHARP_COLL_ENABLE_CUDA', '0'), ('CMAKE_PREFIX_PATH', '/workspaces/isaac_ros-dev/install/qcar2_interfaces:/workspaces/isaac_ros-dev/install/qcar2_nodes_copy:/workspaces/isaac_ros-dev/install/qcar2_nodes:/workspaces/isaac_ros-dev/install/ros2test:/opt/ros/humble'), ('TF_AUTOTUNE_THRESHOLD', '2')]), 'shell': False}
[0.797385] (qcar2_nodes_copy) StdoutLine: {'line': b'\x1b[35m\x1b[1mConsolidate compiler generated dependencies of target command\x1b[0m\n'}
[0.798072] (qcar2_nodes) StdoutLine: {'line': b'\x1b[35m\x1b[1mConsolidate compiler generated dependencies of target csi\x1b[0m\n'}
[0.798299] (qcar2_nodes) StdoutLine: {'line': b'\x1b[35m\x1b[1mConsolidate compiler generated dependencies of target command\x1b[0m\n'}
[0.798473] (qcar2_nodes) StdoutLine: {'line': b'\x1b[35m\x1b[1mConsolidate compiler generated dependencies of target lidar\x1b[0m\n'}
[0.798578] (qcar2_nodes_copy) StdoutLine: {'line': b'\x1b[35m\x1b[1mConsolidate compiler generated dependencies of target rgbd\x1b[0m\n'}
[0.798748] (qcar2_nodes_copy) StdoutLine: {'line': b'\x1b[35m\x1b[1mConsolidate compiler generated dependencies of target fixed_lidar_frame\x1b[0m\n'}
[0.798838] (qcar2_nodes) StdoutLine: {'line': b'\x1b[35m\x1b[1mConsolidate compiler generated dependencies of target rgbd\x1b[0m\n'}
[0.799325] (qcar2_nodes_copy) StdoutLine: {'line': b'\x1b[35m\x1b[1mConsolidate compiler generated dependencies of target csi\x1b[0m\n'}
[0.799476] (qcar2_nodes_copy) StdoutLine: {'line': b'\x1b[35m\x1b[1mConsolidate compiler generated dependencies of target fixed_lidar_frame_virtual\x1b[0m\n'}
[0.799514] (qcar2_nodes) StdoutLine: {'line': b'\x1b[35m\x1b[1mConsolidate compiler generated dependencies of target fixed_lidar_frame_virtual\x1b[0m\n'}
[0.799607] (qcar2_nodes_copy) StdoutLine: {'line': b'\x1b[35m\x1b[1mConsolidate compiler generated dependencies of target qcar2_hardware\x1b[0m\n'}
[0.799664] (qcar2_nodes_copy) StdoutLine: {'line': b'\x1b[35m\x1b[1mConsolidate compiler generated dependencies of target lidar\x1b[0m\n'}
[0.800130] (qcar2_nodes_copy) StdoutLine: {'line': b'\x1b[35m\x1b[1mConsolidate compiler generated dependencies of target nav2_qcar2_converter\x1b[0m\n'}
[0.800227] (qcar2_nodes) StdoutLine: {'line': b'\x1b[35m\x1b[1mConsolidate compiler generated dependencies of target fixed_lidar_frame\x1b[0m\n'}
[0.800381] (qcar2_nodes) StdoutLine: {'line': b'\x1b[35m\x1b[1mConsolidate compiler generated dependencies of target qcar2_hardware\x1b[0m\n'}
[0.800536] (qcar2_nodes) StdoutLine: {'line': b'\x1b[35m\x1b[1mConsolidate compiler generated dependencies of target nav2_qcar2_converter\x1b[0m\n'}
[0.801113] (-) TimerEvent: {}
[0.820430] (qcar2_nodes_copy) StdoutLine: {'line': b'[  6%] \x1b[32mBuilding CXX object CMakeFiles/lidar.dir/src/lidar.cpp.o\x1b[0m\n'}
[0.820702] (qcar2_nodes_copy) StdoutLine: {'line': b'[ 12%] \x1b[32mBuilding CXX object CMakeFiles/csi.dir/src/csi.cpp.o\x1b[0m\n'}
[0.821272] (qcar2_nodes) StdoutLine: {'line': b'[ 12%] Built target lidar\n'}
[0.821450] (qcar2_nodes) StdoutLine: {'line': b'[ 25%] Built target qcar2_hardware\n'}
[0.821547] (qcar2_nodes) StdoutLine: {'line': b'[ 37%] Built target fixed_lidar_frame\n'}
[0.822602] (qcar2_nodes) StdoutLine: {'line': b'[ 50%] Built target fixed_lidar_frame_virtual\n'}
[0.822888] (qcar2_nodes_copy) StdoutLine: {'line': b'[ 25%] Built target command\n'}
[0.822990] (qcar2_nodes) StdoutLine: {'line': b'[ 62%] Built target command\n'}
[0.823067] (qcar2_nodes) StdoutLine: {'line': b'[ 75%] Built target nav2_qcar2_converter\n'}
[0.823323] (qcar2_nodes_copy) StdoutLine: {'line': b'[ 31%] \x1b[32mBuilding CXX object CMakeFiles/rgbd.dir/src/rgbd.cpp.o\x1b[0m\n'}
[0.823507] (qcar2_nodes_copy) StdoutLine: {'line': b'[ 43%] Built target fixed_lidar_frame\n'}
[0.824179] (qcar2_nodes_copy) StdoutLine: {'line': b'[ 56%] Built target fixed_lidar_frame_virtual\n'}
[0.824581] (qcar2_nodes_copy) StdoutLine: {'line': b'[ 62%] \x1b[32mBuilding CXX object CMakeFiles/qcar2_hardware.dir/src/qcar2_hardware.cpp.o\x1b[0m\n'}
[0.824676] (qcar2_nodes) StdoutLine: {'line': b'[ 87%] Built target rgbd\n'}
[0.824881] (qcar2_nodes_copy) StdoutLine: {'line': b'[ 75%] Built target nav2_qcar2_converter\n'}
[0.824962] (qcar2_nodes) StdoutLine: {'line': b'[100%] Built target csi\n'}
[0.901246] (-) TimerEvent: {}
[1.001556] (-) TimerEvent: {}
[1.009067] (qcar2_nodes) CommandEnded: {'returncode': 0}
[1.076759] (qcar2_nodes) JobProgress: {'identifier': 'qcar2_nodes', 'progress': 'install'}
[1.077335] (qcar2_nodes) Command: {'cmd': ['/usr/bin/cmake', '--install', '/workspaces/isaac_ros-dev/build/qcar2_nodes'], 'cwd': '/workspaces/isaac_ros-dev/build/qcar2_nodes', 'env': OrderedDict([('DALI_BUILD', '5838886'), ('LIBRARY_PATH', '/usr/local/cuda/lib64/stubs:'), ('PYTHONWARNINGS', 'ignore:::setuptools.command.install,ignore:::setuptools.command.easy_install,ignore:::pkg_resources'), ('USER', 'viet'), ('TF_ADJUST_SATURATION_FUSED', '1'), ('CUSOLVER_VERSION', '11.4.1.48'), ('HOSTNAME', 'viet-Precision-7680'), ('CUTENSOR_VERSION', '1.6.1.5'), ('SHLVL', '2'), ('LD_LIBRARY_PATH', '/workspaces/isaac_ros-dev/install/qcar2_interfaces/lib:/opt/ros/humble/opt/rviz_ogre_vendor/lib:/opt/ros/humble/lib/x86_64-linux-gnu:/opt/ros/humble/lib:/opt/tritonserver/backends/onnxruntime:/usr/local/cuda/compat/lib:/usr/local/nvidia/lib:/usr/local/nvidia/lib64:/opt/tritonserver/lib'), ('HOME', '/home/admin'), ('NVIDIA_TRITON_SERVER_VERSION', '22.09'), ('CUDA_CACHE_DISABLE', '1'), ('ROS_PYTHON_VERSION', '3'), ('USER_UID', '1000'), ('ENV', '/etc/shinit_v2'), ('RDMACORE_VERSION', '36.0'), ('NVJPEG_VERSION', '11.9.0.86'), ('NVIDIA_BUILD_ID', '44909143'), ('CUDA_VERSION', '11.8.0.062'), ('CUBLAS_VERSION', '11.11.3.6'), ('NSIGHT_SYSTEMS_VERSION', '2022.3.1.43'), ('COLCON_PREFIX_PATH', '/workspaces/isaac_ros-dev/install'), ('ROS_DISTRO', 'humble'), ('OPAL_PREFIX', '/opt/hpcx/ompi'), ('NVIDIA_REQUIRE_CUDA', 'cuda>=9.0'), ('TRT_VERSION', '8.5.0.12'), ('GDRCOPY_VERSION', '2.3'), ('_', '/usr/bin/colcon'), ('ROS_VERSION', '2'), ('NVIDIA_DRIVER_CAPABILITIES', 'all'), ('POLYGRAPHY_VERSION', '0.38.0'), ('CURAND_VERSION', '10.3.0.86'), ('MOFED_VERSION', '5.4-rdmacore36.0'), ('USERNAME', 'admin'), ('TERM', 'xterm'), ('ROS_LOCALHOST_ONLY', '0'), ('PATH', '/opt/ros/humble/bin:/opt/tritonserver/bin:/usr/local/mpi/bin:/usr/local/nvidia/bin:/usr/local/cuda/bin:/usr/local/sbin:/usr/local/bin:/usr/sbin:/usr/bin:/sbin:/bin:/usr/local/ucx/bin:/opt/nvidia/tao'), ('FASTRTPS_DEFAULT_PROFILES_FILE', '/usr/local/share/middleware_profiles/rtps_udp_profile.xml'), ('CUDA_DRIVER_VERSION', '520.61.03'), ('_CUDA_COMPAT_STATUS', 'System has unsupported display driver / cuda driver combination (CUDA_ERROR_SYSTEM_DRIVER_MISMATCH) cuInit()=803'), ('DISPLAY', ':1'), ('NVIDIA_PRODUCT_NAME', 'Triton Server'), ('LANG', 'en_US.UTF-8'), ('RMW_IMPLEMENTATION', 'rmw_fastrtps_cpp'), ('NPP_VERSION', '11.8.0.86'), ('ROS_ROOT', '/opt/ros/humble'), ('CUFFT_VERSION', '10.9.0.58'), ('TF_ENABLE_WINOGRAD_NONFUSED', '1'), ('AMENT_PREFIX_PATH', '/workspaces/isaac_ros-dev/install/ros2test:/workspaces/isaac_ros-dev/install/qcar2_nodes_copy:/workspaces/isaac_ros-dev/install/qcar2_nodes:/workspaces/isaac_ros-dev/install/qcar2_interfaces:/opt/ros/humble'), ('CUDNN_VERSION', '8.6.0.163'), ('NSIGHT_COMPUTE_VERSION', '2022.3.0.22'), ('DALI_VERSION', '1.17.0'), ('DEBIAN_FRONTEND', 'noninteractive'), ('SHELL', '/bin/bash'), ('DCGM_VERSION', '2.2.9'), ('OPENMPI_VERSION', '4.1.4'), ('TRTOSS_VERSION', ''), ('OMPI_MCA_coll_hcoll_enable', '0'), ('CUSPARSE_VERSION', '11.7.5.86'), ('TRITON_SERVER_GPU_ENABLED', '1'), ('TRITON_SERVER_VERSION', '2.26.0'), ('BASH_ENV', '/etc/bash.bashrc'), ('PWD', '/workspaces/isaac_ros-dev/build/qcar2_nodes'), ('PYTHONPATH', '/workspaces/isaac_ros-dev/install/qcar2_interfaces/lib/python3.8/site-packages:/workspaces/isaac_ros-dev/install/ros2test/lib/python3.8/site-packages:/opt/ros/humble/lib/python3.8/site-packages:/home/Quanser/libraries/python'), ('_CUDA_COMPAT_PATH', '/usr/local/cuda/compat'), ('TRITON_SERVER_USER', 'triton-server'), ('TF_ADJUST_HUE_FUSED', '1'), ('NVIDIA_VISIBLE_DEVICES', 'all'), ('NCCL_VERSION', '2.15.1'), ('USER_GID', '1000'), ('COLCON', '1'), ('OPENUCX_VERSION', '1.14.0'), ('HPCX_VERSION', '2.12.1a0'), ('SHARP_COLL_ENABLE_CUDA', '0'), ('CMAKE_PREFIX_PATH', '/workspaces/isaac_ros-dev/install/qcar2_interfaces:/workspaces/isaac_ros-dev/install/qcar2_nodes_copy:/workspaces/isaac_ros-dev/install/qcar2_nodes:/workspaces/isaac_ros-dev/install/ros2test:/opt/ros/humble'), ('TF_AUTOTUNE_THRESHOLD', '2')]), 'shell': False}
[1.084223] (qcar2_nodes) StdoutLine: {'line': b'-- Install configuration: ""\n'}
[1.095303] (qcar2_nodes) StdoutLine: {'line': b'-- Up-to-date: /workspaces/isaac_ros-dev/install/qcar2_nodes/lib/qcar2_nodes/qcar2_hardware\n'}
[1.095636] (qcar2_nodes) StdoutLine: {'line': b'-- Up-to-date: /workspaces/isaac_ros-dev/install/qcar2_nodes/lib/qcar2_nodes/rgbd\n'}
[1.095944] (qcar2_nodes) StdoutLine: {'line': b'-- Up-to-date: /workspaces/isaac_ros-dev/install/qcar2_nodes/lib/qcar2_nodes/lidar\n'}
[1.096166] (qcar2_nodes) StdoutLine: {'line': b'-- Up-to-date: /workspaces/isaac_ros-dev/install/qcar2_nodes/lib/qcar2_nodes/csi\n'}
[1.096881] (qcar2_nodes) StdoutLine: {'line': b'-- Up-to-date: /workspaces/isaac_ros-dev/install/qcar2_nodes/lib/qcar2_nodes/command\n'}
[1.097593] (qcar2_nodes) StdoutLine: {'line': b'-- Up-to-date: /workspaces/isaac_ros-dev/install/qcar2_nodes/lib/qcar2_nodes/nav2_qcar2_converter\n'}
[1.098316] (qcar2_nodes) StdoutLine: {'line': b'-- Up-to-date: /workspaces/isaac_ros-dev/install/qcar2_nodes/lib/qcar2_nodes/fixed_lidar_frame\n'}
[1.099007] (qcar2_nodes) StdoutLine: {'line': b'-- Up-to-date: /workspaces/isaac_ros-dev/install/qcar2_nodes/lib/qcar2_nodes/fixed_lidar_frame_virtual\n'}
[1.099290] (qcar2_nodes) StdoutLine: {'line': b'-- Up-to-date: /workspaces/isaac_ros-dev/install/qcar2_nodes/share/qcar2_nodes//launch\n'}
[1.099530] (qcar2_nodes) StdoutLine: {'line': b'-- Up-to-date: /workspaces/isaac_ros-dev/install/qcar2_nodes/share/qcar2_nodes//launch/qcar2_manual_drive_launch.py\n'}
[1.099647] (qcar2_nodes) StdoutLine: {'line': b'-- Up-to-date: /workspaces/isaac_ros-dev/install/qcar2_nodes/share/qcar2_nodes//launch/qcar2_manual_cartographer_launch.py\n'}
[1.099742] (qcar2_nodes) StdoutLine: {'line': b'-- Up-to-date: /workspaces/isaac_ros-dev/install/qcar2_nodes/share/qcar2_nodes//launch/qcar2_cartographer_virtual_launch.py\n'}
[1.099850] (qcar2_nodes) StdoutLine: {'line': b'-- Up-to-date: /workspaces/isaac_ros-dev/install/qcar2_nodes/share/qcar2_nodes//launch/qcar2_slam_and_nav_bringup_virtual_launch.py\n'}
[1.099962] (qcar2_nodes) StdoutLine: {'line': b'-- Up-to-date: /workspaces/isaac_ros-dev/install/qcar2_nodes/share/qcar2_nodes//launch/qcar2_launch.py\n'}
[1.100010] (qcar2_nodes) StdoutLine: {'line': b'-- Up-to-date: /workspaces/isaac_ros-dev/install/qcar2_nodes/share/qcar2_nodes//launch/qcar2_virtual_launch.py\n'}
[1.100043] (qcar2_nodes) StdoutLine: {'line': b'-- Up-to-date: /workspaces/isaac_ros-dev/install/qcar2_nodes/share/qcar2_nodes//launch/qcar2_slam_and_nav_bringup_launch.py\n'}
[1.100074] (qcar2_nodes) StdoutLine: {'line': b'-- Up-to-date: /workspaces/isaac_ros-dev/install/qcar2_nodes/share/qcar2_nodes//launch/qcar2_cartographer_launch.py\n'}
[1.100105] (qcar2_nodes) StdoutLine: {'line': b'-- Up-to-date: /workspaces/isaac_ros-dev/install/qcar2_nodes/share/qcar2_nodes//rt_models\n'}
[1.100134] (qcar2_nodes) StdoutLine: {'line': b'-- Up-to-date: /workspaces/isaac_ros-dev/install/qcar2_nodes/share/qcar2_nodes//rt_models/dummy_model\n'}
[1.100168] (qcar2_nodes) StdoutLine: {'line': b'-- Up-to-date: /workspaces/isaac_ros-dev/install/qcar2_nodes/share/qcar2_nodes//config\n'}
[1.100196] (qcar2_nodes) StdoutLine: {'line': b'-- Up-to-date: /workspaces/isaac_ros-dev/install/qcar2_nodes/share/qcar2_nodes//config/qcar2_slam_and_nav.yaml\n'}
[1.100225] (qcar2_nodes) StdoutLine: {'line': b'-- Up-to-date: /workspaces/isaac_ros-dev/install/qcar2_nodes/share/qcar2_nodes//config/qcar2_2d.lua\n'}
[1.100254] (qcar2_nodes) StdoutLine: {'line': b'-- Up-to-date: /workspaces/isaac_ros-dev/install/qcar2_nodes/share/qcar2_nodes//config/qcar2_slam_and_nav_virtual.yaml\n'}
[1.100282] (qcar2_nodes) StdoutLine: {'line': b'-- Up-to-date: /workspaces/isaac_ros-dev/install/qcar2_nodes/share/ament_index/resource_index/package_run_dependencies/qcar2_nodes\n'}
[1.100310] (qcar2_nodes) StdoutLine: {'line': b'-- Up-to-date: /workspaces/isaac_ros-dev/install/qcar2_nodes/share/ament_index/resource_index/parent_prefix_path/qcar2_nodes\n'}
[1.100337] (qcar2_nodes) StdoutLine: {'line': b'-- Up-to-date: /workspaces/isaac_ros-dev/install/qcar2_nodes/share/qcar2_nodes/environment/ament_prefix_path.sh\n'}
[1.100368] (qcar2_nodes) StdoutLine: {'line': b'-- Up-to-date: /workspaces/isaac_ros-dev/install/qcar2_nodes/share/qcar2_nodes/environment/ament_prefix_path.dsv\n'}
[1.100399] (qcar2_nodes) StdoutLine: {'line': b'-- Up-to-date: /workspaces/isaac_ros-dev/install/qcar2_nodes/share/qcar2_nodes/environment/path.sh\n'}
[1.100429] (qcar2_nodes) StdoutLine: {'line': b'-- Up-to-date: /workspaces/isaac_ros-dev/install/qcar2_nodes/share/qcar2_nodes/environment/path.dsv\n'}
[1.100458] (qcar2_nodes) StdoutLine: {'line': b'-- Up-to-date: /workspaces/isaac_ros-dev/install/qcar2_nodes/share/qcar2_nodes/local_setup.bash\n'}
[1.100487] (qcar2_nodes) StdoutLine: {'line': b'-- Up-to-date: /workspaces/isaac_ros-dev/install/qcar2_nodes/share/qcar2_nodes/local_setup.sh\n'}
[1.100560] (qcar2_nodes) StdoutLine: {'line': b'-- Up-to-date: /workspaces/isaac_ros-dev/install/qcar2_nodes/share/qcar2_nodes/local_setup.zsh\n'}
[1.100589] (qcar2_nodes) StdoutLine: {'line': b'-- Up-to-date: /workspaces/isaac_ros-dev/install/qcar2_nodes/share/qcar2_nodes/local_setup.dsv\n'}
[1.100616] (qcar2_nodes) StdoutLine: {'line': b'-- Installing: /workspaces/isaac_ros-dev/install/qcar2_nodes/share/qcar2_nodes/package.dsv\n'}
[1.100643] (qcar2_nodes) StdoutLine: {'line': b'-- Up-to-date: /workspaces/isaac_ros-dev/install/qcar2_nodes/share/ament_index/resource_index/packages/qcar2_nodes\n'}
[1.100672] (qcar2_nodes) StdoutLine: {'line': b'-- Up-to-date: /workspaces/isaac_ros-dev/install/qcar2_nodes/share/qcar2_nodes/cmake/qcar2_nodesConfig.cmake\n'}
[1.100701] (qcar2_nodes) StdoutLine: {'line': b'-- Up-to-date: /workspaces/isaac_ros-dev/install/qcar2_nodes/share/qcar2_nodes/cmake/qcar2_nodesConfig-version.cmake\n'}
[1.100729] (qcar2_nodes) StdoutLine: {'line': b'-- Up-to-date: /workspaces/isaac_ros-dev/install/qcar2_nodes/share/qcar2_nodes/package.xml\n'}
[1.101647] (qcar2_nodes) CommandEnded: {'returncode': 0}
[1.102286] (-) TimerEvent: {}
[1.203173] (-) TimerEvent: {}
[1.226683] (qcar2_nodes) JobEnded: {'identifier': 'qcar2_nodes', 'rc': 0}
[1.303305] (-) TimerEvent: {}
[1.403583] (-) TimerEvent: {}
[1.425819] (ros2test) Command: {'cmd': ['/usr/bin/python3', 'setup.py', 'egg_info', '--egg-base', '../../../build/ros2test', 'build', '--build-base', '/workspaces/isaac_ros-dev/build/ros2test/build', 'install', '--record', '/workspaces/isaac_ros-dev/build/ros2test/install.log', '--single-version-externally-managed'], 'cwd': '/workspaces/isaac_ros-dev/ros2/src/ros2test', 'env': {'DALI_BUILD': '5838886', 'LIBRARY_PATH': '/usr/local/cuda/lib64/stubs:', 'PYTHONWARNINGS': 'ignore:::setuptools.command.install,ignore:::setuptools.command.easy_install,ignore:::pkg_resources', 'USER': 'viet', 'TF_ADJUST_SATURATION_FUSED': '1', 'CUSOLVER_VERSION': '11.4.1.48', 'HOSTNAME': 'viet-Precision-7680', 'CUTENSOR_VERSION': '1.6.1.5', 'SHLVL': '2', 'LD_LIBRARY_PATH': '/workspaces/isaac_ros-dev/install/qcar2_interfaces/lib:/opt/ros/humble/opt/rviz_ogre_vendor/lib:/opt/ros/humble/lib/x86_64-linux-gnu:/opt/ros/humble/lib:/opt/tritonserver/backends/onnxruntime:/usr/local/cuda/compat/lib:/usr/local/nvidia/lib:/usr/local/nvidia/lib64:/opt/tritonserver/lib', 'HOME': '/home/admin', 'NVIDIA_TRITON_SERVER_VERSION': '22.09', 'CUDA_CACHE_DISABLE': '1', 'ROS_PYTHON_VERSION': '3', 'USER_UID': '1000', 'ENV': '/etc/shinit_v2', 'RDMACORE_VERSION': '36.0', 'NVJPEG_VERSION': '11.9.0.86', 'NVIDIA_BUILD_ID': '44909143', 'CUDA_VERSION': '11.8.0.062', 'CUBLAS_VERSION': '11.11.3.6', 'NSIGHT_SYSTEMS_VERSION': '2022.3.1.43', 'COLCON_PREFIX_PATH': '/workspaces/isaac_ros-dev/install', 'ROS_DISTRO': 'humble', 'OPAL_PREFIX': '/opt/hpcx/ompi', 'NVIDIA_REQUIRE_CUDA': 'cuda>=9.0', 'TRT_VERSION': '8.5.0.12', 'GDRCOPY_VERSION': '2.3', '_': '/usr/bin/colcon', 'ROS_VERSION': '2', 'NVIDIA_DRIVER_CAPABILITIES': 'all', 'POLYGRAPHY_VERSION': '0.38.0', 'CURAND_VERSION': '10.3.0.86', 'MOFED_VERSION': '5.4-rdmacore36.0', 'USERNAME': 'admin', 'TERM': 'xterm', 'ROS_LOCALHOST_ONLY': '0', 'PATH': '/opt/ros/humble/bin:/opt/tritonserver/bin:/usr/local/mpi/bin:/usr/local/nvidia/bin:/usr/local/cuda/bin:/usr/local/sbin:/usr/local/bin:/usr/sbin:/usr/bin:/sbin:/bin:/usr/local/ucx/bin:/opt/nvidia/tao', 'FASTRTPS_DEFAULT_PROFILES_FILE': '/usr/local/share/middleware_profiles/rtps_udp_profile.xml', 'CUDA_DRIVER_VERSION': '520.61.03', '_CUDA_COMPAT_STATUS': 'System has unsupported display driver / cuda driver combination (CUDA_ERROR_SYSTEM_DRIVER_MISMATCH) cuInit()=803', 'DISPLAY': ':1', 'NVIDIA_PRODUCT_NAME': 'Triton Server', 'LANG': 'en_US.UTF-8', 'RMW_IMPLEMENTATION': 'rmw_fastrtps_cpp', 'NPP_VERSION': '11.8.0.86', 'ROS_ROOT': '/opt/ros/humble', 'CUFFT_VERSION': '10.9.0.58', 'TF_ENABLE_WINOGRAD_NONFUSED': '1', 'AMENT_PREFIX_PATH': '/workspaces/isaac_ros-dev/install/ros2test:/workspaces/isaac_ros-dev/install/qcar2_nodes_copy:/workspaces/isaac_ros-dev/install/qcar2_nodes:/workspaces/isaac_ros-dev/install/qcar2_interfaces:/opt/ros/humble', 'CUDNN_VERSION': '8.6.0.163', 'NSIGHT_COMPUTE_VERSION': '2022.3.0.22', 'DALI_VERSION': '1.17.0', 'DEBIAN_FRONTEND': 'noninteractive', 'SHELL': '/bin/bash', 'DCGM_VERSION': '2.2.9', 'OPENMPI_VERSION': '4.1.4', 'TRTOSS_VERSION': '', 'OMPI_MCA_coll_hcoll_enable': '0', 'CUSPARSE_VERSION': '11.7.5.86', 'TRITON_SERVER_GPU_ENABLED': '1', 'TRITON_SERVER_VERSION': '2.26.0', 'BASH_ENV': '/etc/bash.bashrc', 'PWD': '/workspaces/isaac_ros-dev/build/ros2test', 'PYTHONPATH': '/workspaces/isaac_ros-dev/build/ros2test/prefix_override:/workspaces/isaac_ros-dev/install/ros2test/lib/python3.8/site-packages:/workspaces/isaac_ros-dev/install/qcar2_interfaces/lib/python3.8/site-packages:/workspaces/isaac_ros-dev/install/ros2test/lib/python3.8/site-packages:/opt/ros/humble/lib/python3.8/site-packages:/home/Quanser/libraries/python', '_CUDA_COMPAT_PATH': '/usr/local/cuda/compat', 'TRITON_SERVER_USER': 'triton-server', 'TF_ADJUST_HUE_FUSED': '1', 'NVIDIA_VISIBLE_DEVICES': 'all', 'NCCL_VERSION': '2.15.1', 'USER_GID': '1000', 'COLCON': '1', 'OPENUCX_VERSION': '1.14.0', 'HPCX_VERSION': '2.12.1a0', 'SHARP_COLL_ENABLE_CUDA': '0', 'CMAKE_PREFIX_PATH': '/workspaces/isaac_ros-dev/install/qcar2_interfaces:/workspaces/isaac_ros-dev/install/qcar2_nodes_copy:/workspaces/isaac_ros-dev/install/qcar2_nodes', 'TF_AUTOTUNE_THRESHOLD': '2'}, 'shell': False}
[1.503780] (-) TimerEvent: {}
[1.604042] (-) TimerEvent: {}
[1.620791] (ros2test) StdoutLine: {'line': b'running egg_info\n'}
[1.627223] (ros2test) StdoutLine: {'line': b'writing ../../../build/ros2test/ros2test.egg-info/PKG-INFO\n'}
[1.627455] (ros2test) StdoutLine: {'line': b'writing dependency_links to ../../../build/ros2test/ros2test.egg-info/dependency_links.txt\n'}
[1.627576] (ros2test) StdoutLine: {'line': b'writing entry points to ../../../build/ros2test/ros2test.egg-info/entry_points.txt\n'}
[1.627647] (ros2test) StdoutLine: {'line': b'writing requirements to ../../../build/ros2test/ros2test.egg-info/requires.txt\n'}
[1.627713] (ros2test) StdoutLine: {'line': b'writing top-level names to ../../../build/ros2test/ros2test.egg-info/top_level.txt\n'}
[1.640152] (ros2test) StdoutLine: {'line': b"reading manifest file '../../../build/ros2test/ros2test.egg-info/SOURCES.txt'\n"}
[1.641701] (ros2test) StdoutLine: {'line': b"writing manifest file '../../../build/ros2test/ros2test.egg-info/SOURCES.txt'\n"}
[1.641836] (ros2test) StdoutLine: {'line': b'running build\n'}
[1.641911] (ros2test) StdoutLine: {'line': b'running build_py\n'}
[1.642123] (ros2test) StdoutLine: {'line': b'running install\n'}
[1.645128] (ros2test) StdoutLine: {'line': b'running install_lib\n'}
[1.651739] (ros2test) StdoutLine: {'line': b'running install_data\n'}
[1.657816] (ros2test) StdoutLine: {'line': b'running install_egg_info\n'}
[1.664198] (ros2test) StdoutLine: {'line': b"removing '/workspaces/isaac_ros-dev/install/ros2test/lib/python3.8/site-packages/ros2test-0.0.0-py3.8.egg-info' (and everything under it)\n"}
[1.664500] (ros2test) StdoutLine: {'line': b'Copying ../../../build/ros2test/ros2test.egg-info to /workspaces/isaac_ros-dev/install/ros2test/lib/python3.8/site-packages/ros2test-0.0.0-py3.8.egg-info\n'}
[1.665502] (ros2test) StdoutLine: {'line': b'running install_scripts\n'}
[1.696586] (ros2test) StdoutLine: {'line': b'Installing keyboard script to /workspaces/isaac_ros-dev/install/ros2test/lib/ros2test\n'}
[1.696781] (ros2test) StdoutLine: {'line': b'Installing lane_follower script to /workspaces/isaac_ros-dev/install/ros2test/lib/ros2test\n'}
[1.696825] (ros2test) StdoutLine: {'line': b'Installing nav_goal_sender script to /workspaces/isaac_ros-dev/install/ros2test/lib/ros2test\n'}
[1.696862] (ros2test) StdoutLine: {'line': b'Installing odom script to /workspaces/isaac_ros-dev/install/ros2test/lib/ros2test\n'}
[1.696890] (ros2test) StdoutLine: {'line': b'Installing pure_pursuit script to /workspaces/isaac_ros-dev/install/ros2test/lib/ros2test\n'}
[1.696917] (ros2test) StdoutLine: {'line': b'Installing test script to /workspaces/isaac_ros-dev/install/ros2test/lib/ros2test\n'}
[1.696945] (ros2test) StdoutLine: {'line': b'Installing waypoints script to /workspaces/isaac_ros-dev/install/ros2test/lib/ros2test\n'}
[1.697101] (ros2test) StdoutLine: {'line': b"writing list of installed files to '/workspaces/isaac_ros-dev/build/ros2test/install.log'\n"}
[1.704163] (-) TimerEvent: {}
[1.719535] (ros2test) CommandEnded: {'returncode': 0}
[1.739466] (ros2test) JobEnded: {'identifier': 'ros2test', 'rc': 0}
[1.804262] (-) TimerEvent: {}
[1.904523] (-) TimerEvent: {}
[2.004897] (-) TimerEvent: {}
[2.105138] (-) TimerEvent: {}
[2.205391] (-) TimerEvent: {}
[2.305732] (-) TimerEvent: {}
[2.405974] (-) TimerEvent: {}
[2.506193] (-) TimerEvent: {}
[2.606447] (-) TimerEvent: {}
[2.706691] (-) TimerEvent: {}
[2.807060] (-) TimerEvent: {}
[2.879160] (qcar2_nodes_copy) StdoutLine: {'line': b'[ 81%] \x1b[32m\x1b[1mLinking CXX executable csi\x1b[0m\n'}
[2.907154] (-) TimerEvent: {}
[3.007423] (-) TimerEvent: {}
[3.107745] (-) TimerEvent: {}
[3.181442] (qcar2_nodes_copy) StdoutLine: {'line': b'[ 87%] \x1b[32m\x1b[1mLinking CXX executable rgbd\x1b[0m\n'}
[3.207957] (-) TimerEvent: {}
[3.270910] (qcar2_nodes_copy) StdoutLine: {'line': b'[ 87%] Built target csi\n'}
[3.308048] (-) TimerEvent: {}
[3.396554] (qcar2_nodes_copy) StdoutLine: {'line': b'[ 93%] \x1b[32m\x1b[1mLinking CXX executable lidar\x1b[0m\n'}
[3.408137] (-) TimerEvent: {}
[3.508452] (-) TimerEvent: {}
[3.517736] (qcar2_nodes_copy) StdoutLine: {'line': b'[ 93%] Built target lidar\n'}
[3.535248] (qcar2_nodes_copy) StdoutLine: {'line': b'[ 93%] Built target rgbd\n'}
[3.608676] (-) TimerEvent: {}
[3.708940] (-) TimerEvent: {}
[3.809199] (-) TimerEvent: {}
[3.909410] (-) TimerEvent: {}
[4.009655] (-) TimerEvent: {}
[4.109915] (-) TimerEvent: {}
[4.210181] (-) TimerEvent: {}
[4.310421] (-) TimerEvent: {}
[4.410693] (-) TimerEvent: {}
[4.510878] (-) TimerEvent: {}
[4.611204] (-) TimerEvent: {}
[4.711453] (-) TimerEvent: {}
[4.811699] (-) TimerEvent: {}
[4.911929] (-) TimerEvent: {}
[5.012152] (-) TimerEvent: {}
[5.112409] (-) TimerEvent: {}
[5.212733] (-) TimerEvent: {}
[5.312967] (-) TimerEvent: {}
[5.413181] (-) TimerEvent: {}
[5.513433] (-) TimerEvent: {}
[5.613757] (-) TimerEvent: {}
[5.713974] (-) TimerEvent: {}
[5.814184] (-) TimerEvent: {}
[5.914504] (-) TimerEvent: {}
[6.014776] (-) TimerEvent: {}
[6.114989] (-) TimerEvent: {}
[6.215198] (-) TimerEvent: {}
[6.315456] (-) TimerEvent: {}
[6.415728] (-) TimerEvent: {}
[6.515983] (-) TimerEvent: {}
[6.616201] (-) TimerEvent: {}
[6.716443] (-) TimerEvent: {}
[6.816682] (-) TimerEvent: {}
[6.916971] (-) TimerEvent: {}
[7.017207] (-) TimerEvent: {}
[7.117517] (-) TimerEvent: {}
[7.217761] (-) TimerEvent: {}
[7.318029] (-) TimerEvent: {}
[7.418322] (-) TimerEvent: {}
[7.518689] (-) TimerEvent: {}
[7.618991] (-) TimerEvent: {}
[7.719234] (-) TimerEvent: {}
[7.760052] (qcar2_nodes_copy) StdoutLine: {'line': b'[100%] \x1b[32m\x1b[1mLinking CXX executable qcar2_hardware\x1b[0m\n'}
[7.819337] (-) TimerEvent: {}
[7.919602] (-) TimerEvent: {}
[8.019959] (-) TimerEvent: {}
[8.120281] (-) TimerEvent: {}
[8.126054] (qcar2_nodes_copy) StdoutLine: {'line': b'[100%] Built target qcar2_hardware\n'}
[8.130415] (qcar2_nodes_copy) CommandEnded: {'returncode': 0}
[8.186591] (qcar2_nodes_copy) JobProgress: {'identifier': 'qcar2_nodes_copy', 'progress': 'install'}
[8.187027] (qcar2_nodes_copy) Command: {'cmd': ['/usr/bin/cmake', '--install', '/workspaces/isaac_ros-dev/build/qcar2_nodes_copy'], 'cwd': '/workspaces/isaac_ros-dev/build/qcar2_nodes_copy', 'env': OrderedDict([('DALI_BUILD', '5838886'), ('LIBRARY_PATH', '/usr/local/cuda/lib64/stubs:'), ('PYTHONWARNINGS', 'ignore:::setuptools.command.install,ignore:::setuptools.command.easy_install,ignore:::pkg_resources'), ('USER', 'viet'), ('TF_ADJUST_SATURATION_FUSED', '1'), ('CUSOLVER_VERSION', '11.4.1.48'), ('HOSTNAME', 'viet-Precision-7680'), ('CUTENSOR_VERSION', '1.6.1.5'), ('SHLVL', '2'), ('LD_LIBRARY_PATH', '/workspaces/isaac_ros-dev/install/qcar2_interfaces/lib:/opt/ros/humble/opt/rviz_ogre_vendor/lib:/opt/ros/humble/lib/x86_64-linux-gnu:/opt/ros/humble/lib:/opt/tritonserver/backends/onnxruntime:/usr/local/cuda/compat/lib:/usr/local/nvidia/lib:/usr/local/nvidia/lib64:/opt/tritonserver/lib'), ('HOME', '/home/admin'), ('NVIDIA_TRITON_SERVER_VERSION', '22.09'), ('CUDA_CACHE_DISABLE', '1'), ('ROS_PYTHON_VERSION', '3'), ('USER_UID', '1000'), ('ENV', '/etc/shinit_v2'), ('RDMACORE_VERSION', '36.0'), ('NVJPEG_VERSION', '11.9.0.86'), ('NVIDIA_BUILD_ID', '44909143'), ('CUDA_VERSION', '11.8.0.062'), ('CUBLAS_VERSION', '11.11.3.6'), ('NSIGHT_SYSTEMS_VERSION', '2022.3.1.43'), ('COLCON_PREFIX_PATH', '/workspaces/isaac_ros-dev/install'), ('ROS_DISTRO', 'humble'), ('OPAL_PREFIX', '/opt/hpcx/ompi'), ('NVIDIA_REQUIRE_CUDA', 'cuda>=9.0'), ('TRT_VERSION', '8.5.0.12'), ('GDRCOPY_VERSION', '2.3'), ('_', '/usr/bin/colcon'), ('ROS_VERSION', '2'), ('NVIDIA_DRIVER_CAPABILITIES', 'all'), ('POLYGRAPHY_VERSION', '0.38.0'), ('CURAND_VERSION', '10.3.0.86'), ('MOFED_VERSION', '5.4-rdmacore36.0'), ('USERNAME', 'admin'), ('TERM', 'xterm'), ('ROS_LOCALHOST_ONLY', '0'), ('PATH', '/opt/ros/humble/bin:/opt/tritonserver/bin:/usr/local/mpi/bin:/usr/local/nvidia/bin:/usr/local/cuda/bin:/usr/local/sbin:/usr/local/bin:/usr/sbin:/usr/bin:/sbin:/bin:/usr/local/ucx/bin:/opt/nvidia/tao'), ('FASTRTPS_DEFAULT_PROFILES_FILE', '/usr/local/share/middleware_profiles/rtps_udp_profile.xml'), ('CUDA_DRIVER_VERSION', '520.61.03'), ('_CUDA_COMPAT_STATUS', 'System has unsupported display driver / cuda driver combination (CUDA_ERROR_SYSTEM_DRIVER_MISMATCH) cuInit()=803'), ('DISPLAY', ':1'), ('NVIDIA_PRODUCT_NAME', 'Triton Server'), ('LANG', 'en_US.UTF-8'), ('RMW_IMPLEMENTATION', 'rmw_fastrtps_cpp'), ('NPP_VERSION', '11.8.0.86'), ('ROS_ROOT', '/opt/ros/humble'), ('CUFFT_VERSION', '10.9.0.58'), ('TF_ENABLE_WINOGRAD_NONFUSED', '1'), ('AMENT_PREFIX_PATH', '/workspaces/isaac_ros-dev/install/ros2test:/workspaces/isaac_ros-dev/install/qcar2_nodes_copy:/workspaces/isaac_ros-dev/install/qcar2_nodes:/workspaces/isaac_ros-dev/install/qcar2_interfaces:/opt/ros/humble'), ('CUDNN_VERSION', '8.6.0.163'), ('NSIGHT_COMPUTE_VERSION', '2022.3.0.22'), ('DALI_VERSION', '1.17.0'), ('DEBIAN_FRONTEND', 'noninteractive'), ('SHELL', '/bin/bash'), ('DCGM_VERSION', '2.2.9'), ('OPENMPI_VERSION', '4.1.4'), ('TRTOSS_VERSION', ''), ('OMPI_MCA_coll_hcoll_enable', '0'), ('CUSPARSE_VERSION', '11.7.5.86'), ('TRITON_SERVER_GPU_ENABLED', '1'), ('TRITON_SERVER_VERSION', '2.26.0'), ('BASH_ENV', '/etc/bash.bashrc'), ('PWD', '/workspaces/isaac_ros-dev/build/qcar2_nodes_copy'), ('PYTHONPATH', '/workspaces/isaac_ros-dev/install/qcar2_interfaces/lib/python3.8/site-packages:/workspaces/isaac_ros-dev/install/ros2test/lib/python3.8/site-packages:/opt/ros/humble/lib/python3.8/site-packages:/home/Quanser/libraries/python'), ('_CUDA_COMPAT_PATH', '/usr/local/cuda/compat'), ('TRITON_SERVER_USER', 'triton-server'), ('TF_ADJUST_HUE_FUSED', '1'), ('NVIDIA_VISIBLE_DEVICES', 'all'), ('NCCL_VERSION', '2.15.1'), ('USER_GID', '1000'), ('COLCON', '1'), ('OPENUCX_VERSION', '1.14.0'), ('HPCX_VERSION', '2.12.1a0'), ('SHARP_COLL_ENABLE_CUDA', '0'), ('CMAKE_PREFIX_PATH', '/workspaces/isaac_ros-dev/install/qcar2_interfaces:/workspaces/isaac_ros-dev/install/qcar2_nodes_copy:/workspaces/isaac_ros-dev/install/qcar2_nodes:/workspaces/isaac_ros-dev/install/ros2test:/opt/ros/humble'), ('TF_AUTOTUNE_THRESHOLD', '2')]), 'shell': False}
[8.192692] (qcar2_nodes_copy) StdoutLine: {'line': b'-- Install configuration: ""\n'}
[8.193430] (qcar2_nodes_copy) StdoutLine: {'line': b'-- Installing: /workspaces/isaac_ros-dev/install/qcar2_nodes_copy/lib/qcar2_nodes_copy/qcar2_hardware\n'}
[8.196712] (qcar2_nodes_copy) StdoutLine: {'line': b'-- Set runtime path of "/workspaces/isaac_ros-dev/install/qcar2_nodes_copy/lib/qcar2_nodes_copy/qcar2_hardware" to ""\n'}
[8.197214] (qcar2_nodes_copy) StdoutLine: {'line': b'-- Installing: /workspaces/isaac_ros-dev/install/qcar2_nodes_copy/lib/qcar2_nodes_copy/rgbd\n'}
[8.197449] (qcar2_nodes_copy) StdoutLine: {'line': b'-- Set runtime path of "/workspaces/isaac_ros-dev/install/qcar2_nodes_copy/lib/qcar2_nodes_copy/rgbd" to ""\n'}
[8.197858] (qcar2_nodes_copy) StdoutLine: {'line': b'-- Installing: /workspaces/isaac_ros-dev/install/qcar2_nodes_copy/lib/qcar2_nodes_copy/lidar\n'}
[8.198629] (qcar2_nodes_copy) StdoutLine: {'line': b'-- Set runtime path of "/workspaces/isaac_ros-dev/install/qcar2_nodes_copy/lib/qcar2_nodes_copy/lidar" to ""\n'}
[8.199261] (qcar2_nodes_copy) StdoutLine: {'line': b'-- Installing: /workspaces/isaac_ros-dev/install/qcar2_nodes_copy/lib/qcar2_nodes_copy/csi\n'}
[8.199439] (qcar2_nodes_copy) StdoutLine: {'line': b'-- Set runtime path of "/workspaces/isaac_ros-dev/install/qcar2_nodes_copy/lib/qcar2_nodes_copy/csi" to ""\n'}
[8.199812] (qcar2_nodes_copy) StdoutLine: {'line': b'-- Up-to-date: /workspaces/isaac_ros-dev/install/qcar2_nodes_copy/lib/qcar2_nodes_copy/command\n'}
[8.200383] (qcar2_nodes_copy) StdoutLine: {'line': b'-- Up-to-date: /workspaces/isaac_ros-dev/install/qcar2_nodes_copy/lib/qcar2_nodes_copy/nav2_qcar2_converter\n'}
[8.200739] (qcar2_nodes_copy) StdoutLine: {'line': b'-- Up-to-date: /workspaces/isaac_ros-dev/install/qcar2_nodes_copy/lib/qcar2_nodes_copy/fixed_lidar_frame\n'}
[8.201058] (qcar2_nodes_copy) StdoutLine: {'line': b'-- Up-to-date: /workspaces/isaac_ros-dev/install/qcar2_nodes_copy/lib/qcar2_nodes_copy/fixed_lidar_frame_virtual\n'}
[8.201129] (qcar2_nodes_copy) StdoutLine: {'line': b'-- Up-to-date: /workspaces/isaac_ros-dev/install/qcar2_nodes_copy/share/qcar2_nodes_copy//launch\n'}
[8.201162] (qcar2_nodes_copy) StdoutLine: {'line': b'-- Up-to-date: /workspaces/isaac_ros-dev/install/qcar2_nodes_copy/share/qcar2_nodes_copy//launch/qcar2_manual_drive_launch.py\n'}
[8.201188] (qcar2_nodes_copy) StdoutLine: {'line': b'-- Up-to-date: /workspaces/isaac_ros-dev/install/qcar2_nodes_copy/share/qcar2_nodes_copy//launch/qcar2_manual_cartographer_launch.py\n'}
[8.201214] (qcar2_nodes_copy) StdoutLine: {'line': b'-- Up-to-date: /workspaces/isaac_ros-dev/install/qcar2_nodes_copy/share/qcar2_nodes_copy//launch/qcar2_cartographer_virtual_launch.py\n'}
[8.201382] (qcar2_nodes_copy) StdoutLine: {'line': b'-- Up-to-date: /workspaces/isaac_ros-dev/install/qcar2_nodes_copy/share/qcar2_nodes_copy//launch/qcar2_slam_and_nav_bringup_virtual_launch.py\n'}
[8.201424] (qcar2_nodes_copy) StdoutLine: {'line': b'-- Up-to-date: /workspaces/isaac_ros-dev/install/qcar2_nodes_copy/share/qcar2_nodes_copy//launch/qcar2_launch.py\n'}
[8.201579] (qcar2_nodes_copy) StdoutLine: {'line': b'-- Up-to-date: /workspaces/isaac_ros-dev/install/qcar2_nodes_copy/share/qcar2_nodes_copy//launch/qcar2_virtual_launch.py\n'}
[8.201619] (qcar2_nodes_copy) StdoutLine: {'line': b'-- Up-to-date: /workspaces/isaac_ros-dev/install/qcar2_nodes_copy/share/qcar2_nodes_copy//launch/qcar2_slam_and_nav_bringup_launch.py\n'}
[8.201645] (qcar2_nodes_copy) StdoutLine: {'line': b'-- Up-to-date: /workspaces/isaac_ros-dev/install/qcar2_nodes_copy/share/qcar2_nodes_copy//launch/qcar2_cartographer_launch.py\n'}
[8.201669] (qcar2_nodes_copy) StdoutLine: {'line': b'-- Up-to-date: /workspaces/isaac_ros-dev/install/qcar2_nodes_copy/share/qcar2_nodes_copy//rt_models\n'}
[8.201693] (qcar2_nodes_copy) StdoutLine: {'line': b'-- Up-to-date: /workspaces/isaac_ros-dev/install/qcar2_nodes_copy/share/qcar2_nodes_copy//rt_models/dummy_model\n'}
[8.201718] (qcar2_nodes_copy) StdoutLine: {'line': b'-- Up-to-date: /workspaces/isaac_ros-dev/install/qcar2_nodes_copy/share/qcar2_nodes_copy//config\n'}
[8.201745] (qcar2_nodes_copy) StdoutLine: {'line': b'-- Up-to-date: /workspaces/isaac_ros-dev/install/qcar2_nodes_copy/share/qcar2_nodes_copy//config/qcar2_slam_and_nav.yaml\n'}
[8.201768] (qcar2_nodes_copy) StdoutLine: {'line': b'-- Up-to-date: /workspaces/isaac_ros-dev/install/qcar2_nodes_copy/share/qcar2_nodes_copy//config/qcar2_2d.lua\n'}
[8.201791] (qcar2_nodes_copy) StdoutLine: {'line': b'-- Up-to-date: /workspaces/isaac_ros-dev/install/qcar2_nodes_copy/share/qcar2_nodes_copy//config/qcar2_slam_and_nav_virtual.yaml\n'}
[8.201814] (qcar2_nodes_copy) StdoutLine: {'line': b'-- Up-to-date: /workspaces/isaac_ros-dev/install/qcar2_nodes_copy/share/ament_index/resource_index/package_run_dependencies/qcar2_nodes_copy\n'}
[8.201844] (qcar2_nodes_copy) StdoutLine: {'line': b'-- Up-to-date: /workspaces/isaac_ros-dev/install/qcar2_nodes_copy/share/ament_index/resource_index/parent_prefix_path/qcar2_nodes_copy\n'}
[8.201868] (qcar2_nodes_copy) StdoutLine: {'line': b'-- Up-to-date: /workspaces/isaac_ros-dev/install/qcar2_nodes_copy/share/qcar2_nodes_copy/environment/ament_prefix_path.sh\n'}
[8.201893] (qcar2_nodes_copy) StdoutLine: {'line': b'-- Up-to-date: /workspaces/isaac_ros-dev/install/qcar2_nodes_copy/share/qcar2_nodes_copy/environment/ament_prefix_path.dsv\n'}
[8.201916] (qcar2_nodes_copy) StdoutLine: {'line': b'-- Up-to-date: /workspaces/isaac_ros-dev/install/qcar2_nodes_copy/share/qcar2_nodes_copy/environment/path.sh\n'}
[8.201940] (qcar2_nodes_copy) StdoutLine: {'line': b'-- Up-to-date: /workspaces/isaac_ros-dev/install/qcar2_nodes_copy/share/qcar2_nodes_copy/environment/path.dsv\n'}
[8.201964] (qcar2_nodes_copy) StdoutLine: {'line': b'-- Up-to-date: /workspaces/isaac_ros-dev/install/qcar2_nodes_copy/share/qcar2_nodes_copy/local_setup.bash\n'}
[8.201987] (qcar2_nodes_copy) StdoutLine: {'line': b'-- Up-to-date: /workspaces/isaac_ros-dev/install/qcar2_nodes_copy/share/qcar2_nodes_copy/local_setup.sh\n'}
[8.202011] (qcar2_nodes_copy) StdoutLine: {'line': b'-- Up-to-date: /workspaces/isaac_ros-dev/install/qcar2_nodes_copy/share/qcar2_nodes_copy/local_setup.zsh\n'}
[8.202035] (qcar2_nodes_copy) StdoutLine: {'line': b'-- Up-to-date: /workspaces/isaac_ros-dev/install/qcar2_nodes_copy/share/qcar2_nodes_copy/local_setup.dsv\n'}
[8.202057] (qcar2_nodes_copy) StdoutLine: {'line': b'-- Installing: /workspaces/isaac_ros-dev/install/qcar2_nodes_copy/share/qcar2_nodes_copy/package.dsv\n'}
[8.202609] (qcar2_nodes_copy) StdoutLine: {'line': b'-- Up-to-date: /workspaces/isaac_ros-dev/install/qcar2_nodes_copy/share/ament_index/resource_index/packages/qcar2_nodes_copy\n'}
[8.202827] (qcar2_nodes_copy) StdoutLine: {'line': b'-- Up-to-date: /workspaces/isaac_ros-dev/install/qcar2_nodes_copy/share/qcar2_nodes_copy/cmake/qcar2_nodes_copyConfig.cmake\n'}
[8.202870] (qcar2_nodes_copy) StdoutLine: {'line': b'-- Up-to-date: /workspaces/isaac_ros-dev/install/qcar2_nodes_copy/share/qcar2_nodes_copy/cmake/qcar2_nodes_copyConfig-version.cmake\n'}
[8.202917] (qcar2_nodes_copy) StdoutLine: {'line': b'-- Up-to-date: /workspaces/isaac_ros-dev/install/qcar2_nodes_copy/share/qcar2_nodes_copy/package.xml\n'}
[8.203663] (qcar2_nodes_copy) CommandEnded: {'returncode': 0}
[8.220450] (-) TimerEvent: {}
[8.306337] (qcar2_nodes_copy) JobEnded: {'identifier': 'qcar2_nodes_copy', 'rc': 0}
[8.306968] (-) EventReactorShutdown: {}
